Traceback (most recent call last):
  File "run.py", line 235, in <module>
    main()
  File "run.py", line 204, in main
    print('epoch:{}'.format(optimize.step_count),'time:{}'.format(train_time))
AttributeError: 'SGD_l1' object has no attribute 'step_count'
Traceback (most recent call last):
  File "run.py", line 235, in <module>
    main()
  File "run.py", line 204, in main
    print('epoch:{}'.format(epoch),'time:{}'.format(train_time))
AttributeError: 'SGD_l1' object has no attribute 'step_count'
Traceback (most recent call last):
  File "run.py", line 235, in <module>
    main()
  File "run.py", line 215, in main
    'stage':optimize.stage
AttributeError: 'SGD_l1' object has no attribute 'stage'
Traceback (most recent call last):
  File "run.py", line 235, in <module>
    main()
  File "run.py", line 215, in main
    'stage':optimize.stage
AttributeError: 'SGD_l1' object has no attribute 'stage'
Traceback (most recent call last):
  File "run.py", line 235, in <module>
    main()
  File "run.py", line 215, in main
    'stage':optimize.stage
AttributeError: 'SGD_l1' object has no attribute 'stage'
Traceback (most recent call last):
  File "run.py", line 235, in <module>
    main()
  File "run.py", line 181, in main
    for _,(X,y) in enumerate(trainloader):
  File "/nfsshare/home/linzhenwei/.conda/envs/tc/lib/python3.7/site-packages/torch/utils/data/dataloader.py", line 363, in __next__
    data = self._next_data()
  File "/nfsshare/home/linzhenwei/.conda/envs/tc/lib/python3.7/site-packages/torch/utils/data/dataloader.py", line 974, in _next_data
    idx, data = self._get_data()
  File "/nfsshare/home/linzhenwei/.conda/envs/tc/lib/python3.7/site-packages/torch/utils/data/dataloader.py", line 941, in _get_data
    success, data = self._try_get_data()
  File "/nfsshare/home/linzhenwei/.conda/envs/tc/lib/python3.7/site-packages/torch/utils/data/dataloader.py", line 779, in _try_get_data
    data = self._data_queue.get(timeout=timeout)
  File "/nfsshare/home/linzhenwei/.conda/envs/tc/lib/python3.7/multiprocessing/queues.py", line 104, in get
    if not self._poll(timeout):
  File "/nfsshare/home/linzhenwei/.conda/envs/tc/lib/python3.7/multiprocessing/connection.py", line 257, in poll
    return self._poll(timeout)
  File "/nfsshare/home/linzhenwei/.conda/envs/tc/lib/python3.7/multiprocessing/connection.py", line 414, in _poll
    r = wait([self], timeout)
  File "/nfsshare/home/linzhenwei/.conda/envs/tc/lib/python3.7/multiprocessing/connection.py", line 920, in wait
    ready = selector.select(timeout)
  File "/nfsshare/home/linzhenwei/.conda/envs/tc/lib/python3.7/selectors.py", line 415, in select
    fd_event_list = self._selector.poll(timeout)
KeyboardInterrupt
Terminated
