Sender: LSF System <lsfadmin@volta03>
Subject: Job 78601: <MLFfinaliter1e-06> in cluster <cjdx.cluster> Done

Job <MLFfinaliter1e-06> was submitted from host <alpha02> by user <linzhenwei> in cluster <cjdx.cluster> at Wed Dec 23 15:45:39 2020
Job was executed on host(s) <volta03>, in queue <volta>, as user <linzhenwei> in cluster <cjdx.cluster> at Wed Dec 23 15:52:06 2020
</nfsshare/home/linzhenwei> was used as the home directory.
</nfsshare/home/linzhenwei/MLFinal> was used as the working directory.
Started at Wed Dec 23 15:52:06 2020
Terminated at Wed Dec 23 20:03:46 2020
Results reported at Wed Dec 23 20:03:46 2020

Your job looked like:

------------------------------------------------------------
# LSBATCH: User input
python run.py --model mobilenetv1 --optimizer SGD_l1 --lambda_ 1e-06 --max_epoch 200 --batch_size 128 --learning_rate 0.1 --edition 2.0 --Np 1 --Np2 1
------------------------------------------------------------

Successfully completed.

Resource usage summary:

    CPU time :                                   58330.00 sec.
    Max Memory :                                 6283 MB
    Average Memory :                             5771.55 MB
    Total Requested Memory :                     -
    Delta Memory :                               -
    Max Swap :                                   -
    Max Processes :                              7
    Max Threads :                                23
    Run time :                                   15104 sec.
    Turnaround time :                            15487 sec.

The output (if any) follows:

modelName: MobileNetV1
Result are saving to the CSV file ./results_SGD_l1/SGD_l1_mobilenetv1_chestX_10_edi_2.0_theta_10_lam_1.0e-06.csv
epoch:1 time:37.02040886878967
density:0.9999971862056546
F:0.9464884326862707,
 f:0.8617491663956061,
 penaltyvalue:0.08473926629066467,
 accuracy:0.6185897435897436
SGD_l1 does not have stage
epoch:2 time:33.95574402809143
density:0.9999962482742062
F:0.7359375595415627,
 f:0.6511254528673683,
 penaltyvalue:0.08481210667419434,
 accuracy:0.6666666666666666
SGD_l1 does not have stage
epoch:3 time:37.76955246925354
density:0.9999981241371031
F:0.6843786571844612,
 f:0.5995126584681069,
 penaltyvalue:0.08486599871635436,
 accuracy:0.6858974358974359
SGD_l1 does not have stage
epoch:4 time:33.71108150482178
density:0.9999965609180222
F:0.678845585498112,
 f:0.593933691338795,
 penaltyvalue:0.08491189415931702,
 accuracy:0.6875
SGD_l1 does not have stage
epoch:5 time:35.524577617645264
density:0.9999968735618384
F:0.5696459402825425,
 f:0.4846857924286912,
 penaltyvalue:0.08496014785385131,
 accuracy:0.7227564102564102
SGD_l1 does not have stage
epoch:6 time:36.93436646461487
density:0.9999971862056546
F:0.6095253030678819,
 f:0.5245212454621385,
 penaltyvalue:0.08500405760574341,
 accuracy:0.7548076923076923
SGD_l1 does not have stage
epoch:7 time:33.78565454483032
density:0.9999984367809193
F:0.5413211903029651,
 f:0.4562685605956287,
 penaltyvalue:0.08505262970733642,
 accuracy:0.7532051282051282
SGD_l1 does not have stage
epoch:8 time:35.517338275909424
density:0.9999981241371031
F:0.5115760832225056,
 f:0.4264771160556049,
 penaltyvalue:0.08509896716690063,
 accuracy:0.7740384615384616
SGD_l1 does not have stage
epoch:9 time:33.86938190460205
density:0.9999956229865739
F:0.49566030982492026,
 f:0.4105176962003475,
 penaltyvalue:0.08514261362457275,
 accuracy:0.75
SGD_l1 does not have stage
epoch:10 time:34.65457367897034
density:0.9999981241371031
F:0.4864821391589002,
 f:0.4012887354304151,
 penaltyvalue:0.0851934037284851,
 accuracy:0.7323717948717948
SGD_l1 does not have stage
epoch:11 time:34.9272186756134
density:0.9999956229865739
F:0.5797265232964027,
 f:0.49447955954365613,
 penaltyvalue:0.08524696375274658,
 accuracy:0.6458333333333334
SGD_l1 does not have stage
epoch:12 time:34.42980146408081
density:0.9999956229865739
F:0.42767467641076806,
 f:0.3423814628182388,
 penaltyvalue:0.0852932135925293,
 accuracy:0.7756410256410257
SGD_l1 does not have stage
epoch:13 time:39.9611759185791
density:0.9999978114932869
F:0.3973126124234781,
 f:0.3119646815991983,
 penaltyvalue:0.08534793082427979,
 accuracy:0.7548076923076923
SGD_l1 does not have stage
epoch:14 time:35.56745219230652
density:0.9999974988494708
F:0.42184295909774594,
 f:0.3364388528393536,
 penaltyvalue:0.08540410625839233,
 accuracy:0.7227564102564102
SGD_l1 does not have stage
epoch:15 time:35.25594711303711
density:0.9999962482742062
F:0.41702440002150654,
 f:0.331571332928611,
 penaltyvalue:0.0854530670928955,
 accuracy:0.6746794871794872
SGD_l1 does not have stage
epoch:16 time:36.18341541290283
density:0.9999968735618384
F:0.3641108395604622,
 f:0.27859874796576617,
 penaltyvalue:0.08551209159469604,
 accuracy:0.7275641025641025
SGD_l1 does not have stage
epoch:17 time:35.425503969192505
density:0.9999965609180222
F:0.33906172182846067,
 f:0.2534921169281006,
 penaltyvalue:0.0855696049003601,
 accuracy:0.7243589743589743
SGD_l1 does not have stage
epoch:18 time:36.11137127876282
density:0.9999968735618384
F:0.3229710358913003,
 f:0.23734425662494288,
 penaltyvalue:0.08562677926635742,
 accuracy:0.7371794871794872
SGD_l1 does not have stage
epoch:19 time:35.46844744682312
density:0.9999978114932869
F:0.2875176849427572,
 f:0.20183507552961025,
 penaltyvalue:0.08568260941314697,
 accuracy:0.7580128205128205
SGD_l1 does not have stage
epoch:20 time:35.919671058654785
density:0.9999971862056546
F:0.3577914586741052,
 f:0.272056049326571,
 penaltyvalue:0.08573540934753418,
 accuracy:0.6987179487179487
SGD_l1 does not have stage
epoch:21 time:35.159088134765625
density:0.9999965609180222
F:0.2873521747556314,
 f:0.20154725596672152,
 penaltyvalue:0.0858049187889099,
 accuracy:0.7339743589743589
SGD_l1 does not have stage
epoch:22 time:35.639949798583984
density:0.9999971862056546
F:0.28629707812274374,
 f:0.2004435756584493,
 penaltyvalue:0.08585350246429443,
 accuracy:0.6875
SGD_l1 does not have stage
epoch:23 time:34.12809467315674
density:0.9999946850551253
F:0.270685834424484,
 f:0.18478161278294353,
 penaltyvalue:0.08590422164154052,
 accuracy:0.7580128205128205
SGD_l1 does not have stage
epoch:24 time:33.35050010681152
density:0.9999965609180222
F:0.24371521113946962,
 f:0.15775738947275209,
 penaltyvalue:0.08595782166671753,
 accuracy:0.7644230769230769
SGD_l1 does not have stage
epoch:25 time:36.220865964889526
density:0.9999949976989415
F:0.24949714842255521,
 f:0.16349299560959746,
 penaltyvalue:0.08600415281295776,
 accuracy:0.7323717948717948
SGD_l1 does not have stage
epoch:26 time:34.59594917297363
density:0.9999968735618384
F:0.2121214775916076,
 f:0.1260684434233642,
 penaltyvalue:0.0860530341682434,
 accuracy:0.7548076923076923
SGD_l1 does not have stage
epoch:27 time:34.53572368621826
density:0.999993747123677
F:0.271589995431051,
 f:0.18547405902205444,
 penaltyvalue:0.08611593640899658,
 accuracy:0.6842948717948718
SGD_l1 does not have stage
epoch:28 time:33.63090181350708
density:0.9999965609180222
F:0.22480692274060482,
 f:0.1386409808041119,
 penaltyvalue:0.08616594193649292,
 accuracy:0.7660256410256411
SGD_l1 does not have stage
epoch:29 time:35.85594725608826
density:0.9999962482742062
F:0.21151418344026657,
 f:0.12530121043687914,
 penaltyvalue:0.08621297300338744,
 accuracy:0.7724358974358975
SGD_l1 does not have stage
epoch:30 time:35.97340941429138
density:0.9999962482742062
F:0.21175483309278254,
 f:0.12549942768201594,
 penaltyvalue:0.0862554054107666,
 accuracy:0.7291666666666666
SGD_l1 does not have stage
epoch:31 time:34.270509243011475
density:0.9999993747123677
F:0.152572701770137,
 f:0.06631770012218778,
 penaltyvalue:0.08625500164794922,
 accuracy:0.7419871794871795
SGD_l1 does not have stage
epoch:32 time:34.9187433719635
density:0.9999996873561838
F:0.14150492913156892,
 f:0.055250305455268885,
 penaltyvalue:0.08625462367630005,
 accuracy:0.75
SGD_l1 does not have stage
epoch:33 time:36.10821843147278
density:0.9999987494247354
F:0.12699753043128367,
 f:0.040743463490976066,
 penaltyvalue:0.08625406694030761,
 accuracy:0.7451923076923077
SGD_l1 does not have stage
epoch:34 time:36.31955933570862
density:0.9999993747123677
F:0.11640723909633771,
 f:0.030153907812768367,
 penaltyvalue:0.08625333128356934,
 accuracy:0.75
SGD_l1 does not have stage
epoch:35 time:37.40803408622742
density:0.9999990620685515
F:0.11457552665728185,
 f:0.02832296513384435,
 penaltyvalue:0.0862525615234375,
 accuracy:0.7564102564102564
SGD_l1 does not have stage
epoch:36 time:36.41001796722412
density:0.9999974988494708
F:0.10477034122786724,
 f:0.018518541621544014,
 penaltyvalue:0.08625179960632323,
 accuracy:0.7532051282051282
SGD_l1 does not have stage
epoch:37 time:37.83039569854736
density:0.9999984367809193
F:0.10712544478495019,
 f:0.020874580061744627,
 penaltyvalue:0.08625086472320556,
 accuracy:0.7451923076923077
SGD_l1 does not have stage
epoch:38 time:37.11552953720093
density:0.9999978114932869
F:0.1028198139879827,
 f:0.016569792690527874,
 penaltyvalue:0.08625002129745483,
 accuracy:0.7596153846153846
SGD_l1 does not have stage
epoch:39 time:36.072771310806274
density:0.9999956229865739
F:0.10266213085223626,
 f:0.016413076019777758,
 penaltyvalue:0.0862490548324585,
 accuracy:0.7483974358974359
SGD_l1 does not have stage
epoch:40 time:36.55902290344238
density:0.9999965609180222
F:0.09801757651041448,
 f:0.011769564589485526,
 penaltyvalue:0.08624801192092896,
 accuracy:0.75
SGD_l1 does not have stage
epoch:41 time:39.63045930862427
density:0.9999978114932869
F:0.09712452188027451,
 f:0.010877469866877286,
 penaltyvalue:0.08624705201339722,
 accuracy:0.7580128205128205
SGD_l1 does not have stage
epoch:42 time:41.09932851791382
density:0.9999946850551253
F:0.09782505959392065,
 f:0.011579080445055918,
 penaltyvalue:0.08624597914886474,
 accuracy:0.7467948717948718
SGD_l1 does not have stage
epoch:43 time:38.272337913513184
density:0.9999956229865739
F:0.09333662626790817,
 f:0.0070916810584050124,
 penaltyvalue:0.08624494520950317,
 accuracy:0.7451923076923077
SGD_l1 does not have stage
epoch:44 time:41.62892484664917
density:0.9999978114932869
F:0.09515317336242354,
 f:0.008909380401302947,
 penaltyvalue:0.0862437929611206,
 accuracy:0.7435897435897436
SGD_l1 does not have stage
epoch:45 time:33.91494107246399
density:0.9999946850551253
F:0.09521283785278205,
 f:0.00897019483978156,
 penaltyvalue:0.08624264301300048,
 accuracy:0.7516025641025641
SGD_l1 does not have stage
epoch:46 time:36.48433208465576
density:0.9999949976989415
F:0.09212588884890896,
 f:0.005884340501435828,
 penaltyvalue:0.08624154834747313,
 accuracy:0.7628205128205128
SGD_l1 does not have stage
epoch:47 time:35.21631193161011
density:0.999993747123677
F:0.09179774112099082,
 f:0.005557368322071142,
 penaltyvalue:0.08624037279891968,
 accuracy:0.7516025641025641
SGD_l1 does not have stage
epoch:48 time:33.000696420669556
density:0.999994059767493
F:0.09367507177481181,
 f:0.007435831158967098,
 penaltyvalue:0.08623924061584472,
 accuracy:0.7532051282051282
SGD_l1 does not have stage
epoch:49 time:34.04036831855774
density:0.9999946850551253
F:0.09316147735528867,
 f:0.006923391375826989,
 penaltyvalue:0.08623808597946167,
 accuracy:0.75
SGD_l1 does not have stage
epoch:50 time:34.920899629592896
density:0.9999915586169638
F:0.09085807707205033,
 f:0.004621116691496133,
 penaltyvalue:0.0862369603805542,
 accuracy:0.75
SGD_l1 does not have stage
epoch:51 time:33.48180365562439
density:0.9999890574664345
F:0.0911213880498044,
 f:0.004885582023345661,
 penaltyvalue:0.08623580602645874,
 accuracy:0.7451923076923077
SGD_l1 does not have stage
epoch:52 time:31.34551692008972
density:0.9999881195349861
F:0.08945991483554716,
 f:0.0032252673593508763,
 penaltyvalue:0.08623464747619629,
 accuracy:0.7371794871794872
SGD_l1 does not have stage
epoch:53 time:32.457019329071045
density:0.9999943724113092
F:0.0901234365553307,
 f:0.003890009557192282,
 penaltyvalue:0.08623342699813842,
 accuracy:0.7483974358974359
SGD_l1 does not have stage
epoch:54 time:34.9977011680603
density:0.9999915586169638
F:0.08922587822546518,
 f:0.0029936301175550353,
 penaltyvalue:0.08623224810791015,
 accuracy:0.7403846153846154
SGD_l1 does not have stage
epoch:55 time:33.059200048446655
density:0.9999887448226185
F:0.0900169133715018,
 f:0.0037858444933279805,
 penaltyvalue:0.08623106887817382,
 accuracy:0.75
SGD_l1 does not have stage
epoch:56 time:34.701934814453125
density:0.9999909333293315
F:0.08917263644443552,
 f:0.0029427326701740486,
 penaltyvalue:0.08622990377426147,
 accuracy:0.7419871794871795
SGD_l1 does not have stage
epoch:57 time:31.91968584060669
density:0.9999790528643175
F:0.08903756636678163,
 f:0.002808875757803368,
 penaltyvalue:0.08622869060897827,
 accuracy:0.7435897435897436
SGD_l1 does not have stage
epoch:58 time:34.38682150840759
density:0.9999843678091922
F:0.08956085742156943,
 f:0.0033333927418514177,
 penaltyvalue:0.08622746467971801,
 accuracy:0.7387820512820513
SGD_l1 does not have stage
epoch:59 time:34.49782347679138
density:0.999985931028273
F:0.09025159909231378,
 f:0.00402536264211848,
 penaltyvalue:0.08622623645019531,
 accuracy:0.7435897435897436
SGD_l1 does not have stage
epoch:60 time:34.917248487472534
density:0.9999928091922284
F:0.08851082383598696,
 f:0.00228576278938662,
 penaltyvalue:0.08622506104660034,
 accuracy:0.7451923076923077
SGD_l1 does not have stage
epoch:61 time:34.23493766784668
density:0.9999849930968245
F:0.08861953025580696,
 f:0.002394598069680264,
 penaltyvalue:0.0862249321861267,
 accuracy:0.7483974358974359
SGD_l1 does not have stage
epoch:62 time:33.8974826335907
density:0.9999893701102507
F:0.0884406838459426,
 f:0.0022158908314162456,
 penaltyvalue:0.08622479301452636,
 accuracy:0.7483974358974359
SGD_l1 does not have stage
epoch:63 time:33.789889097213745
density:0.9999946850551253
F:0.09096140228871874,
 f:0.004736741388602773,
 penaltyvalue:0.08622466090011596,
 accuracy:0.7532051282051282
SGD_l1 does not have stage
epoch:64 time:33.37198090553284
density:0.9999968735618384
F:0.09018704578224647,
 f:0.003962508718647835,
 penaltyvalue:0.08622453706359863,
 accuracy:0.7451923076923077
SGD_l1 does not have stage
epoch:65 time:33.369080543518066
density:0.9999812413710307
F:0.09074018818277264,
 f:0.00451578363412764,
 penaltyvalue:0.08622440454864501,
 accuracy:0.7483974358974359
SGD_l1 does not have stage
epoch:66 time:34.26092743873596
density:0.9999906206855154
F:0.08888140663102986,
 f:0.002657131858385827,
 penaltyvalue:0.08622427477264404,
 accuracy:0.7451923076923077
SGD_l1 does not have stage
epoch:67 time:32.14068102836609
density:0.9999809287272146
F:0.08943235001205235,
 f:0.0032082031957986878,
 penaltyvalue:0.08622414681625366,
 accuracy:0.7548076923076923
SGD_l1 does not have stage
epoch:68 time:31.879321098327637
density:0.9999903080416992
F:0.09040476224339317,
 f:0.004180752538803329,
 penaltyvalue:0.08622400970458984,
 accuracy:0.7580128205128205
SGD_l1 does not have stage
epoch:69 time:34.35378813743591
density:0.9999862436720892
F:0.08885209731097646,
 f:0.002628220861391505,
 penaltyvalue:0.08622387644958496,
 accuracy:0.7483974358974359
SGD_l1 does not have stage
epoch:70 time:32.233460426330566
density:0.9999753011385237
F:0.09023642661587221,
 f:0.004012684340634179,
 penaltyvalue:0.08622374227523803,
 accuracy:0.7580128205128205
SGD_l1 does not have stage
epoch:71 time:32.78176259994507
density:0.9999853057406407
F:0.08996305278777085,
 f:0.0037394452133079673,
 penaltyvalue:0.08622360757446289,
 accuracy:0.7564102564102564
SGD_l1 does not have stage
epoch:72 time:33.12896275520325
density:0.9999843678091922
F:0.08844394721468775,
 f:0.002220474047268309,
 penaltyvalue:0.08622347316741943,
 accuracy:0.7435897435897436
SGD_l1 does not have stage
epoch:73 time:33.482394218444824
density:0.9999696735498329
F:0.08879120687135282,
 f:0.0025678652881008643,
 penaltyvalue:0.08622334158325196,
 accuracy:0.7596153846153846
SGD_l1 does not have stage
epoch:74 time:32.74566960334778
density:0.9999962482742062
F:0.08816733347133356,
 f:0.0019441223774309747,
 penaltyvalue:0.08622321109390259,
 accuracy:0.7467948717948718
SGD_l1 does not have stage
epoch:75 time:32.64407515525818
density:0.9999912459731477
F:0.08909886813270237,
 f:0.002875788294903298,
 penaltyvalue:0.08622307983779907,
 accuracy:0.7467948717948718
SGD_l1 does not have stage
epoch:76 time:34.36369347572327
density:0.9999871816035376
F:0.08927169113428245,
 f:0.003048743605443345,
 penaltyvalue:0.0862229475288391,
 accuracy:0.7419871794871795
SGD_l1 does not have stage
epoch:77 time:33.32865571975708
density:0.9999993747123677
F:0.08950049820515528,
 f:0.0032776822414101532,
 penaltyvalue:0.08622281596374512,
 accuracy:0.7483974358974359
SGD_l1 does not have stage
epoch:78 time:34.17407512664795
density:0.9999846804530084
F:0.08879662074805886,
 f:0.0025739343581357745,
 penaltyvalue:0.08622268638992309,
 accuracy:0.7483974358974359
SGD_l1 does not have stage
epoch:79 time:32.39416146278381
density:0.9999803034395822
F:0.088412948040315,
 f:0.002190399467774735,
 penaltyvalue:0.08622254857254028,
 accuracy:0.7516025641025641
SGD_l1 does not have stage
epoch:80 time:34.070937395095825
density:0.9999781149328691
F:0.0887524393040973,
 f:0.0025300206715899816,
 penaltyvalue:0.08622241863250732,
 accuracy:0.7451923076923077
SGD_l1 does not have stage
epoch:81 time:34.22766709327698
density:0.9999884321788023
F:0.08786783895306316,
 f:0.0016455545711967095,
 penaltyvalue:0.08622228438186645,
 accuracy:0.7467948717948718
SGD_l1 does not have stage
epoch:82 time:33.683855056762695
density:0.9999890574664345
F:0.0883777749744521,
 f:0.002155624190913286,
 penaltyvalue:0.08622215078353881,
 accuracy:0.7451923076923077
SGD_l1 does not have stage
epoch:83 time:34.46249318122864
density:0.9999978114932869
F:0.08945381318185286,
 f:0.0032317829389329547,
 penaltyvalue:0.08622203024291991,
 accuracy:0.7532051282051282
SGD_l1 does not have stage
epoch:84 time:33.6822144985199
density:0.9999912459731477
F:0.08875390056786904,
 f:0.002532013467649316,
 penaltyvalue:0.08622188710021972,
 accuracy:0.7532051282051282
SGD_l1 does not have stage
epoch:85 time:34.62104034423828
density:0.99998374252156
F:0.08817065564704286,
 f:0.001948898235086079,
 penaltyvalue:0.08622175741195678,
 accuracy:0.75
SGD_l1 does not have stage
epoch:86 time:33.940218687057495
density:0.9999753011385237
F:0.08860018207329075,
 f:0.0023785556961850424,
 penaltyvalue:0.0862216263771057,
 accuracy:0.7483974358974359
SGD_l1 does not have stage
epoch:87 time:34.89661169052124
density:0.9999812413710307
F:0.08795634566183151,
 f:0.0017348525778776624,
 penaltyvalue:0.08622149308395385,
 accuracy:0.7451923076923077
SGD_l1 does not have stage
epoch:88 time:35.18659591674805
density:0.9999887448226185
F:0.0913230674338229,
 f:0.005101708055008203,
 penaltyvalue:0.0862213593788147,
 accuracy:0.7451923076923077
SGD_l1 does not have stage
epoch:89 time:33.49820041656494
density:0.9999828045901115
F:0.0883490243277596,
 f:0.0021277985396431533,
 penaltyvalue:0.08622122578811645,
 accuracy:0.7532051282051282
SGD_l1 does not have stage
epoch:90 time:32.56510591506958
density:0.9999874942473538
F:0.0880451463858289,
 f:0.0018240528113049705,
 penaltyvalue:0.08622109357452393,
 accuracy:0.7483974358974359
SGD_l1 does not have stage
epoch:91 time:32.933964252471924
density:0.999985931028273
F:0.09416586940676883,
 f:0.007944774092742947,
 penaltyvalue:0.08622109531402587,
 accuracy:0.7532051282051282
SGD_l1 does not have stage
epoch:92 time:33.31254720687866
density:0.9999896827540669
F:0.09137387490194845,
 f:0.005152781384644985,
 penaltyvalue:0.08622109351730346,
 accuracy:0.7483974358974359
SGD_l1 does not have stage
epoch:93 time:34.29401922225952
density:0.9999812413710307
F:0.08825303290286278,
 f:0.0020319393512270435,
 penaltyvalue:0.08622109355163574,
 accuracy:0.7532051282051282
SGD_l1 does not have stage
epoch:94 time:32.56124758720398
density:0.9999887448226185
F:0.08862167043824035,
 f:0.0024005764173968447,
 penaltyvalue:0.0862210940208435,
 accuracy:0.7580128205128205
SGD_l1 does not have stage
epoch:95 time:34.34080362319946
density:0.9999843678091922
F:0.08860365909194565,
 f:0.002382565071102141,
 penaltyvalue:0.0862210940208435,
 accuracy:0.7516025641025641
SGD_l1 does not have stage
epoch:96 time:34.12924313545227
density:0.9999906206855154
F:0.08794541818301634,
 f:0.0017243247229333332,
 penaltyvalue:0.086221093460083,
 accuracy:0.75
SGD_l1 does not have stage
epoch:97 time:33.67548656463623
density:0.9999953103427577
F:0.08892421469192642,
 f:0.002703121880341957,
 penaltyvalue:0.08622109281158447,
 accuracy:0.75
SGD_l1 does not have stage
epoch:98 time:34.33382320404053
density:0.9999906206855154
F:0.08867455286194538,
 f:0.0024534591272041746,
 penaltyvalue:0.08622109373474121,
 accuracy:0.7548076923076923
SGD_l1 does not have stage
epoch:99 time:32.857277154922485
density:0.99999593563039
F:0.08820123694946212,
 f:0.001980144027251432,
 penaltyvalue:0.0862210929222107,
 accuracy:0.7451923076923077
SGD_l1 does not have stage
epoch:100 time:34.292256593704224
density:0.9999912459731477
F:0.0888573904001759,
 f:0.002636296940092906,
 penaltyvalue:0.086221093460083,
 accuracy:0.7564102564102564
SGD_l1 does not have stage
epoch:101 time:33.40259838104248
density:0.9999903080416992
F:0.08869849968036536,
 f:0.002477406098212047,
 penaltyvalue:0.08622109358215331,
 accuracy:0.7516025641025641
SGD_l1 does not have stage
epoch:102 time:34.603883504867554
density:0.9999709241250976
F:0.08810154097912733,
 f:0.0018804471871656616,
 penaltyvalue:0.08622109379196166,
 accuracy:0.7516025641025641
SGD_l1 does not have stage
epoch:103 time:33.95848894119263
density:0.9999953103427577
F:0.09060819560621675,
 f:0.0043871006126254344,
 penaltyvalue:0.0862210949935913,
 accuracy:0.7532051282051282
SGD_l1 does not have stage
epoch:104 time:34.03364372253418
density:0.9999896827540669
F:0.08920348978863211,
 f:0.0029823955236479823,
 penaltyvalue:0.08622109426498413,
 accuracy:0.7467948717948718
SGD_l1 does not have stage
epoch:105 time:33.551695108413696
density:0.9999893701102507
F:0.08973350793202967,
 f:0.003512414521537721,
 penaltyvalue:0.08622109341049194,
 accuracy:0.7532051282051282
SGD_l1 does not have stage
epoch:106 time:33.43028521537781
density:0.9999890574664345
F:0.08799298840930031,
 f:0.0017718938505844918,
 penaltyvalue:0.08622109455871582,
 accuracy:0.7483974358974359
SGD_l1 does not have stage
epoch:107 time:35.16708588600159
density:0.9999884321788023
F:0.08788893951172841,
 f:0.0016678460630894889,
 penaltyvalue:0.08622109344863892,
 accuracy:0.7596153846153846
SGD_l1 does not have stage
epoch:108 time:34.54646849632263
density:0.9999874942473538
F:0.08852613306436197,
 f:0.002305038574310701,
 penaltyvalue:0.08622109449005126,
 accuracy:0.7548076923076923
SGD_l1 does not have stage
epoch:109 time:33.5733597278595
density:0.9999824919462953
F:0.08885403143214775,
 f:0.0026329365415532686,
 penaltyvalue:0.08622109489059449,
 accuracy:0.7532051282051282
SGD_l1 does not have stage
epoch:110 time:33.49575185775757
density:0.9999924965484123
F:0.09005119909498822,
 f:0.003830102533556339,
 penaltyvalue:0.08622109656143188,
 accuracy:0.7532051282051282
SGD_l1 does not have stage
epoch:111 time:33.020785093307495
density:0.9999912459731477
F:0.08813384199020756,
 f:0.0019127463938940952,
 penaltyvalue:0.08622109559631347,
 accuracy:0.7516025641025641
SGD_l1 does not have stage
epoch:112 time:32.40667390823364
density:0.9999806160833984
F:0.089174555299419,
 f:0.0029534595924793038,
 penaltyvalue:0.0862210957069397,
 accuracy:0.7516025641025641
SGD_l1 does not have stage
epoch:113 time:34.08380484580994
density:0.9999865563159053
F:0.08938383309308574,
 f:0.003162737664618961,
 penaltyvalue:0.08622109542846679,
 accuracy:0.75
SGD_l1 does not have stage
epoch:114 time:32.57498645782471
density:0.9999884321788023
F:0.08931734116606169,
 f:0.0030962457871859576,
 penaltyvalue:0.08622109537887573,
 accuracy:0.7532051282051282
SGD_l1 does not have stage
epoch:115 time:33.668938636779785
density:0.9999856183844569
F:0.08881165442673788,
 f:0.002590558838053811,
 penaltyvalue:0.08622109558868407,
 accuracy:0.7403846153846154
SGD_l1 does not have stage
epoch:116 time:33.04403638839722
density:0.9999871816035376
F:0.09055664367391887,
 f:0.004335548131011154,
 penaltyvalue:0.08622109554290772,
 accuracy:0.7548076923076923
SGD_l1 does not have stage
epoch:117 time:33.782630443573
density:0.9999903080416992
F:0.08889178374018493,
 f:0.002670687956951286,
 penaltyvalue:0.08622109578323364,
 accuracy:0.7435897435897436
SGD_l1 does not have stage
epoch:118 time:32.3364839553833
density:0.9999912459731477
F:0.08914118787105964,
 f:0.0029200932703821398,
 penaltyvalue:0.08622109460067749,
 accuracy:0.7403846153846154
SGD_l1 does not have stage
epoch:119 time:33.00029802322388
density:0.9999909333293315
F:0.0895806669180066,
 f:0.003359572950568868,
 penaltyvalue:0.08622109396743774,
 accuracy:0.7451923076923077
SGD_l1 does not have stage
epoch:120 time:33.33738875389099
density:0.9999943724113092
F:0.08853467669797842,
 f:0.0023135827419847794,
 penaltyvalue:0.08622109395599364,
 accuracy:0.7516025641025641
SGD_l1 does not have stage
epoch:121 time:33.828935861587524
density:0.9999909333293315
F:0.08876330170430978,
 f:0.002542207672022192,
 penaltyvalue:0.08622109403228759,
 accuracy:0.7516025641025641
SGD_l1 does not have stage
epoch:122 time:33.02989387512207
density:0.9999934344798608
F:0.09043117484613063,
 f:0.004210080424743909,
 penaltyvalue:0.08622109442138672,
 accuracy:0.7451923076923077
SGD_l1 does not have stage
epoch:123 time:34.36330723762512
density:0.9999890574664345
F:0.08864457133890496,
 f:0.00242347655130732,
 penaltyvalue:0.08622109478759765,
 accuracy:0.7467948717948718
SGD_l1 does not have stage
epoch:124 time:33.55107808113098
density:0.9999868689597214
F:0.08816959035555165,
 f:0.0019484959150914375,
 penaltyvalue:0.08622109444046021,
 accuracy:0.7467948717948718
SGD_l1 does not have stage
epoch:125 time:32.02785801887512
density:0.9999884321788023
F:0.08854243271596007,
 f:0.002321338100023795,
 penaltyvalue:0.08622109461593627,
 accuracy:0.7483974358974359
SGD_l1 does not have stage
epoch:126 time:32.687499046325684
density:0.9999943724113092
F:0.08837868687634509,
 f:0.0021575912456993558,
 penaltyvalue:0.08622109563064574,
 accuracy:0.7451923076923077
SGD_l1 does not have stage
epoch:127 time:33.13539409637451
density:0.9999765517137883
F:0.08795344490046189,
 f:0.0017323495902507224,
 penaltyvalue:0.08622109531021117,
 accuracy:0.7580128205128205
SGD_l1 does not have stage
epoch:128 time:31.98022150993347
density:0.9999843678091922
F:0.08800991991859002,
 f:0.0017888241010241028,
 penaltyvalue:0.08622109581756592,
 accuracy:0.7451923076923077
SGD_l1 does not have stage
epoch:129 time:31.902533054351807
density:0.9999862436720892
F:0.08856631235092269,
 f:0.00234521735351669,
 penaltyvalue:0.086221094997406,
 accuracy:0.75
SGD_l1 does not have stage
epoch:130 time:33.96533513069153
density:0.9999796781519499
F:0.09106287113393484,
 f:0.004841776281487333,
 penaltyvalue:0.0862210948524475,
 accuracy:0.7419871794871795
SGD_l1 does not have stage
epoch:131 time:34.38636040687561
density:0.9999949976989415
F:0.08857178361023263,
 f:0.0023506884335358514,
 penaltyvalue:0.08622109517669678,
 accuracy:0.7451923076923077
SGD_l1 does not have stage
epoch:132 time:34.44420886039734
density:0.9999831172339276
F:0.08836507618885658,
 f:0.002143981538588045,
 penaltyvalue:0.08622109465026855,
 accuracy:0.7451923076923077
SGD_l1 does not have stage
epoch:133 time:32.23624086380005
density:0.9999931218360446
F:0.08869048786041077,
 f:0.0024693932330303986,
 penaltyvalue:0.08622109462738037,
 accuracy:0.7483974358974359
SGD_l1 does not have stage
epoch:134 time:33.334919452667236
density:0.9999903080416992
F:0.08813365711848882,
 f:0.0019125618883862909,
 penaltyvalue:0.08622109523010253,
 accuracy:0.7516025641025641
SGD_l1 does not have stage
epoch:135 time:33.00401329994202
density:0.99998780689117
F:0.09060922323636128,
 f:0.0043881272204311155,
 penaltyvalue:0.08622109601593017,
 accuracy:0.7483974358974359
SGD_l1 does not have stage
epoch:136 time:36.59684491157532
density:0.9999793655081337
F:0.08787055931325496,
 f:0.0016494645409161088,
 penaltyvalue:0.08622109477233886,
 accuracy:0.7532051282051282
SGD_l1 does not have stage
epoch:137 time:33.33998441696167
density:0.9999943724113092
F:0.08821049472826965,
 f:0.001989399223508904,
 penaltyvalue:0.08622109550476074,
 accuracy:0.75
SGD_l1 does not have stage
epoch:138 time:33.206894874572754
density:0.9999931218360446
F:0.0892986102581507,
 f:0.0030775156841761,
 penaltyvalue:0.0862210945739746,
 accuracy:0.7483974358974359
SGD_l1 does not have stage
epoch:139 time:34.524643421173096
density:0.9999806160833984
F:0.08828492330400345,
 f:0.0020638281158625897,
 penaltyvalue:0.08622109518814086,
 accuracy:0.75
SGD_l1 does not have stage
epoch:140 time:33.196009397506714
density:0.9999881195349861
F:0.0886372918996134,
 f:0.002416196436814328,
 penaltyvalue:0.08622109546279907,
 accuracy:0.7483974358974359
SGD_l1 does not have stage
epoch:141 time:33.61823105812073
density:0.9999903080416992
F:0.08874901832105574,
 f:0.0025279228277390866,
 penaltyvalue:0.08622109549331665,
 accuracy:0.7516025641025641
SGD_l1 does not have stage
epoch:142 time:33.99858212471008
density:0.9999956229865739
F:0.08869273789564237,
 f:0.002471641437207326,
 penaltyvalue:0.08622109645843505,
 accuracy:0.7548076923076923
SGD_l1 does not have stage
epoch:143 time:34.153929233551025
density:0.9999949976989415
F:0.08836073047024143,
 f:0.002139634217800027,
 penaltyvalue:0.0862210962524414,
 accuracy:0.7516025641025641
SGD_l1 does not have stage
epoch:144 time:32.274592876434326
density:0.9999890574664345
F:0.08937848974604432,
 f:0.003157394279430552,
 penaltyvalue:0.08622109546661376,
 accuracy:0.7435897435897436
SGD_l1 does not have stage
epoch:145 time:33.48987340927124
density:0.9999821793024791
F:0.08811768783906083,
 f:0.0018965929332075686,
 penaltyvalue:0.08622109490585327,
 accuracy:0.7548076923076923
SGD_l1 does not have stage
epoch:146 time:34.623891830444336
density:0.9999824919462953
F:0.08785457339161802,
 f:0.0016334759413616777,
 penaltyvalue:0.08622109745025634,
 accuracy:0.7467948717948718
SGD_l1 does not have stage
epoch:147 time:33.58514356613159
density:0.999989995397883
F:0.08900505202047426,
 f:0.0027839554056366222,
 penaltyvalue:0.08622109661483764,
 accuracy:0.75
SGD_l1 does not have stage
epoch:148 time:32.55193567276001
density:0.9999887448226185
F:0.08864872622780665,
 f:0.0024276290560232066,
 penaltyvalue:0.08622109717178345,
 accuracy:0.7483974358974359
SGD_l1 does not have stage
epoch:149 time:33.20069766044617
density:0.9999868689597214
F:0.08774860500860572,
 f:0.0015275092368161806,
 penaltyvalue:0.08622109577178955,
 accuracy:0.7451923076923077
SGD_l1 does not have stage
epoch:150 time:33.81261229515076
density:0.9999949976989415
F:0.08825008359650531,
 f:0.0020289870884791926,
 penaltyvalue:0.08622109650802612,
 accuracy:0.7532051282051282
SGD_l1 does not have stage
epoch:151 time:34.23027157783508
density:0.999989995397883
F:0.09136304655544977,
 f:0.00514195027630549,
 penaltyvalue:0.08622109627914429,
 accuracy:0.7467948717948718
SGD_l1 does not have stage
epoch:152 time:33.62021327018738
density:0.999981866658663
F:0.08803505732775362,
 f:0.0018139615521493664,
 penaltyvalue:0.08622109577560425,
 accuracy:0.7516025641025641
SGD_l1 does not have stage
epoch:153 time:33.58894681930542
density:0.9999846804530084
F:0.08819452606957551,
 f:0.0019734302825271718,
 penaltyvalue:0.08622109578704834,
 accuracy:0.7564102564102564
SGD_l1 does not have stage
epoch:154 time:32.662954568862915
density:0.9999965609180222
F:0.08804404825432925,
 f:0.0018229516700091885,
 penaltyvalue:0.08622109658432006,
 accuracy:0.7451923076923077
SGD_l1 does not have stage
epoch:155 time:32.80832529067993
density:0.9999881195349861
F:0.08938504303328383,
 f:0.0031639466931043963,
 penaltyvalue:0.08622109634017944,
 accuracy:0.7516025641025641
SGD_l1 does not have stage
epoch:156 time:33.47583889961243
density:0.9999946850551253
F:0.08910045652736423,
 f:0.0028793607517599877,
 penaltyvalue:0.08622109577560425,
 accuracy:0.7435897435897436
SGD_l1 does not have stage
epoch:157 time:33.06073522567749
density:0.9999843678091922
F:0.08853825532714776,
 f:0.0023171590632622744,
 penaltyvalue:0.0862210962638855,
 accuracy:0.7516025641025641
SGD_l1 does not have stage
epoch:158 time:32.87308740615845
density:0.9999806160833984
F:0.08865221855907351,
 f:0.0024311227834692634,
 penaltyvalue:0.08622109577560425,
 accuracy:0.7532051282051282
SGD_l1 does not have stage
epoch:159 time:32.927547216415405
density:0.9999834298777438
F:0.08816956268054156,
 f:0.0019484667828669998,
 penaltyvalue:0.08622109589767456,
 accuracy:0.75
SGD_l1 does not have stage
epoch:160 time:33.59333848953247
density:0.9999771770014206
F:0.08848209265192171,
 f:0.00226099675424715,
 penaltyvalue:0.08622109589767456,
 accuracy:0.7403846153846154
SGD_l1 does not have stage
epoch:161 time:32.77573013305664
density:0.9999953103427577
F:0.08889727569242861,
 f:0.0026761798405304277,
 penaltyvalue:0.08622109585189819,
 accuracy:0.7435897435897436
SGD_l1 does not have stage
epoch:162 time:32.43382668495178
density:0.9999953103427577
F:0.08948026049171678,
 f:0.0032591645253776777,
 penaltyvalue:0.0862210959663391,
 accuracy:0.7451923076923077
SGD_l1 does not have stage
epoch:163 time:32.498356103897095
density:0.9999843678091922
F:0.0889335506190405,
 f:0.00271245475188352,
 penaltyvalue:0.08622109586715698,
 accuracy:0.7467948717948718
SGD_l1 does not have stage
epoch:164 time:32.63599157333374
density:0.99998780689117
F:0.08805372605289673,
 f:0.0018326301857397506,
 penaltyvalue:0.08622109586715698,
 accuracy:0.7596153846153846
SGD_l1 does not have stage
epoch:165 time:32.02930235862732
density:0.9999884321788023
F:0.08865368110559207,
 f:0.00243258476541264,
 penaltyvalue:0.08622109634017944,
 accuracy:0.7483974358974359
SGD_l1 does not have stage
epoch:166 time:32.32240104675293
density:0.999977802289053
F:0.08891090472164395,
 f:0.0026898088697457643,
 penaltyvalue:0.08622109585189819,
 accuracy:0.7419871794871795
SGD_l1 does not have stage
epoch:167 time:33.09442496299744
density:0.9999853057406407
F:0.0878306574866817,
 f:0.0016095616042659413,
 penaltyvalue:0.08622109588241576,
 accuracy:0.7548076923076923
SGD_l1 does not have stage
epoch:168 time:32.19376587867737
density:0.9999903080416992
F:0.08948443091607085,
 f:0.0032633350489138647,
 penaltyvalue:0.08622109586715698,
 accuracy:0.7516025641025641
SGD_l1 does not have stage
epoch:169 time:33.301734924316406
density:0.9999890574664345
F:0.0886230905628456,
 f:0.0024019947414649877,
 penaltyvalue:0.08622109582138061,
 accuracy:0.7371794871794872
SGD_l1 does not have stage
epoch:170 time:33.803404569625854
density:0.99998374252156
F:0.08848301677607937,
 f:0.002261920824999035,
 penaltyvalue:0.08622109595108032,
 accuracy:0.7532051282051282
SGD_l1 does not have stage
epoch:171 time:32.553648233413696
density:0.9999809287272146
F:0.08798660721515891,
 f:0.0017655108978676542,
 penaltyvalue:0.08622109631729126,
 accuracy:0.7532051282051282
SGD_l1 does not have stage
epoch:172 time:32.865047454833984
density:0.9999909333293315
F:0.09150323660248036,
 f:0.00528214068191762,
 penaltyvalue:0.08622109592056273,
 accuracy:0.7355769230769231
SGD_l1 does not have stage
epoch:173 time:33.205344438552856
density:0.9999787402205015
F:0.08876694333769444,
 f:0.002545847516313831,
 penaltyvalue:0.08622109582138061,
 accuracy:0.7483974358974359
SGD_l1 does not have stage
epoch:174 time:33.22843861579895
density:0.9999846804530084
F:0.08950896889218705,
 f:0.003287873086065236,
 penaltyvalue:0.08622109580612182,
 accuracy:0.7403846153846154
SGD_l1 does not have stage
epoch:175 time:33.1699800491333
density:0.9999968735618384
F:0.08928129523113797,
 f:0.0030601994097573548,
 penaltyvalue:0.08622109582138061,
 accuracy:0.7339743589743589
SGD_l1 does not have stage
epoch:176 time:33.513434171676636
density:0.9999849930968245
F:0.0880469985352903,
 f:0.001825902530804231,
 penaltyvalue:0.08622109600448608,
 accuracy:0.7451923076923077
SGD_l1 does not have stage
epoch:177 time:34.03165578842163
density:0.999985931028273
F:0.0885745517200207,
 f:0.002353455730793407,
 penaltyvalue:0.0862210959892273,
 accuracy:0.7516025641025641
SGD_l1 does not have stage
epoch:178 time:33.01126766204834
density:0.9999968735618384
F:0.08858286944395494,
 f:0.00236177362257433,
 penaltyvalue:0.08622109582138061,
 accuracy:0.75
SGD_l1 does not have stage
epoch:179 time:33.67146849632263
density:0.9999803034395822
F:0.08788968957604494,
 f:0.00166859316338626,
 penaltyvalue:0.08622109641265868,
 accuracy:0.7532051282051282
SGD_l1 does not have stage
epoch:180 time:33.10307478904724
density:0.99998780689117
F:0.08826094581377043,
 f:0.0020398494926644715,
 penaltyvalue:0.08622109632110596,
 accuracy:0.7483974358974359
SGD_l1 does not have stage
epoch:181 time:32.56172966957092
density:0.9999856183844569
F:0.08839697836533589,
 f:0.002175882532511179,
 penaltyvalue:0.08622109583282471,
 accuracy:0.75
SGD_l1 does not have stage
epoch:182 time:31.85067629814148
density:0.9999884321788023
F:0.08828086759592875,
 f:0.0020597717631040367,
 penaltyvalue:0.08622109583282471,
 accuracy:0.7483974358974359
SGD_l1 does not have stage
epoch:183 time:35.15247392654419
density:0.9999853057406407
F:0.08806681950722026,
 f:0.0018457236782102504,
 penaltyvalue:0.08622109582901001,
 accuracy:0.7435897435897436
SGD_l1 does not have stage
epoch:184 time:32.590247631073
density:0.9999874942473538
F:0.08821773441171138,
 f:0.001996638582701363,
 penaltyvalue:0.08622109582901001,
 accuracy:0.75
SGD_l1 does not have stage
epoch:185 time:33.04199147224426
density:0.999989995397883
F:0.09309099909205534,
 f:0.006869903263045338,
 penaltyvalue:0.08622109582901001,
 accuracy:0.75
SGD_l1 does not have stage
epoch:186 time:32.122782468795776
density:0.9999887448226185
F:0.08876478041820955,
 f:0.00254368458919954,
 penaltyvalue:0.08622109582901001,
 accuracy:0.7451923076923077
SGD_l1 does not have stage
epoch:187 time:33.223472595214844
density:0.9999856183844569
F:0.09032783818729949,
 f:0.004106742358289477,
 penaltyvalue:0.08622109582901001,
 accuracy:0.7483974358974359
SGD_l1 does not have stage
epoch:188 time:33.19762921333313
density:0.9999787402205015
F:0.08873672304614251,
 f:0.002515627201873718,
 penaltyvalue:0.08622109584426879,
 accuracy:0.7548076923076923
SGD_l1 does not have stage
epoch:189 time:32.248302936553955
density:0.9999971862056546
F:0.08870443709167856,
 f:0.0024833407667579086,
 penaltyvalue:0.08622109632492066,
 accuracy:0.7483974358974359
SGD_l1 does not have stage
epoch:190 time:32.48571252822876
density:0.9999887448226185
F:0.0892035267437959,
 f:0.0029824304226899476,
 penaltyvalue:0.08622109632110596,
 accuracy:0.7467948717948718
SGD_l1 does not have stage
epoch:191 time:31.391823291778564
density:0.99998780689117
F:0.08962623635250766,
 f:0.003405140031401704,
 penaltyvalue:0.08622109632110596,
 accuracy:0.7483974358974359
SGD_l1 does not have stage
epoch:192 time:33.16053509712219
density:0.999979990795766
F:0.08888470588221314,
 f:0.0026636095611071897,
 penaltyvalue:0.08622109632110596,
 accuracy:0.7483974358974359
SGD_l1 does not have stage
epoch:193 time:32.04644799232483
density:0.9999915586169638
F:0.08819506611340575,
 f:0.0019739697922997903,
 penaltyvalue:0.08622109632110596,
 accuracy:0.7516025641025641
SGD_l1 does not have stage
epoch:194 time:32.37659955024719
density:0.9999796781519499
F:0.08932777425564471,
 f:0.003106677934538755,
 penaltyvalue:0.08622109632110596,
 accuracy:0.7467948717948718
SGD_l1 does not have stage
epoch:195 time:34.08053374290466
density:0.9999912459731477
F:0.08852839427759403,
 f:0.0023072979564880726,
 penaltyvalue:0.08622109632110596,
 accuracy:0.7467948717948718
SGD_l1 does not have stage
epoch:196 time:34.05572867393494
density:0.9999915586169638
F:0.08942335650762688,
 f:0.0032022601865209274,
 penaltyvalue:0.08622109632110596,
 accuracy:0.75
SGD_l1 does not have stage
epoch:197 time:32.823018074035645
density:0.999993747123677
F:0.08851033485319111,
 f:0.0022892385320851536,
 penaltyvalue:0.08622109632110596,
 accuracy:0.7516025641025641
SGD_l1 does not have stage
epoch:198 time:34.80786371231079
density:0.99998780689117
F:0.08898178169956876,
 f:0.002760685866744053,
 penaltyvalue:0.08622109583282471,
 accuracy:0.7564102564102564
SGD_l1 does not have stage
epoch:199 time:34.25069737434387
density:0.99998374252156
F:0.08850129446530297,
 f:0.0022801986324782596,
 penaltyvalue:0.08622109583282471,
 accuracy:0.7516025641025641
SGD_l1 does not have stage
epoch:200 time:33.16417717933655
density:0.9999871816035376
F:0.0894085294980241,
 f:0.003187433176918137,
 penaltyvalue:0.08622109632110596,
 accuracy:0.7596153846153846
SGD_l1 does not have stage


PS:

Read file <SGD78601.err> for stderr output of this job.

