Sender: LSF System <lsfadmin@volta01>
Subject: Job 78606: <MLFfinaliter5e-06> in cluster <cjdx.cluster> Done

Job <MLFfinaliter5e-06> was submitted from host <alpha02> by user <linzhenwei> in cluster <cjdx.cluster> at Wed Dec 23 02:46:19 2020
Job was executed on host(s) <volta01>, in queue <volta>, as user <linzhenwei> in cluster <cjdx.cluster> at Wed Dec 23 02:35:42 2020
</nfsshare/home/linzhenwei> was used as the home directory.
</nfsshare/home/linzhenwei/MLFinal> was used as the working directory.
Started at Wed Dec 23 02:35:42 2020
Terminated at Wed Dec 23 08:23:13 2020
Results reported at Wed Dec 23 08:23:13 2020

Your job looked like:

------------------------------------------------------------
# LSBATCH: User input
python run.py --model mobilenetv1 --optimizer SGD_l1 --lambda_ 5e-06 --max_epoch 200 --batch_size 128 --learning_rate 0.1 --edition 2.0 --Np 1 --Np2 1
------------------------------------------------------------

Successfully completed.

Resource usage summary:

    CPU time :                                   78633.00 sec.
    Max Memory :                                 6273 MB
    Average Memory :                             5723.61 MB
    Total Requested Memory :                     -
    Delta Memory :                               -
    Max Swap :                                   -
    Max Processes :                              7
    Max Threads :                                23
    Run time :                                   20851 sec.
    Turnaround time :                            20214 sec.

The output (if any) follows:

modelName: MobileNetV1
Result are saving to the CSV file ./results_SGD_l1/SGD_l1_mobilenetv1_chestX_10_edi_2.0_theta_10_lam_5.0e-06.csv
epoch:1 time:46.68955159187317
density:0.9999862436720892
F:1.1528314459884457,
 f:0.7290267377364926,
 penaltyvalue:0.42380470825195315,
 accuracy:0.6842948717948718
SGD_l1 does not have stage
epoch:2 time:46.83773374557495
density:0.9999828045901115
F:1.0646068976969836,
 f:0.6406304967112657,
 penaltyvalue:0.4239764009857178,
 accuracy:0.6586538461538461
SGD_l1 does not have stage
epoch:3 time:47.3617730140686
density:0.9999865563159053
F:1.1104600979128116,
 f:0.6864334308519596,
 penaltyvalue:0.42402666706085207,
 accuracy:0.717948717948718
SGD_l1 does not have stage
epoch:4 time:47.47752523422241
density:0.9999809287272146
F:1.0156011309900517,
 f:0.5915595852747196,
 penaltyvalue:0.4240415457153321,
 accuracy:0.7035256410256411
SGD_l1 does not have stage
epoch:5 time:47.51247954368591
density:0.999977802289053
F:0.9519068445466204,
 f:0.5278910820077105,
 penaltyvalue:0.42401576253890993,
 accuracy:0.7211538461538461
SGD_l1 does not have stage
epoch:6 time:46.69896078109741
density:0.9999821793024791
F:0.9394550816873226,
 f:0.5154728642324122,
 penaltyvalue:0.4239822174549103,
 accuracy:0.7387820512820513
SGD_l1 does not have stage
epoch:7 time:46.45192360877991
density:0.9999731126318107
F:0.9140735095570727,
 f:0.49011070771915155,
 penaltyvalue:0.4239628018379212,
 accuracy:0.7275641025641025
SGD_l1 does not have stage
epoch:8 time:47.860166788101196
density:0.9999815540148468
F:0.8668248421659703,
 f:0.4429264330282444,
 penaltyvalue:0.42389840913772586,
 accuracy:0.7259615384615384
SGD_l1 does not have stage
epoch:9 time:46.721922874450684
density:0.9999687356183845
F:0.8447379301827129,
 f:0.420854439095753,
 penaltyvalue:0.4238834910869599,
 accuracy:0.7339743589743589
SGD_l1 does not have stage
epoch:10 time:46.28841233253479
density:0.9999734252756268
F:0.8654361659452392,
 f:0.44155818296641836,
 penaltyvalue:0.42387798297882084,
 accuracy:0.7612179487179487
SGD_l1 does not have stage
epoch:11 time:44.85004544258118
density:0.9999712367689138
F:0.9205822530390577,
 f:0.49672334150570197,
 penaltyvalue:0.42385891153335575,
 accuracy:0.5993589743589743
SGD_l1 does not have stage
epoch:12 time:48.4039204120636
density:0.9999681103307522
F:0.8141419018245325,
 f:0.39025208935505007,
 penaltyvalue:0.42388981246948243,
 accuracy:0.7339743589743589
SGD_l1 does not have stage
epoch:13 time:48.03610038757324
density:0.999963733317326
F:0.7822709948083831,
 f:0.358369619381137,
 penaltyvalue:0.42390137542724615,
 accuracy:0.7467948717948718
SGD_l1 does not have stage
epoch:14 time:48.38992691040039
density:0.9999606068791644
F:0.7421166921430682,
 f:0.3181994095808122,
 penaltyvalue:0.4239172825622559,
 accuracy:0.75
SGD_l1 does not have stage
epoch:15 time:47.2642936706543
density:0.9999527907837605
F:0.7280520815418988,
 f:0.30410297542083553,
 penaltyvalue:0.4239491061210633,
 accuracy:0.7628205128205128
SGD_l1 does not have stage
epoch:16 time:46.54094576835632
density:0.9999581057286352
F:0.7200892429828645,
 f:0.29608777165412903,
 penaltyvalue:0.4240014713287354,
 accuracy:0.7435897435897436
SGD_l1 does not have stage
epoch:17 time:47.70218014717102
density:0.9999568551533705
F:0.6848721957463753,
 f:0.2608537299603951,
 penaltyvalue:0.42401846578598024,
 accuracy:0.7451923076923077
SGD_l1 does not have stage
epoch:18 time:49.42419481277466
density:0.9999490390579666
F:0.6849187464443067,
 f:0.2609073690524915,
 penaltyvalue:0.4240113773918152,
 accuracy:0.782051282051282
SGD_l1 does not have stage
epoch:19 time:43.55096197128296
density:0.9999484137703344
F:0.7032402925549484,
 f:0.27919395304307704,
 penaltyvalue:0.4240463395118714,
 accuracy:0.7387820512820513
SGD_l1 does not have stage
epoch:20 time:44.47633743286133
density:0.9999352827300558
F:0.668813924162446,
 f:0.24473657295471285,
 penaltyvalue:0.4240773512077332,
 accuracy:0.75
SGD_l1 does not have stage
epoch:21 time:45.393017053604126
density:0.999941848250195
F:0.6839117211240675,
 f:0.2598187490934279,
 penaltyvalue:0.42409297203063967,
 accuracy:0.7596153846153846
SGD_l1 does not have stage
epoch:22 time:47.669004678726196
density:0.9999205884706965
F:0.6087256099873055,
 f:0.18461137283139112,
 penaltyvalue:0.42411423715591434,
 accuracy:0.7548076923076923
SGD_l1 does not have stage
epoch:23 time:47.78653883934021
density:0.9999252781279389
F:0.6041622331935894,
 f:0.18002768960304377,
 penaltyvalue:0.4241345435905457,
 accuracy:0.7740384615384616
SGD_l1 does not have stage
epoch:24 time:47.387115716934204
density:0.9999243401964903
F:0.6303384325414751,
 f:0.2061302200323198,
 penaltyvalue:0.4242082125091553,
 accuracy:0.7564102564102564
SGD_l1 does not have stage
epoch:25 time:45.26911497116089
density:0.9999071447866018
F:0.6055835114497092,
 f:0.18137850757779145,
 penaltyvalue:0.4242050038719178,
 accuracy:0.7371794871794872
SGD_l1 does not have stage
epoch:26 time:39.52886772155762
density:0.9999183999639835
F:0.5922360104885335,
 f:0.1680015438213581,
 penaltyvalue:0.42423446666717535,
 accuracy:0.7596153846153846
SGD_l1 does not have stage
epoch:27 time:47.710455894470215
density:0.9999071447866018
F:0.5561315460111456,
 f:0.13190386698740283,
 penaltyvalue:0.4242276790237427,
 accuracy:0.7467948717948718
SGD_l1 does not have stage
epoch:28 time:48.39378356933594
density:0.9999193378954319
F:0.6088338542620729,
 f:0.18461349497481092,
 penaltyvalue:0.424220359287262,
 accuracy:0.7628205128205128
SGD_l1 does not have stage
epoch:29 time:46.509958028793335
density:0.9998962022530364
F:0.546552821590697,
 f:0.12234923815945299,
 penaltyvalue:0.4242035834312439,
 accuracy:0.7548076923076923
SGD_l1 does not have stage
epoch:30 time:48.22493314743042
density:0.9999018298417272
F:0.5529226798546023,
 f:0.12873047299501372,
 penaltyvalue:0.42419220685958864,
 accuracy:0.7355769230769231
SGD_l1 does not have stage
epoch:31 time:47.4284405708313
density:0.999951852852312
F:0.4986985573115146,
 f:0.07453331483028285,
 penaltyvalue:0.4241652424812317,
 accuracy:0.7419871794871795
SGD_l1 does not have stage
epoch:32 time:47.03388428688049
density:0.9999249654841227
F:0.4786784242360621,
 f:0.05454103789496713,
 penaltyvalue:0.424137386341095,
 accuracy:0.75
SGD_l1 does not have stage
epoch:33 time:47.47788333892822
density:0.9999152735258219
F:0.4653210311980364,
 f:0.04121224400473804,
 penaltyvalue:0.42410878719329836,
 accuracy:0.7532051282051282
SGD_l1 does not have stage
epoch:34 time:47.50982975959778
density:0.9998586849950978
F:0.45960868605966976,
 f:0.03552841517801692,
 penaltyvalue:0.42408027088165284,
 accuracy:0.7548076923076923
SGD_l1 does not have stage
epoch:35 time:41.85417032241821
density:0.9998424275166576
F:0.45065010350332757,
 f:0.026598951006989655,
 penaltyvalue:0.4240511524963379,
 accuracy:0.7564102564102564
SGD_l1 does not have stage
epoch:36 time:47.47273063659668
density:0.9998937011025072
F:0.44408645875414704,
 f:0.020065449041927735,
 penaltyvalue:0.4240210097122193,
 accuracy:0.7532051282051282
SGD_l1 does not have stage
epoch:37 time:47.86138153076172
density:0.9998164780799168
F:0.44293780206029737,
 f:0.018946106045893054,
 penaltyvalue:0.42399169601440434,
 accuracy:0.7516025641025641
SGD_l1 does not have stage
epoch:38 time:47.6381938457489
density:0.9998111631350421
F:0.4397214010119329,
 f:0.015759921939362112,
 penaltyvalue:0.4239614790725708,
 accuracy:0.7564102564102564
SGD_l1 does not have stage
epoch:39 time:46.42262601852417
density:0.999581682573984
F:0.43951738479053654,
 f:0.015586102193948336,
 penaltyvalue:0.4239312825965882,
 accuracy:0.7467948717948718
SGD_l1 does not have stage
epoch:40 time:46.18191432952881
density:0.9997639539188027
F:0.43748789387407466,
 f:0.01358675419511955,
 penaltyvalue:0.4239011396789551,
 accuracy:0.7451923076923077
SGD_l1 does not have stage
epoch:41 time:47.535743713378906
density:0.9996579676651259
F:0.43518796872394117,
 f:0.01131692244784861,
 penaltyvalue:0.42387104627609257,
 accuracy:0.7467948717948718
SGD_l1 does not have stage
epoch:42 time:49.392958879470825
density:0.9998621240770754
F:0.43422588605093526,
 f:0.010385568935151508,
 penaltyvalue:0.42384031711578374,
 accuracy:0.7483974358974359
SGD_l1 does not have stage
epoch:43 time:48.167426109313965
density:0.9995160273725914
F:0.43365859282178854,
 f:0.00984893091840715,
 penaltyvalue:0.4238096619033814,
 accuracy:0.7532051282051282
SGD_l1 does not have stage
epoch:44 time:46.1942822933197
density:0.9995341607139284
F:0.4304958380486362,
 f:0.006717083623587358,
 penaltyvalue:0.42377875442504886,
 accuracy:0.7532051282051282
SGD_l1 does not have stage
epoch:45 time:45.78911352157593
density:0.999461002060948
F:0.430571256407831,
 f:0.006823556250665427,
 penaltyvalue:0.42374770015716556,
 accuracy:0.7532051282051282
SGD_l1 does not have stage
epoch:46 time:48.22500681877136
density:0.9994475583768534
F:0.43000744817425385,
 f:0.006290673863188159,
 penaltyvalue:0.4237167743110657,
 accuracy:0.7580128205128205
SGD_l1 does not have stage
epoch:47 time:47.16246175765991
density:0.9991686800928427
F:0.4325184788093135,
 f:0.008832484489397668,
 penaltyvalue:0.4236859943199158,
 accuracy:0.7532051282051282
SGD_l1 does not have stage
epoch:48 time:45.50573706626892
density:0.9994434940072433
F:0.42905976583880445,
 f:0.005404559730711143,
 penaltyvalue:0.4236552061080933,
 accuracy:0.75
SGD_l1 does not have stage
epoch:49 time:46.215468645095825
density:0.9997154941272985
F:0.4277959227932363,
 f:0.004172290343132506,
 penaltyvalue:0.4236236324501038,
 accuracy:0.7451923076923077
SGD_l1 does not have stage
epoch:50 time:48.43074870109558
density:0.9990792639614222
F:0.4286384223372785,
 f:0.005046177407011117,
 penaltyvalue:0.42359224493026737,
 accuracy:0.7548076923076923
SGD_l1 does not have stage
epoch:51 time:47.87324643135071
density:0.9990189237049043
F:0.4273991293909133,
 f:0.003838546047407407,
 penaltyvalue:0.4235605833435059,
 accuracy:0.7451923076923077
SGD_l1 does not have stage
epoch:52 time:50.53214502334595
density:0.9994144181323409
F:0.42756477325195585,
 f:0.004035656011050067,
 penaltyvalue:0.4235291172409058,
 accuracy:0.7532051282051282
SGD_l1 does not have stage
epoch:53 time:49.735174894332886
density:0.9988969926166036
F:0.4268281415966626,
 f:0.0033307397488232067,
 penaltyvalue:0.4234974018478394,
 accuracy:0.7548076923076923
SGD_l1 does not have stage
epoch:54 time:46.769097328186035
density:0.9997748964523681
F:0.4284849614348699,
 f:0.00501866306450854,
 penaltyvalue:0.42346629837036137,
 accuracy:0.7532051282051282
SGD_l1 does not have stage
epoch:55 time:45.81901526451111
density:0.9987975718830662
F:0.42618940283022055,
 f:0.0027549738141072052,
 penaltyvalue:0.42343442901611333,
 accuracy:0.7532051282051282
SGD_l1 does not have stage
epoch:56 time:46.672481060028076
density:0.9984073924005042
F:0.4266038211322213,
 f:0.0032011739421272424,
 penaltyvalue:0.423402647190094,
 accuracy:0.7516025641025641
SGD_l1 does not have stage
epoch:57 time:45.38718056678772
density:0.9988754201932889
F:0.42640520352075606,
 f:0.003034260909061697,
 penaltyvalue:0.4233709426116944,
 accuracy:0.7516025641025641
SGD_l1 does not have stage
epoch:58 time:47.29143810272217
density:0.9980653600656302
F:0.42732322605775264,
 f:0.003984118868574136,
 penaltyvalue:0.4233391071891785,
 accuracy:0.7532051282051282
SGD_l1 does not have stage
epoch:59 time:48.57839226722717
density:0.9983808176761311
F:0.4259794404228023,
 f:0.0026723312003901455,
 penaltyvalue:0.42330710922241216,
 accuracy:0.7467948717948718
SGD_l1 does not have stage
epoch:60 time:44.304444313049316
density:0.9993872181203354
F:0.4280220869181001,
 f:0.004746743519052227,
 penaltyvalue:0.4232753433990479,
 accuracy:0.7548076923076923
SGD_l1 does not have stage
epoch:61 time:45.98606014251709
density:0.9987744362406707
F:0.42682410010858146,
 f:0.00355189363046254,
 penaltyvalue:0.4232722064781189,
 accuracy:0.7564102564102564
SGD_l1 does not have stage
epoch:62 time:47.39299201965332
density:0.998720661504292
F:0.42569222450064403,
 f:0.0024231510143159184,
 penaltyvalue:0.42326907348632814,
 accuracy:0.7532051282051282
SGD_l1 does not have stage
epoch:63 time:47.402743339538574
density:0.9986640729735679
F:0.42845238388103046,
 f:0.005186423855243114,
 penaltyvalue:0.42326596002578737,
 accuracy:0.7532051282051282
SGD_l1 does not have stage
epoch:64 time:39.67209005355835
density:0.9990536271684975
F:0.4252727057577225,
 f:0.002009895718202177,
 penaltyvalue:0.4232628100395203,
 accuracy:0.7548076923076923
SGD_l1 does not have stage
epoch:65 time:45.2261438369751
density:0.9995144641535106
F:0.42504724312887054,
 f:0.0017875648222909104,
 penaltyvalue:0.4232596783065796,
 accuracy:0.7532051282051282
SGD_l1 does not have stage
epoch:66 time:46.47411775588989
density:0.9982745187786382
F:0.42569489474704997,
 f:0.0024383607428384627,
 penaltyvalue:0.4232565340042115,
 accuracy:0.7548076923076923
SGD_l1 does not have stage
epoch:67 time:48.12462306022644
density:0.998841342017328
F:0.42895743379702844,
 f:0.005704021359589405,
 penaltyvalue:0.423253412437439,
 accuracy:0.7532051282051282
SGD_l1 does not have stage
epoch:68 time:48.45895576477051
density:0.9977958610961042
F:0.42676378825274053,
 f:0.0035135278424316247,
 penaltyvalue:0.4232502604103089,
 accuracy:0.75
SGD_l1 does not have stage
epoch:69 time:46.78417682647705
density:0.9984449096584429
F:0.42862927730534456,
 f:0.005382164783219285,
 penaltyvalue:0.42324711252212527,
 accuracy:0.7516025641025641
SGD_l1 does not have stage
epoch:70 time:47.33680582046509
density:0.9989079351501691
F:0.42633749086445294,
 f:0.003093501702007815,
 penaltyvalue:0.4232439891624451,
 accuracy:0.7516025641025641
SGD_l1 does not have stage
epoch:71 time:47.44670391082764
density:0.9984961832442923
F:0.4254824952308775,
 f:0.002241629924023206,
 penaltyvalue:0.4232408653068543,
 accuracy:0.7532051282051282
SGD_l1 does not have stage
epoch:72 time:46.03988862037659
density:0.9993124962482742
F:0.4266117071728236,
 f:0.0033739467815882187,
 penaltyvalue:0.4232377603912354,
 accuracy:0.7580128205128205
SGD_l1 does not have stage
epoch:73 time:45.984846353530884
density:0.9981013141044881
F:0.4263616887364246,
 f:0.003127097271428239,
 penaltyvalue:0.42323459146499637,
 accuracy:0.7516025641025641
SGD_l1 does not have stage
epoch:74 time:48.75502896308899
density:0.9976260955039318
F:0.4270026208669211,
 f:0.0037711904889608664,
 penaltyvalue:0.42323143037796024,
 accuracy:0.75
SGD_l1 does not have stage
epoch:75 time:48.60434055328369
density:0.9986553189467154
F:0.4259173268561343,
 f:0.0026890640501955115,
 penaltyvalue:0.4232282628059388,
 accuracy:0.7532051282051282
SGD_l1 does not have stage
epoch:76 time:46.97176384925842
density:0.9985477694739581
F:0.425444361918859,
 f:0.002219242843083765,
 penaltyvalue:0.4232251190757752,
 accuracy:0.7467948717948718
SGD_l1 does not have stage
epoch:77 time:43.54050827026367
density:0.9990261145126759
F:0.42670742372024123,
 f:0.0034854511784321467,
 penaltyvalue:0.4232219725418091,
 accuracy:0.7516025641025641
SGD_l1 does not have stage
epoch:78 time:46.0512900352478
density:0.9975526242071353
F:0.42682636906657057,
 f:0.0036075721457941323,
 penaltyvalue:0.4232187969207764,
 accuracy:0.7483974358974359
SGD_l1 does not have stage
epoch:79 time:47.1146183013916
density:0.9988701052484142
F:0.4260237302303885,
 f:0.0028080435848806236,
 penaltyvalue:0.42321568664550785,
 accuracy:0.7516025641025641
SGD_l1 does not have stage
epoch:80 time:46.88778305053711
density:0.9981641555115353
F:0.4255792015087023,
 f:0.00236666738623526,
 penaltyvalue:0.42321253412246707,
 accuracy:0.7516025641025641
SGD_l1 does not have stage
epoch:81 time:47.37587237358093
density:0.9992843583048202
F:0.42594038011479357,
 f:0.002731004714250292,
 penaltyvalue:0.42320937540054326,
 accuracy:0.7532051282051282
SGD_l1 does not have stage
epoch:82 time:45.779536724090576
density:0.9984605418492507
F:0.42785307118554716,
 f:0.004646803657013196,
 penaltyvalue:0.42320626752853396,
 accuracy:0.7467948717948718
SGD_l1 does not have stage
epoch:83 time:47.424076080322266
density:0.9985455809672449
F:0.42719126663446677,
 f:0.003988145372870083,
 penaltyvalue:0.4232031212615967,
 accuracy:0.7548076923076923
SGD_l1 does not have stage
epoch:84 time:47.69520378112793
density:0.9993740870800568
F:0.42769129257785704,
 f:0.0044912990628423665,
 penaltyvalue:0.4231999935150147,
 accuracy:0.7532051282051282
SGD_l1 does not have stage
epoch:85 time:48.50084686279297
density:0.9980122106168837
F:0.4255883518091908,
 f:0.0023914906565417966,
 penaltyvalue:0.423196861152649,
 accuracy:0.7532051282051282
SGD_l1 does not have stage
epoch:86 time:48.6655113697052
density:0.9991780594073274
F:0.42480711029395235,
 f:0.0016133828960336381,
 penaltyvalue:0.4231937273979187,
 accuracy:0.7516025641025641
SGD_l1 does not have stage
epoch:87 time:47.5483660697937
density:0.9992709146207255
F:0.42534704732922934,
 f:0.0021564829256953445,
 penaltyvalue:0.423190564403534,
 accuracy:0.7516025641025641
SGD_l1 does not have stage
epoch:88 time:46.608965158462524
density:0.9987312913940413
F:0.4272471340912036,
 f:0.004059741875474773,
 penaltyvalue:0.4231873922157288,
 accuracy:0.75
SGD_l1 does not have stage
epoch:89 time:46.77810287475586
density:0.9977780403985833
F:0.42495277868600434,
 f:0.0017685431322628042,
 penaltyvalue:0.4231842355537415,
 accuracy:0.7564102564102564
SGD_l1 does not have stage
epoch:90 time:49.04159355163574
density:0.9984242751665766
F:0.4245526260098279,
 f:0.0013715274342358476,
 penaltyvalue:0.42318109857559205,
 accuracy:0.7548076923076923
SGD_l1 does not have stage
epoch:91 time:49.44683885574341
density:0.9991083398363247
F:0.4252297580245751,
 f:0.0020488302902000525,
 penaltyvalue:0.42318092773437505,
 accuracy:0.7516025641025641
SGD_l1 does not have stage
epoch:92 time:45.20533752441406
density:0.998356744102287
F:0.4254975559394884,
 f:0.0023168100898790104,
 penaltyvalue:0.4231807458496094,
 accuracy:0.7548076923076923
SGD_l1 does not have stage
epoch:93 time:47.739253759384155
density:0.9983248544330392
F:0.42618042183917565,
 f:0.002999857263980297,
 penaltyvalue:0.4231805645751954,
 accuracy:0.7483974358974359
SGD_l1 does not have stage
epoch:94 time:48.66995024681091
density:0.9989263811353223
F:0.42551226689094274,
 f:0.002331879279553527,
 penaltyvalue:0.4231803876113892,
 accuracy:0.7435897435897436
SGD_l1 does not have stage
epoch:95 time:48.78877258300781
density:0.9976804955279428
F:0.42494455875114473,
 f:0.0017643462534335146,
 penaltyvalue:0.4231802124977112,
 accuracy:0.7483974358974359
SGD_l1 does not have stage
epoch:96 time:48.24076843261719
density:0.9982445049722872
F:0.42510967325970894,
 f:0.0019296392707563027,
 penaltyvalue:0.42318003398895265,
 accuracy:0.7516025641025641
SGD_l1 does not have stage
epoch:97 time:47.29613709449768
density:0.9997330021810032
F:0.42543806492875724,
 f:0.002258208151566001,
 penaltyvalue:0.4231798567771912,
 accuracy:0.7532051282051282
SGD_l1 does not have stage
epoch:98 time:46.65097951889038
density:0.997680808171759
F:0.4261050011379088,
 f:0.002925326226409752,
 penaltyvalue:0.42317967491149905,
 accuracy:0.7532051282051282
SGD_l1 does not have stage
epoch:99 time:49.27903509140015
density:0.9990723857974668
F:0.4264101936127346,
 f:0.0032306913735072424,
 penaltyvalue:0.42317950223922735,
 accuracy:0.7532051282051282
SGD_l1 does not have stage
epoch:100 time:44.69511032104492
density:0.9984617924245153
F:0.4262147426668991,
 f:0.003035406519590718,
 penaltyvalue:0.4231793361473084,
 accuracy:0.7532051282051282
SGD_l1 does not have stage
epoch:101 time:47.1437509059906
density:0.9983092222422314
F:0.42687085078456966,
 f:0.0036917010424431505,
 penaltyvalue:0.4231791497421265,
 accuracy:0.7451923076923077
SGD_l1 does not have stage
epoch:102 time:44.68286180496216
density:0.9979950152069952
F:0.42782369118588365,
 f:0.004644717873505703,
 penaltyvalue:0.42317897331237797,
 accuracy:0.7532051282051282
SGD_l1 does not have stage
epoch:103 time:48.01881647109985
density:0.9986671994117294
F:0.4251867660405837,
 f:0.0020079692533217005,
 penaltyvalue:0.423178796787262,
 accuracy:0.7532051282051282
SGD_l1 does not have stage
epoch:104 time:47.937211990356445
density:0.9991233467395002
F:0.42559704977033663,
 f:0.0024184269714169204,
 penaltyvalue:0.4231786227989197,
 accuracy:0.7532051282051282
SGD_l1 does not have stage
epoch:105 time:48.95390272140503
density:0.9992734157712547
F:0.42529584243366886,
 f:0.0021173913342730573,
 penaltyvalue:0.4231784510993958,
 accuracy:0.7483974358974359
SGD_l1 does not have stage
epoch:106 time:48.50059247016907
density:0.9980581692578586
F:0.4254221580150033,
 f:0.00224388212465295,
 penaltyvalue:0.4231782758903504,
 accuracy:0.7483974358974359
SGD_l1 does not have stage
epoch:107 time:44.14729380607605
density:0.9980222152190007
F:0.42557232481747054,
 f:0.0023942370870627646,
 penaltyvalue:0.42317808773040777,
 accuracy:0.7532051282051282
SGD_l1 does not have stage
epoch:108 time:46.253700494766235
density:0.9992465284030654
F:0.4256387508208146,
 f:0.0024608407217850225,
 penaltyvalue:0.42317791009902955,
 accuracy:0.7532051282051282
SGD_l1 does not have stage
epoch:109 time:47.886788845062256
density:0.997952495647998
F:0.42674474014343267,
 f:0.003567002602233892,
 penaltyvalue:0.42317773754119875,
 accuracy:0.7548076923076923
SGD_l1 does not have stage
epoch:110 time:47.336873054504395
density:0.9984836774916461
F:0.42513746714311473,
 f:0.0019599066801630413,
 penaltyvalue:0.4231775604629517,
 accuracy:0.7548076923076923
SGD_l1 does not have stage
epoch:111 time:49.371909856796265
density:0.9996054435040118
F:0.42521421838120493,
 f:0.0020368326123145113,
 penaltyvalue:0.4231773857688904,
 accuracy:0.75
SGD_l1 does not have stage
epoch:112 time:44.82392239570618
density:0.9987072178201973
F:0.4252328979544724,
 f:0.0020556951384627965,
 penaltyvalue:0.42317720281600957,
 accuracy:0.7483974358974359
SGD_l1 does not have stage
epoch:113 time:42.51019620895386
density:0.9986603212477739
F:0.42611836345335474,
 f:0.002941332699265331,
 penaltyvalue:0.4231770307540894,
 accuracy:0.7532051282051282
SGD_l1 does not have stage
epoch:114 time:46.55461263656616
density:0.9994975813874383
F:0.42478727553347084,
 f:0.0016104138467642592,
 penaltyvalue:0.4231768616867066,
 accuracy:0.7532051282051282
SGD_l1 does not have stage
epoch:115 time:46.7347948551178
density:0.9987040913820358
F:0.42514351573789905,
 f:0.001966833895095056,
 penaltyvalue:0.423176681842804,
 accuracy:0.7516025641025641
SGD_l1 does not have stage
epoch:116 time:48.75690722465515
density:0.9994541238969926
F:0.4259562465229108,
 f:0.0027797356739117786,
 penaltyvalue:0.42317651084899904,
 accuracy:0.7548076923076923
SGD_l1 does not have stage
epoch:117 time:49.836984634399414
density:0.9989373236688877
F:0.42807397622583504,
 f:0.004897645888310607,
 penaltyvalue:0.42317633033752444,
 accuracy:0.7516025641025641
SGD_l1 does not have stage
epoch:118 time:48.36922836303711
density:0.9980797416811733
F:0.424780516324981,
 f:0.0016043574390251461,
 penaltyvalue:0.42317615888595583,
 accuracy:0.7467948717948718
SGD_l1 does not have stage
epoch:119 time:47.11348843574524
density:0.9982348130139864
F:0.4251671675046016,
 f:0.001991190541558331,
 penaltyvalue:0.42317597696304327,
 accuracy:0.75
SGD_l1 does not have stage
epoch:120 time:47.3040075302124
density:0.9983711257178302
F:0.4252241522228823,
 f:0.0020483520901307646,
 penaltyvalue:0.4231758001327515,
 accuracy:0.75
SGD_l1 does not have stage
epoch:121 time:43.58695721626282
density:0.9983314199531784
F:0.42589574306812367,
 f:0.0027199426492698856,
 penaltyvalue:0.4231758004188538,
 accuracy:0.7564102564102564
SGD_l1 does not have stage
epoch:122 time:48.01262164115906
density:0.9992377743762131
F:0.42506216309801453,
 f:0.0018863664938579881,
 penaltyvalue:0.42317579660415655,
 accuracy:0.75
SGD_l1 does not have stage
epoch:123 time:46.400108337402344
density:0.9982191808231786
F:0.42461078212371006,
 f:0.0014349857484353933,
 penaltyvalue:0.4231757963752747,
 accuracy:0.7548076923076923
SGD_l1 does not have stage
epoch:124 time:46.18428039550781
density:0.9998117884226745
F:0.4251908402794486,
 f:0.002015041157591906,
 penaltyvalue:0.4231757991218567,
 accuracy:0.7483974358974359
SGD_l1 does not have stage
epoch:125 time:47.85188698768616
density:0.9992058847069653
F:0.42449364017065844,
 f:0.0013178430324443048,
 penaltyvalue:0.4231757971382141,
 accuracy:0.7483974358974359
SGD_l1 does not have stage
epoch:126 time:46.019482135772705
density:0.9992474663345139
F:0.424826391014375,
 f:0.0016505950777905016,
 penaltyvalue:0.4231757959365845,
 accuracy:0.7516025641025641
SGD_l1 does not have stage
epoch:127 time:47.55305099487305
density:0.9986837695339856
F:0.4279988720373914,
 f:0.004823074498634059,
 penaltyvalue:0.42317579753875734,
 accuracy:0.7532051282051282
SGD_l1 does not have stage
epoch:128 time:46.49687719345093
density:0.9976461047081657
F:0.4254697002690858,
 f:0.00229390549598398,
 penaltyvalue:0.42317579477310185,
 accuracy:0.7516025641025641
SGD_l1 does not have stage
epoch:129 time:46.86718201637268
density:0.9986106108810052
F:0.42470951325980083,
 f:0.001533714424046438,
 penaltyvalue:0.4231757988357544,
 accuracy:0.7532051282051282
SGD_l1 does not have stage
epoch:130 time:49.43153524398804
density:0.9997089286071593
F:0.4255302454011022,
 f:0.002354452783304335,
 penaltyvalue:0.42317579261779786,
 accuracy:0.75
SGD_l1 does not have stage
epoch:131 time:50.218518018722534
density:0.9994519353902795
F:0.4259217401999917,
 f:0.002745947048136192,
 penaltyvalue:0.4231757931518555,
 accuracy:0.7483974358974359
SGD_l1 does not have stage
epoch:132 time:47.541600465774536
density:0.9979168542529564
F:0.42546387828290877,
 f:0.0022880847114365457,
 penaltyvalue:0.4231757935714722,
 accuracy:0.7483974358974359
SGD_l1 does not have stage
epoch:133 time:45.668455839157104
density:0.9988060132661024
F:0.4251195401845832,
 f:0.001943744019116843,
 penaltyvalue:0.42317579616546636,
 accuracy:0.7516025641025641
SGD_l1 does not have stage
epoch:134 time:47.26421070098877
density:0.9982607624507274
F:0.42683706477677047,
 f:0.00366127135788613,
 penaltyvalue:0.42317579341888434,
 accuracy:0.7435897435897436
SGD_l1 does not have stage
epoch:135 time:45.6955041885376
density:0.9990164225543751
F:0.4255349700168062,
 f:0.002359174900381576,
 penaltyvalue:0.4231757951164246,
 accuracy:0.7483974358974359
SGD_l1 does not have stage
epoch:136 time:49.90397834777832
density:0.9987034660944034
F:0.42550778689321545,
 f:0.0023319950574304817,
 penaltyvalue:0.42317579183578496,
 accuracy:0.7467948717948718
SGD_l1 does not have stage
epoch:137 time:47.09245204925537
density:0.9975998334233748
F:0.42540342839536555,
 f:0.002227635243510055,
 penaltyvalue:0.4231757931518555,
 accuracy:0.7483974358974359
SGD_l1 does not have stage
epoch:138 time:46.28020358085632
density:0.9973447160693919
F:0.42622406714456296,
 f:0.003048273172547541,
 penaltyvalue:0.42317579397201543,
 accuracy:0.75
SGD_l1 does not have stage
epoch:139 time:46.456138134002686
density:0.9990589421133722
F:0.42577012173329826,
 f:0.0025943245187901504,
 penaltyvalue:0.4231757972145081,
 accuracy:0.7532051282051282
SGD_l1 does not have stage
epoch:140 time:47.65110945701599
density:0.9973503436580827
F:0.42586907493315,
 f:0.0026932849474932724,
 penaltyvalue:0.42317578998565675,
 accuracy:0.7548076923076923
SGD_l1 does not have stage
epoch:141 time:47.775962352752686
density:0.9985440177481641
F:0.42530180488978403,
 f:0.002126016773328912,
 penaltyvalue:0.4231757881164551,
 accuracy:0.7516025641025641
SGD_l1 does not have stage
epoch:142 time:46.54819130897522
density:0.9977595944134302
F:0.42539264861129544,
 f:0.002216865568387708,
 penaltyvalue:0.42317578304290776,
 accuracy:0.7467948717948718
SGD_l1 does not have stage
epoch:143 time:45.416414737701416
density:0.9982732682033736
F:0.4249076091701283,
 f:0.0017318250781788332,
 penaltyvalue:0.4231757840919495,
 accuracy:0.7467948717948718
SGD_l1 does not have stage
epoch:144 time:47.72218918800354
density:0.9984877418612562
F:0.4249988654820762,
 f:0.0018230822865805793,
 penaltyvalue:0.42317578319549565,
 accuracy:0.7516025641025641
SGD_l1 does not have stage
epoch:145 time:46.64451050758362
density:0.9977305185385277
F:0.42609249842428853,
 f:0.002916713378664742,
 penaltyvalue:0.4231757850456238,
 accuracy:0.7548076923076923
SGD_l1 does not have stage
epoch:146 time:47.267518758773804
density:0.9976764311583328
F:0.42812007565439797,
 f:0.004944290322671849,
 penaltyvalue:0.4231757853317261,
 accuracy:0.7532051282051282
SGD_l1 does not have stage
epoch:147 time:47.49310064315796
density:0.9988041374032055
F:0.42489180423286455,
 f:0.0017160255768586222,
 penaltyvalue:0.4231757786560059,
 accuracy:0.7483974358974359
SGD_l1 does not have stage
epoch:148 time:45.61760115623474
density:0.9981478980330952
F:0.42509899452090905,
 f:0.0019232137668196384,
 penaltyvalue:0.4231757807540894,
 accuracy:0.7516025641025641
SGD_l1 does not have stage
epoch:149 time:47.438443422317505
density:0.9985268223382756
F:0.42563780437585835,
 f:0.0024620222294044385,
 penaltyvalue:0.4231757821464539,
 accuracy:0.7532051282051282
SGD_l1 does not have stage
epoch:150 time:46.46468639373779
density:0.9975979575604779
F:0.4254664585894542,
 f:0.0022906721896128503,
 penaltyvalue:0.4231757863998413,
 accuracy:0.75
SGD_l1 does not have stage
epoch:151 time:48.200971364974976
density:0.9996154481061288
F:0.42714881498086793,
 f:0.003973028504732632,
 penaltyvalue:0.4231757864761353,
 accuracy:0.7516025641025641
SGD_l1 does not have stage
epoch:152 time:46.28159713745117
density:0.9986731396442363
F:0.42615763396418654,
 f:0.002981848403578624,
 penaltyvalue:0.4231757855606079,
 accuracy:0.7548076923076923
SGD_l1 does not have stage
epoch:153 time:44.00432300567627
density:0.9987916316505593
F:0.42721983526809737,
 f:0.004044047914581691,
 penaltyvalue:0.4231757873535157,
 accuracy:0.75
SGD_l1 does not have stage
epoch:154 time:43.45190691947937
density:0.9986734522880525
F:0.4249034626758231,
 f:0.0017276755321157596,
 penaltyvalue:0.4231757871437073,
 accuracy:0.7467948717948718
SGD_l1 does not have stage
epoch:155 time:47.485522985458374
density:0.997491658662985
F:0.4257771921589117,
 f:0.0026014047481755656,
 penaltyvalue:0.42317578741073614,
 accuracy:0.7532051282051282
SGD_l1 does not have stage
epoch:156 time:47.02130317687988
density:0.9990708225783861
F:0.4259654725783355,
 f:0.0027896851675993785,
 penaltyvalue:0.42317578741073614,
 accuracy:0.7483974358974359
SGD_l1 does not have stage
epoch:157 time:46.3531551361084
density:0.9983045325849891
F:0.4261656413624218,
 f:0.002989859235041389,
 penaltyvalue:0.4231757821273804,
 accuracy:0.7548076923076923
SGD_l1 does not have stage
epoch:158 time:47.54808473587036
density:0.9978221231766613
F:0.42480139700157615,
 f:0.0016256152175185157,
 penaltyvalue:0.4231757817840576,
 accuracy:0.75
SGD_l1 does not have stage
epoch:159 time:46.66360116004944
density:0.9998164780799168
F:0.4266719082006894,
 f:0.003496121152349543,
 penaltyvalue:0.42317578704833986,
 accuracy:0.7516025641025641
SGD_l1 does not have stage
epoch:160 time:45.29351592063904
density:0.9985340131460472
F:0.42639108220933875,
 f:0.0032152999675173948,
 penaltyvalue:0.42317578224182134,
 accuracy:0.7532051282051282
SGD_l1 does not have stage
epoch:161 time:46.34459137916565
density:0.9992746663465194
F:0.4254961027477107,
 f:0.002320315966399659,
 penaltyvalue:0.42317578678131107,
 accuracy:0.75
SGD_l1 does not have stage
epoch:162 time:47.07187342643738
density:0.9983270429397523
F:0.42544803710884055,
 f:0.0022722496218104825,
 penaltyvalue:0.42317578748703005,
 accuracy:0.7516025641025641
SGD_l1 does not have stage
epoch:163 time:49.38505530357361
density:0.9979831347419813
F:0.42529146264807305,
 f:0.002115675923982408,
 penaltyvalue:0.4231757867240906,
 accuracy:0.7532051282051282
SGD_l1 does not have stage
epoch:164 time:45.866777420043945
density:0.9979481186345719
F:0.4259634359354258,
 f:0.0027876486391306106,
 penaltyvalue:0.4231757872962952,
 accuracy:0.75
SGD_l1 does not have stage
epoch:165 time:47.600895166397095
density:0.997990638193569
F:0.4254051735016745,
 f:0.002229386243526256,
 penaltyvalue:0.42317578725814825,
 accuracy:0.75
SGD_l1 does not have stage
epoch:166 time:47.00837802886963
density:0.9979168542529564
F:0.4253407788099067,
 f:0.0021649916661994123,
 penaltyvalue:0.4231757871437073,
 accuracy:0.75
SGD_l1 does not have stage
epoch:167 time:48.46255922317505
density:0.9980219025751846
F:0.4261907322805039,
 f:0.0030149500959030374,
 penaltyvalue:0.4231757821846009,
 accuracy:0.7483974358974359
SGD_l1 does not have stage
epoch:168 time:47.64875793457031
density:0.9988469696060188
F:0.4248627298000192,
 f:0.0016869474628304199,
 penaltyvalue:0.4231757823371888,
 accuracy:0.7483974358974359
SGD_l1 does not have stage
epoch:169 time:45.94960808753967
density:0.9977780403985833
F:0.42494070857885413,
 f:0.0017649262416653518,
 penaltyvalue:0.4231757823371888,
 accuracy:0.75
SGD_l1 does not have stage
epoch:170 time:46.098881483078
density:0.9977749139604218
F:0.42565479978418796,
 f:0.002479017656807583,
 penaltyvalue:0.4231757821273804,
 accuracy:0.7516025641025641
SGD_l1 does not have stage
epoch:171 time:45.85776233673096
density:0.9981941693178862
F:0.4269619623986064,
 f:0.0037861802521525177,
 penaltyvalue:0.4231757821464539,
 accuracy:0.7564102564102564
SGD_l1 does not have stage
epoch:172 time:45.15990471839905
density:0.9980569186825939
F:0.42624393822776635,
 f:0.003068155242079051,
 penaltyvalue:0.4231757829856873,
 accuracy:0.7435897435897436
SGD_l1 does not have stage
epoch:173 time:46.6747145652771
density:0.9978580772155191
F:0.4253624507976028,
 f:0.002186667888209496,
 penaltyvalue:0.42317578290939334,
 accuracy:0.7516025641025641
SGD_l1 does not have stage
epoch:174 time:46.87689757347107
density:0.9987147212717851
F:0.4253521891094967,
 f:0.0021764069821163102,
 penaltyvalue:0.4231757821273804,
 accuracy:0.7532051282051282
SGD_l1 does not have stage
epoch:175 time:48.41580653190613
density:0.9981035026112012
F:0.42495454968388513,
 f:0.0017787674420638147,
 penaltyvalue:0.42317578224182134,
 accuracy:0.7532051282051282
SGD_l1 does not have stage
epoch:176 time:48.250725984573364
density:0.9981350796366328
F:0.4250620579551565,
 f:0.001886275274644992,
 penaltyvalue:0.42317578268051154,
 accuracy:0.75
SGD_l1 does not have stage
epoch:177 time:47.04861927032471
density:0.9978974703363547
F:0.425020462450404,
 f:0.0018446794647166915,
 penaltyvalue:0.4231757829856873,
 accuracy:0.75
SGD_l1 does not have stage
epoch:178 time:48.054473876953125
density:0.9983648728415071
F:0.42719160743447865,
 f:0.004015824753967136,
 penaltyvalue:0.42317578268051154,
 accuracy:0.7516025641025641
SGD_l1 does not have stage
epoch:179 time:47.86663269996643
density:0.9982173049602817
F:0.42676972556922865,
 f:0.0035939428887170988,
 penaltyvalue:0.42317578268051154,
 accuracy:0.7483974358974359
SGD_l1 does not have stage
epoch:180 time:47.511762857437134
density:0.9979343623066611
F:0.4257509637822402,
 f:0.0025751811208021714,
 penaltyvalue:0.423175782661438,
 accuracy:0.75
SGD_l1 does not have stage
epoch:181 time:46.73981308937073
density:0.9976470426396142
F:0.4260312262501318,
 f:0.002855443283518004,
 penaltyvalue:0.4231757829666138,
 accuracy:0.7483974358974359
SGD_l1 does not have stage
epoch:182 time:45.40819191932678
density:0.9987688086519799
F:0.42505607511838445,
 f:0.001880292151770668,
 penaltyvalue:0.4231757829666138,
 accuracy:0.7548076923076923
SGD_l1 does not have stage
epoch:183 time:47.0770480632782
density:0.9977474013046002
F:0.42571729744502185,
 f:0.0025415144784080726,
 penaltyvalue:0.4231757829666138,
 accuracy:0.7516025641025641
SGD_l1 does not have stage
epoch:184 time:46.339261531829834
density:0.9981916681673569
F:0.42520632864397434,
 f:0.0020305459634628055,
 penaltyvalue:0.42317578268051154,
 accuracy:0.7548076923076923
SGD_l1 does not have stage
epoch:185 time:46.72584581375122
density:0.9980572313264101
F:0.42683729588980907,
 f:0.0036615132092975263,
 penaltyvalue:0.42317578268051154,
 accuracy:0.7467948717948718
SGD_l1 does not have stage
epoch:186 time:45.31764197349548
density:0.998247944054265
F:0.42504307075955616,
 f:0.0018672880790446226,
 penaltyvalue:0.42317578268051154,
 accuracy:0.7532051282051282
SGD_l1 does not have stage
epoch:187 time:46.97403359413147
density:0.9982617003821758
F:0.42535547036281224,
 f:0.002179687682300715,
 penaltyvalue:0.42317578268051154,
 accuracy:0.75
SGD_l1 does not have stage
epoch:188 time:45.04942774772644
density:0.9981028773235688
F:0.4254250777130152,
 f:0.002249295032503674,
 penaltyvalue:0.42317578268051154,
 accuracy:0.7467948717948718
SGD_l1 does not have stage
epoch:189 time:47.08292889595032
density:0.9986446890569662
F:0.4257916426751877,
 f:0.002615859994676146,
 penaltyvalue:0.42317578268051154,
 accuracy:0.75
SGD_l1 does not have stage
epoch:190 time:47.980685234069824
density:0.9983786291694179
F:0.4252814688509808,
 f:0.0021056861704692427,
 penaltyvalue:0.42317578268051154,
 accuracy:0.7483974358974359
SGD_l1 does not have stage
epoch:191 time:48.63356065750122
density:0.9985090016407547
F:0.42566235139001757,
 f:0.00248656870950604,
 penaltyvalue:0.42317578268051154,
 accuracy:0.7451923076923077
SGD_l1 does not have stage
epoch:192 time:46.71402835845947
density:0.9992071352822298
F:0.4251231282603155,
 f:0.0019473455798039894,
 penaltyvalue:0.42317578268051154,
 accuracy:0.7467948717948718
SGD_l1 does not have stage
epoch:193 time:47.18373131752014
density:0.9982323118634572
F:0.42565143715001874,
 f:0.002475655690210349,
 penaltyvalue:0.4231757814598084,
 accuracy:0.7483974358974359
SGD_l1 does not have stage
epoch:194 time:48.708521366119385
density:0.9985408913100026
F:0.42531829212203853,
 f:0.0021425106622301408,
 penaltyvalue:0.4231757814598084,
 accuracy:0.7467948717948718
SGD_l1 does not have stage
epoch:195 time:43.08692407608032
density:0.9991217835204194
F:0.4263803871197667,
 f:0.0032046056599583385,
 penaltyvalue:0.4231757814598084,
 accuracy:0.75
SGD_l1 does not have stage
epoch:196 time:46.89344263076782
density:0.9985574614322589
F:0.42602951505986364,
 f:0.0028537323793521286,
 penaltyvalue:0.42317578268051154,
 accuracy:0.75
SGD_l1 does not have stage
epoch:197 time:40.62624216079712
density:0.9973412769874143
F:0.42593658385237276,
 f:0.0027608011718612256,
 penaltyvalue:0.42317578268051154,
 accuracy:0.7516025641025641
SGD_l1 does not have stage
epoch:198 time:45.340155601501465
density:0.9985205694619524
F:0.4257205467251039,
 f:0.002544764044592384,
 penaltyvalue:0.42317578268051154,
 accuracy:0.7532051282051282
SGD_l1 does not have stage
epoch:199 time:46.30429482460022
density:0.9987653695700022
F:0.42611582235763673,
 f:0.0029400396771251973,
 penaltyvalue:0.42317578268051154,
 accuracy:0.7483974358974359
SGD_l1 does not have stage
epoch:200 time:42.7112991809845
density:0.9989195029713668
F:0.4258390863037809,
 f:0.00266330469138466,
 penaltyvalue:0.4231757816123963,
 accuracy:0.75
SGD_l1 does not have stage


PS:

Read file <SGD78606.err> for stderr output of this job.

