Sender: LSF System <lsfadmin@volta03>
Subject: Job 78602: <MLFfinaliter2e-06> in cluster <cjdx.cluster> Done

Job <MLFfinaliter2e-06> was submitted from host <alpha02> by user <linzhenwei> in cluster <cjdx.cluster> at Wed Dec 23 15:45:49 2020
Job was executed on host(s) <volta03>, in queue <volta>, as user <linzhenwei> in cluster <cjdx.cluster> at Wed Dec 23 15:52:16 2020
</nfsshare/home/linzhenwei> was used as the home directory.
</nfsshare/home/linzhenwei/MLFinal> was used as the working directory.
Started at Wed Dec 23 15:52:16 2020
Terminated at Wed Dec 23 20:03:51 2020
Results reported at Wed Dec 23 20:03:51 2020

Your job looked like:

------------------------------------------------------------
# LSBATCH: User input
python run.py --model mobilenetv1 --optimizer SGD_l1 --lambda_ 2e-06 --max_epoch 200 --batch_size 128 --learning_rate 0.1 --edition 2.0 --Np 1 --Np2 1
------------------------------------------------------------

Successfully completed.

Resource usage summary:

    CPU time :                                   58268.00 sec.
    Max Memory :                                 6294 MB
    Average Memory :                             5764.28 MB
    Total Requested Memory :                     -
    Delta Memory :                               -
    Max Swap :                                   -
    Max Processes :                              7
    Max Threads :                                23
    Run time :                                   15095 sec.
    Turnaround time :                            15482 sec.

The output (if any) follows:

modelName: MobileNetV1
Result are saving to the CSV file ./results_SGD_l1/SGD_l1_mobilenetv1_chestX_10_edi_2.0_theta_10_lam_2.0e-06.csv
epoch:1 time:35.94755840301514
density:0.9999965609180222
F:0.9850771474864308,
 f:0.8156505328852955,
 penaltyvalue:0.16942661460113526,
 accuracy:0.6217948717948718
SGD_l1 does not have stage
epoch:2 time:32.869863510131836
density:0.9999949976989415
F:1.0007487067826433,
 f:0.8311859194825335,
 penaltyvalue:0.16956278730010985,
 accuracy:0.6362179487179487
SGD_l1 does not have stage
epoch:3 time:35.61999011039734
density:0.9999962482742062
F:0.7874376139999948,
 f:0.6177841933762155,
 penaltyvalue:0.16965342062377928,
 accuracy:0.6858974358974359
SGD_l1 does not have stage
epoch:4 time:35.13629460334778
density:0.9999928091922284
F:0.729667418134038,
 f:0.559940112073247,
 penaltyvalue:0.169727306060791,
 accuracy:0.7019230769230769
SGD_l1 does not have stage
epoch:5 time:35.29198384284973
density:0.9999956229865739
F:0.7437111109592623,
 f:0.5739146143924899,
 penaltyvalue:0.16979649656677245,
 accuracy:0.7099358974358975
SGD_l1 does not have stage
epoch:6 time:33.95213484764099
density:0.9999962482742062
F:0.7114030161497535,
 f:0.5415530437376441,
 penaltyvalue:0.16984997241210936,
 accuracy:0.7419871794871795
SGD_l1 does not have stage
epoch:7 time:34.605289697647095
density:0.9999934344798608
F:0.6278027847170946,
 f:0.4578858148760912,
 penaltyvalue:0.1699169698410034,
 accuracy:0.7628205128205128
SGD_l1 does not have stage
epoch:8 time:35.909526109695435
density:0.9999918712607799
F:0.6387753774851357,
 f:0.4687990764292275,
 penaltyvalue:0.1699763010559082,
 accuracy:0.7467948717948718
SGD_l1 does not have stage
epoch:9 time:34.35284471511841
density:0.9999915586169638
F:0.6077002583893101,
 f:0.43766441505129744,
 penaltyvalue:0.1700358433380127,
 accuracy:0.7916666666666666
SGD_l1 does not have stage
epoch:10 time:35.31936597824097
density:0.999993747123677
F:0.5953919858484501,
 f:0.4252766930475468,
 penaltyvalue:0.17011529280090332,
 accuracy:0.7916666666666666
SGD_l1 does not have stage
epoch:11 time:34.94093608856201
density:0.9999949976989415
F:0.5554750254626856,
 f:0.3852810619807825,
 penaltyvalue:0.17019396348190308,
 accuracy:0.7580128205128205
SGD_l1 does not have stage
epoch:12 time:35.68521165847778
density:0.9999965609180222
F:0.6229235468640211,
 f:0.45263748052643565,
 penaltyvalue:0.17028606633758545,
 accuracy:0.7355769230769231
SGD_l1 does not have stage
epoch:13 time:32.9542670249939
density:0.9999953103427577
F:0.512931855617058,
 f:0.342573477000725,
 penaltyvalue:0.170358378616333,
 accuracy:0.7387820512820513
SGD_l1 does not have stage
epoch:14 time:34.01964807510376
density:0.9999918712607799
F:0.5338695138554224,
 f:0.36343139955183357,
 penaltyvalue:0.17043811430358885,
 accuracy:0.7387820512820513
SGD_l1 does not have stage
epoch:15 time:34.437705993652344
density:0.9999924965484123
F:0.4786696312675243,
 f:0.30815311139676627,
 penaltyvalue:0.17051651987075805,
 accuracy:0.7868589743589743
SGD_l1 does not have stage
epoch:16 time:33.965306758880615
density:0.9999943724113092
F:0.45496387221659684,
 f:0.28437383618296647,
 penaltyvalue:0.17059003603363038,
 accuracy:0.7339743589743589
SGD_l1 does not have stage
epoch:17 time:34.6079843044281
density:0.9999931218360446
F:0.5192395941059764,
 f:0.34856562788893536,
 penaltyvalue:0.170673966217041,
 accuracy:0.7564102564102564
SGD_l1 does not have stage
epoch:18 time:32.68715476989746
density:0.9999921839045961
F:0.44699256653148367,
 f:0.27623162909251886,
 penaltyvalue:0.17076093743896484,
 accuracy:0.7467948717948718
SGD_l1 does not have stage
epoch:19 time:33.97003149986267
density:0.9999946850551253
F:0.4660550246243593,
 f:0.2952111643262026,
 penaltyvalue:0.17084386029815674,
 accuracy:0.7692307692307693
SGD_l1 does not have stage
epoch:20 time:32.717599630355835
density:0.999989995397883
F:0.43796909156901664,
 f:0.2670468280955059,
 penaltyvalue:0.17092226347351072,
 accuracy:0.7355769230769231
SGD_l1 does not have stage
epoch:21 time:33.99012541770935
density:0.9999896827540669
F:0.37602457919781385,
 f:0.20502610104839977,
 penaltyvalue:0.17099847814941405,
 accuracy:0.7451923076923077
SGD_l1 does not have stage
epoch:22 time:35.01284623146057
density:0.9999896827540669
F:0.4090995687718508,
 f:0.2380199712224123,
 penaltyvalue:0.17107959754943847,
 accuracy:0.7307692307692307
SGD_l1 does not have stage
epoch:23 time:33.93138933181763
density:0.9999896827540669
F:0.36846046057252185,
 f:0.19729450454072253,
 penaltyvalue:0.17116595603179932,
 accuracy:0.7692307692307693
SGD_l1 does not have stage
epoch:24 time:36.08138179779053
density:0.9999912459731477
F:0.3402274053705262,
 f:0.1689934723260926,
 penaltyvalue:0.17123393304443357,
 accuracy:0.7580128205128205
SGD_l1 does not have stage
epoch:25 time:34.10673975944519
density:0.9999906206855154
F:0.32824195212856155,
 f:0.15694261960140088,
 penaltyvalue:0.17129933252716065,
 accuracy:0.7516025641025641
SGD_l1 does not have stage
epoch:26 time:36.47553873062134
density:0.9999934344798608
F:0.336615655305025,
 f:0.1652427730036945,
 penaltyvalue:0.17137288230133055,
 accuracy:0.7275641025641025
SGD_l1 does not have stage
epoch:27 time:36.70971155166626
density:0.999989995397883
F:0.3542943666454292,
 f:0.1828306693492866,
 penaltyvalue:0.17146369729614258,
 accuracy:0.7548076923076923
SGD_l1 does not have stage
epoch:28 time:35.97287893295288
density:0.9999909333293315
F:0.3259872100990342,
 f:0.15445165263443458,
 penaltyvalue:0.17153555746459961,
 accuracy:0.7596153846153846
SGD_l1 does not have stage
epoch:29 time:35.341289043426514
density:0.9999865563159053
F:0.362826312723625,
 f:0.1912117171578291,
 penaltyvalue:0.1716145955657959,
 accuracy:0.7067307692307693
SGD_l1 does not have stage
epoch:30 time:34.50183582305908
density:0.9999868689597214
F:0.28948992439414817,
 f:0.11781855772544698,
 penaltyvalue:0.17167136666870117,
 accuracy:0.7243589743589743
SGD_l1 does not have stage
epoch:31 time:37.025607109069824
density:0.9999984367809193
F:0.247264196980866,
 f:0.07559599227658133,
 penaltyvalue:0.17166820470428465,
 accuracy:0.7435897435897436
SGD_l1 does not have stage
epoch:32 time:35.259148359298706
density:0.9999965609180222
F:0.22806935861384867,
 f:0.05640487186610699,
 penaltyvalue:0.17166448674774168,
 accuracy:0.7387820512820513
SGD_l1 does not have stage
epoch:33 time:36.503066301345825
density:0.9999934344798608
F:0.2154923254921349,
 f:0.04383148575519643,
 penaltyvalue:0.17166083973693846,
 accuracy:0.7355769230769231
SGD_l1 does not have stage
epoch:34 time:38.144033432006836
density:0.9999946850551253
F:0.20655860913949478,
 f:0.03490175606637466,
 penaltyvalue:0.17165685307312012,
 accuracy:0.7387820512820513
SGD_l1 does not have stage
epoch:35 time:38.58232307434082
density:0.9999918712607799
F:0.19600659686832456,
 f:0.024353711820411975,
 penaltyvalue:0.1716528850479126,
 accuracy:0.7403846153846154
SGD_l1 does not have stage
epoch:36 time:36.64053821563721
density:0.9999946850551253
F:0.19587393313659107,
 f:0.024225229897150178,
 penaltyvalue:0.1716487032394409,
 accuracy:0.7483974358974359
SGD_l1 does not have stage
epoch:37 time:33.24558138847351
density:0.9999918712607799
F:0.19227313894186732,
 f:0.02062854757986781,
 penaltyvalue:0.1716445913619995,
 accuracy:0.7467948717948718
SGD_l1 does not have stage
epoch:38 time:34.56327819824219
density:0.9999903080416992
F:0.18964896941317508,
 f:0.018008571288480265,
 penaltyvalue:0.1716403981246948,
 accuracy:0.7483974358974359
SGD_l1 does not have stage
epoch:39 time:33.69313168525696
density:0.9999865563159053
F:0.19307194462491753,
 f:0.021436016722695857,
 penaltyvalue:0.17163592790222168,
 accuracy:0.7532051282051282
SGD_l1 does not have stage
epoch:40 time:35.205233335494995
density:0.9999828045901115
F:0.18399831612192022,
 f:0.012366855863436329,
 penaltyvalue:0.1716314602584839,
 accuracy:0.7548076923076923
SGD_l1 does not have stage
epoch:41 time:39.236788749694824
density:0.9999893701102507
F:0.18503077246670532,
 f:0.013403761030242937,
 penaltyvalue:0.1716270114364624,
 accuracy:0.7596153846153846
SGD_l1 does not have stage
epoch:42 time:36.882315158843994
density:0.99998374252156
F:0.18494045486302163,
 f:0.013317904997298994,
 penaltyvalue:0.17162254986572265,
 accuracy:0.7596153846153846
SGD_l1 does not have stage
epoch:43 time:38.06626629829407
density:0.9999787402205015
F:0.18123898783603454,
 f:0.009621122159154677,
 penaltyvalue:0.17161786567687987,
 accuracy:0.7548076923076923
SGD_l1 does not have stage
epoch:44 time:37.13569736480713
density:0.9999846804530084
F:0.1819948945316367,
 f:0.010381621422200667,
 penaltyvalue:0.17161327310943603,
 accuracy:0.7467948717948718
SGD_l1 does not have stage
epoch:45 time:32.88766288757324
density:0.999989995397883
F:0.17859171664676216,
 f:0.006983109057040476,
 penaltyvalue:0.17160860758972168,
 accuracy:0.75
SGD_l1 does not have stage
epoch:46 time:33.901833057403564
density:0.9999912459731477
F:0.17977590582648753,
 f:0.008172221805491462,
 penaltyvalue:0.17160368402099607,
 accuracy:0.7612179487179487
SGD_l1 does not have stage
epoch:47 time:34.70260763168335
density:0.9999912459731477
F:0.18024611084060516,
 f:0.008647234650419616,
 penaltyvalue:0.17159887619018555,
 accuracy:0.7628205128205128
SGD_l1 does not have stage
epoch:48 time:34.45014238357544
density:0.9999612321667968
F:0.1773939497466429,
 f:0.0057997896972044214,
 penaltyvalue:0.17159416004943848,
 accuracy:0.7516025641025641
SGD_l1 does not have stage
epoch:49 time:32.392789363861084
density:0.9999853057406407
F:0.1792637468867839,
 f:0.007674348823124225,
 penaltyvalue:0.17158939806365966,
 accuracy:0.7596153846153846
SGD_l1 does not have stage
epoch:50 time:32.466644525527954
density:0.9999828045901115
F:0.17911598960839611,
 f:0.007531189666379516,
 penaltyvalue:0.17158479994201659,
 accuracy:0.7596153846153846
SGD_l1 does not have stage
epoch:51 time:37.27634787559509
density:0.9999402850311143
F:0.17651759633853395,
 f:0.0049376799185510455,
 penaltyvalue:0.1715799164199829,
 accuracy:0.7516025641025641
SGD_l1 does not have stage
epoch:52 time:34.39579105377197
density:0.9999565425095543
F:0.17641065540240597,
 f:0.0048356928703625025,
 penaltyvalue:0.17157496253204346,
 accuracy:0.75
SGD_l1 does not have stage
epoch:53 time:33.887632846832275
density:0.9999371585929527
F:0.17669579217397058,
 f:0.005125544951070191,
 penaltyvalue:0.17157024722290037,
 accuracy:0.7612179487179487
SGD_l1 does not have stage
epoch:54 time:34.32832908630371
density:0.9999709241250976
F:0.17695772444770322,
 f:0.00539224457404599,
 penaltyvalue:0.17156547987365722,
 accuracy:0.7628205128205128
SGD_l1 does not have stage
epoch:55 time:33.05523228645325
density:0.9999409103187467
F:0.1759019373877311,
 f:0.004341243097569975,
 penaltyvalue:0.17156069429016113,
 accuracy:0.7612179487179487
SGD_l1 does not have stage
epoch:56 time:35.137765407562256
density:0.9999221516897773
F:0.17639824170408933,
 f:0.00484248650084227,
 penaltyvalue:0.17155575520324706,
 accuracy:0.7628205128205128
SGD_l1 does not have stage
epoch:57 time:32.258551359176636
density:0.9999309057166297
F:0.17756040429353395,
 f:0.006009526989456811,
 penaltyvalue:0.17155087730407714,
 accuracy:0.7596153846153846
SGD_l1 does not have stage
epoch:58 time:31.886024236679077
density:0.9999581057286352
F:0.1760306694978141,
 f:0.004484667079296054,
 penaltyvalue:0.17154600241851806,
 accuracy:0.7612179487179487
SGD_l1 does not have stage
epoch:59 time:33.869231939315796
density:0.9999421608940112
F:0.17494516815324682,
 f:0.0034040047392453546,
 penaltyvalue:0.17154116341400147,
 accuracy:0.7564102564102564
SGD_l1 does not have stage
epoch:60 time:33.85084843635559
density:0.9999440367569081
F:0.17492163560840607,
 f:0.0033850970112991223,
 penaltyvalue:0.17153653859710694,
 accuracy:0.7596153846153846
SGD_l1 does not have stage
epoch:61 time:34.388129234313965
density:0.9999652965364068
F:0.17550027365075915,
 f:0.003964278487795282,
 penaltyvalue:0.17153599516296386,
 accuracy:0.7483974358974359
SGD_l1 does not have stage
epoch:62 time:32.95200252532959
density:0.9999124597314765
F:0.1753752531619808,
 f:0.0038397987628719064,
 penaltyvalue:0.1715354543991089,
 accuracy:0.7548076923076923
SGD_l1 does not have stage
epoch:63 time:34.25305461883545
density:0.999923402265042
F:0.17653133939878707,
 f:0.004996446385786574,
 penaltyvalue:0.17153489301300048,
 accuracy:0.75
SGD_l1 does not have stage
epoch:64 time:33.98254728317261
density:0.9999252781279389
F:0.17656058103342326,
 f:0.005026257814123954,
 penaltyvalue:0.17153432321929932,
 accuracy:0.7532051282051282
SGD_l1 does not have stage
epoch:65 time:33.860262870788574
density:0.9999552919342898
F:0.1762989486670771,
 f:0.004765179975060519,
 penaltyvalue:0.17153376869201659,
 accuracy:0.7532051282051282
SGD_l1 does not have stage
epoch:66 time:34.735416889190674
density:0.9999205884706965
F:0.1756506385299337,
 f:0.004117425166286256,
 penaltyvalue:0.17153321336364746,
 accuracy:0.7483974358974359
SGD_l1 does not have stage
epoch:67 time:34.065075397491455
density:0.9998808827060448
F:0.17506040660743805,
 f:0.0035277564609536858,
 penaltyvalue:0.17153265014648436,
 accuracy:0.7516025641025641
SGD_l1 does not have stage
epoch:68 time:34.00635576248169
density:0.9999634206735099
F:0.17537285211781467,
 f:0.0038407702544113486,
 penaltyvalue:0.17153208186340332,
 accuracy:0.75
SGD_l1 does not have stage
epoch:69 time:33.60226082801819
density:0.9999749884947076
F:0.17562197105492905,
 f:0.004090457291501324,
 penaltyvalue:0.17153151376342773,
 accuracy:0.7483974358974359
SGD_l1 does not have stage
epoch:70 time:32.988014459609985
density:0.9999249654841227
F:0.1757197452357675,
 f:0.004188790874805574,
 penaltyvalue:0.1715309543609619,
 accuracy:0.7419871794871795
SGD_l1 does not have stage
epoch:71 time:32.96828651428223
density:0.9999262160593874
F:0.17393301643041975,
 f:0.002402630856078936,
 penaltyvalue:0.1715303855743408,
 accuracy:0.7532051282051282
SGD_l1 does not have stage
epoch:72 time:33.08961224555969
density:0.9999531034275767
F:0.1741616189097616,
 f:0.002631786062166367,
 penaltyvalue:0.1715298328475952,
 accuracy:0.7564102564102564
SGD_l1 does not have stage
epoch:73 time:34.33177208900452
density:0.9999127723752926
F:0.17827074386113792,
 f:0.006741464396416232,
 penaltyvalue:0.17152927946472168,
 accuracy:0.7467948717948718
SGD_l1 does not have stage
epoch:74 time:33.028364419937134
density:0.9998786941993317
F:0.17519669380082406,
 f:0.0036679770649842374,
 penaltyvalue:0.17152871673583983,
 accuracy:0.7483974358974359
SGD_l1 does not have stage
epoch:75 time:33.31121277809143
density:0.9998505562558777
F:0.17581956642213345,
 f:0.004291405678420078,
 penaltyvalue:0.17152816074371338,
 accuracy:0.7483974358974359
SGD_l1 does not have stage
epoch:76 time:36.33609652519226
density:0.9998411769413931
F:0.1776610516952805,
 f:0.006133449499540758,
 penaltyvalue:0.17152760219573973,
 accuracy:0.7483974358974359
SGD_l1 does not have stage
epoch:77 time:33.06830072402954
density:0.9998783815555156
F:0.1758886986926961,
 f:0.004361645965950518,
 penaltyvalue:0.1715270527267456,
 accuracy:0.7564102564102564
SGD_l1 does not have stage
epoch:78 time:34.22690415382385
density:0.9999318436480781
F:0.17548858286541807,
 f:0.003962094958008426,
 penaltyvalue:0.17152648790740965,
 accuracy:0.7516025641025641
SGD_l1 does not have stage
epoch:79 time:34.27034139633179
density:0.9999058942113372
F:0.17365382153155481,
 f:0.002127890104552867,
 penaltyvalue:0.17152593142700195,
 accuracy:0.7628205128205128
SGD_l1 does not have stage
epoch:80 time:33.680277585983276
density:0.9999646712487744
F:0.17473196238437602,
 f:0.0032065858661265273,
 penaltyvalue:0.1715253765182495,
 accuracy:0.7451923076923077
SGD_l1 does not have stage
epoch:81 time:34.54649615287781
density:0.9999390344558496
F:0.17420585802476407,
 f:0.00268105690782072,
 penaltyvalue:0.17152480111694335,
 accuracy:0.7564102564102564
SGD_l1 does not have stage
epoch:82 time:33.879897594451904
density:0.9999137103067411
F:0.1738013796304311,
 f:0.002277129073485323,
 penaltyvalue:0.17152425055694578,
 accuracy:0.7483974358974359
SGD_l1 does not have stage
epoch:83 time:33.87046837806702
density:0.9999302804289973
F:0.17626009169092247,
 f:0.004736396958256458,
 penaltyvalue:0.17152369473266602,
 accuracy:0.7564102564102564
SGD_l1 does not have stage
epoch:84 time:33.43639326095581
density:0.9999768643576045
F:0.17527739513046212,
 f:0.003754263813323455,
 penaltyvalue:0.17152313131713867,
 accuracy:0.7548076923076923
SGD_l1 does not have stage
epoch:85 time:33.04354977607727
density:0.9999158988134542
F:0.1773114723769489,
 f:0.005788900317317556,
 penaltyvalue:0.17152257205963134,
 accuracy:0.75
SGD_l1 does not have stage
epoch:86 time:35.254802227020264
density:0.9999521654961282
F:0.17574289112432265,
 f:0.00422086991460585,
 penaltyvalue:0.1715220212097168,
 accuracy:0.7564102564102564
SGD_l1 does not have stage
epoch:87 time:33.94586706161499
density:0.9999280919222843
F:0.17565309202938562,
 f:0.0041316305883455934,
 penaltyvalue:0.17152146144104002,
 accuracy:0.7483974358974359
SGD_l1 does not have stage
epoch:88 time:33.860907793045044
density:0.9998721286791924
F:0.17554329834645305,
 f:0.004022386465959887,
 penaltyvalue:0.17152091188049315,
 accuracy:0.7564102564102564
SGD_l1 does not have stage
epoch:89 time:33.115472078323364
density:0.9998736918982732
F:0.17651836844311244,
 f:0.004998018498044097,
 penaltyvalue:0.17152034994506835,
 accuracy:0.7580128205128205
SGD_l1 does not have stage
epoch:90 time:33.91315317153931
density:0.9999412229625628
F:0.17532596835776934,
 f:0.003806180035320633,
 penaltyvalue:0.1715197883224487,
 accuracy:0.7564102564102564
SGD_l1 does not have stage
epoch:91 time:33.9300491809845
density:0.9999405976749305
F:0.17519719054404537,
 f:0.0036774068678979105,
 penaltyvalue:0.17151978367614745,
 accuracy:0.7548076923076923
SGD_l1 does not have stage
epoch:92 time:34.071686029434204
density:0.9999562298657383
F:0.174067078706996,
 f:0.0025472979376478713,
 penaltyvalue:0.17151978076934812,
 accuracy:0.7564102564102564
SGD_l1 does not have stage
epoch:93 time:34.255951166152954
density:0.9999412229625628
F:0.17463874265381957,
 f:0.0031189611139025813,
 penaltyvalue:0.17151978153991698,
 accuracy:0.7451923076923077
SGD_l1 does not have stage
epoch:94 time:33.76993489265442
density:0.9999846804530084
F:0.1742908186699269,
 f:0.00277104295886735,
 penaltyvalue:0.17151977571105956,
 accuracy:0.7483974358974359
SGD_l1 does not have stage
epoch:95 time:34.10393452644348
density:0.9999602942353483
F:0.17374777450138093,
 f:0.002228006274757407,
 penaltyvalue:0.17151976822662351,
 accuracy:0.75
SGD_l1 does not have stage
epoch:96 time:32.59774565696716
density:0.9998896367328971
F:0.17602185490647576,
 f:0.004502088030255059,
 penaltyvalue:0.1715197668762207,
 accuracy:0.7564102564102564
SGD_l1 does not have stage
epoch:97 time:34.14228367805481
density:0.9999468505512535
F:0.1750491103656955,
 f:0.003529346312350798,
 penaltyvalue:0.1715197640533447,
 accuracy:0.7548076923076923
SGD_l1 does not have stage
epoch:98 time:34.110495805740356
density:0.999915586169638
F:0.17435484182464459,
 f:0.0028350840197739805,
 penaltyvalue:0.1715197578048706,
 accuracy:0.7612179487179487
SGD_l1 does not have stage
epoch:99 time:33.603317975997925
density:0.9999262160593874
F:0.1751632276877604,
 f:0.0036434745749674463,
 penaltyvalue:0.17151975311279297,
 accuracy:0.7580128205128205
SGD_l1 does not have stage
epoch:100 time:33.35788583755493
density:0.9999853057406407
F:0.1768200338748577,
 f:0.005300283386576466,
 penaltyvalue:0.17151975048828125,
 accuracy:0.7580128205128205
SGD_l1 does not have stage
epoch:101 time:33.632904052734375
density:0.9999087080056827
F:0.1736345791600594,
 f:0.002114832578028166,
 penaltyvalue:0.17151974658203123,
 accuracy:0.7516025641025641
SGD_l1 does not have stage
epoch:102 time:33.549089431762695
density:0.9999309057166297
F:0.1755768183268104,
 f:0.004057078382352412,
 penaltyvalue:0.171519739944458,
 accuracy:0.7532051282051282
SGD_l1 does not have stage
epoch:103 time:33.24253439903259
density:0.9999646712487744
F:0.17588727766113987,
 f:0.0043675424850534465,
 penaltyvalue:0.17151973517608643,
 accuracy:0.7516025641025641
SGD_l1 does not have stage
epoch:104 time:33.49426889419556
density:0.9999812413710307
F:0.1777824208676259,
 f:0.006262690368358318,
 penaltyvalue:0.17151973049926758,
 accuracy:0.75
SGD_l1 does not have stage
epoch:105 time:33.052019119262695
density:0.9999249654841227
F:0.17380487973665457,
 f:0.0022851503894255475,
 penaltyvalue:0.171519729347229,
 accuracy:0.7580128205128205
SGD_l1 does not have stage
epoch:106 time:33.5433394908905
density:0.9999058942113372
F:0.17433297415868318,
 f:0.0028132526544717754,
 penaltyvalue:0.1715197215042114,
 accuracy:0.7467948717948718
SGD_l1 does not have stage
epoch:107 time:35.813358783721924
density:0.9999724873441783
F:0.17536003472217218,
 f:0.0038403177040447368,
 penaltyvalue:0.17151971701812743,
 accuracy:0.75
SGD_l1 does not have stage
epoch:108 time:35.43561029434204
density:0.9999549792904736
F:0.1787357748726242,
 f:0.007216059067570491,
 penaltyvalue:0.1715197158050537,
 accuracy:0.7419871794871795
SGD_l1 does not have stage
epoch:109 time:33.576966285705566
density:0.9999424735378274
F:0.17515375708711375,
 f:0.0036340493768476315,
 penaltyvalue:0.17151970771026612,
 accuracy:0.7548076923076923
SGD_l1 does not have stage
epoch:110 time:33.21200633049011
density:0.9998758804049863
F:0.1735345371967291,
 f:0.002014833858106058,
 penaltyvalue:0.17151970333862304,
 accuracy:0.7483974358974359
SGD_l1 does not have stage
epoch:111 time:33.79453182220459
density:0.9999502896332313
F:0.17617213828140696,
 f:0.004652440352024647,
 penaltyvalue:0.17151969792938232,
 accuracy:0.7596153846153846
SGD_l1 does not have stage
epoch:112 time:32.4103798866272
density:0.9999118344438441
F:0.1741373999160084,
 f:0.0026177067931446177,
 penaltyvalue:0.17151969312286378,
 accuracy:0.7564102564102564
SGD_l1 does not have stage
epoch:113 time:32.5433235168457
density:0.9998633746523401
F:0.1739361471652374,
 f:0.0024164582080230482,
 penaltyvalue:0.17151968895721434,
 accuracy:0.7596153846153846
SGD_l1 does not have stage
epoch:114 time:33.405582904815674
density:0.9998871355823679
F:0.173946909797226,
 f:0.0024272226252899753,
 penaltyvalue:0.17151968717193602,
 accuracy:0.7548076923076923
SGD_l1 does not have stage
epoch:115 time:32.7930371761322
density:0.9999040183484403
F:0.17517637488091736,
 f:0.003656693850643933,
 penaltyvalue:0.17151968103027343,
 accuracy:0.7548076923076923
SGD_l1 does not have stage
epoch:116 time:32.87718725204468
density:0.9999809287272146
F:0.17584306261324473,
 f:0.004323383558984482,
 penaltyvalue:0.17151967905426024,
 accuracy:0.7564102564102564
SGD_l1 does not have stage
epoch:117 time:33.6529278755188
density:0.9999368459491366
F:0.17378688675894396,
 f:0.0022672128468956346,
 penaltyvalue:0.17151967391204834,
 accuracy:0.7580128205128205
SGD_l1 does not have stage
epoch:118 time:33.27616047859192
density:0.9999058942113372
F:0.1747511845942602,
 f:0.003231517205344195,
 penaltyvalue:0.171519667388916,
 accuracy:0.7451923076923077
SGD_l1 does not have stage
epoch:119 time:31.871972799301147
density:0.9998602482141785
F:0.17411231780635497,
 f:0.0025926547433056573,
 penaltyvalue:0.1715196630630493,
 accuracy:0.7548076923076923
SGD_l1 does not have stage
epoch:120 time:32.57133364677429
density:0.9999118344438441
F:0.176206021285029,
 f:0.004686363295527038,
 penaltyvalue:0.17151965798950194,
 accuracy:0.7596153846153846
SGD_l1 does not have stage
epoch:121 time:33.366105794906616
density:0.9999502896332313
F:0.17321704144312713,
 f:0.0016973823473629792,
 penaltyvalue:0.17151965909576417,
 accuracy:0.7467948717948718
SGD_l1 does not have stage
epoch:122 time:33.04452872276306
density:0.9999590436600836
F:0.17375302371713572,
 f:0.0022333669788544863,
 penaltyvalue:0.17151965673828123,
 accuracy:0.7516025641025641
SGD_l1 does not have stage
epoch:123 time:33.8472216129303
density:0.9998468045300838
F:0.17362303024507786,
 f:0.0021033716223361654,
 penaltyvalue:0.17151965862274168,
 accuracy:0.7580128205128205
SGD_l1 does not have stage
epoch:124 time:32.609182596206665
density:0.9999468505512535
F:0.17596638610617588,
 f:0.004446726239842885,
 penaltyvalue:0.171519659866333,
 accuracy:0.7548076923076923
SGD_l1 does not have stage
epoch:125 time:32.80157136917114
density:0.9999621700982452
F:0.17339350525293817,
 f:0.0018738472405480358,
 penaltyvalue:0.17151965801239014,
 accuracy:0.7548076923076923
SGD_l1 does not have stage
epoch:126 time:34.89723610877991
density:0.9999005792664626
F:0.17426345552238504,
 f:0.002743797349777618,
 penaltyvalue:0.17151965817260742,
 accuracy:0.7548076923076923
SGD_l1 does not have stage
epoch:127 time:34.57422375679016
density:0.9999643586049582
F:0.17550845284767075,
 f:0.003988792828749865,
 penaltyvalue:0.17151966001892088,
 accuracy:0.7564102564102564
SGD_l1 does not have stage
epoch:128 time:33.58775496482849
density:0.99985931028273
F:0.17478459367334614,
 f:0.003264934936163538,
 penaltyvalue:0.1715196587371826,
 accuracy:0.7516025641025641
SGD_l1 does not have stage
epoch:129 time:33.30834245681763
density:0.9999574804410029
F:0.1736178321691001,
 f:0.0020981717076743157,
 penaltyvalue:0.17151966046142578,
 accuracy:0.7564102564102564
SGD_l1 does not have stage
epoch:130 time:32.83426308631897
density:0.9999293424975488
F:0.17368554573076417,
 f:0.0021658862611596903,
 penaltyvalue:0.17151965946960449,
 accuracy:0.7596153846153846
SGD_l1 does not have stage
epoch:131 time:34.53763961791992
density:0.9999824919462953
F:0.17649273441221264,
 f:0.004973075530071538,
 penaltyvalue:0.1715196588821411,
 accuracy:0.7612179487179487
SGD_l1 does not have stage
epoch:132 time:34.12216567993164
density:0.9999493517017828
F:0.1734432774226731,
 f:0.0019236173503464314,
 penaltyvalue:0.17151966007232666,
 accuracy:0.7483974358974359
SGD_l1 does not have stage
epoch:133 time:33.663692474365234
density:0.9999318436480781
F:0.1765264063298275,
 f:0.0050067454945614065,
 penaltyvalue:0.1715196608352661,
 accuracy:0.7451923076923077
SGD_l1 does not have stage
epoch:134 time:32.786519289016724
density:0.9998449286671869
F:0.176748654289002,
 f:0.005228994117493219,
 penaltyvalue:0.17151966017150877,
 accuracy:0.7451923076923077
SGD_l1 does not have stage
epoch:135 time:33.59259843826294
density:0.9998940137463234
F:0.17404354214227744,
 f:0.002523882626896588,
 penaltyvalue:0.17151965951538084,
 accuracy:0.75
SGD_l1 does not have stage
epoch:136 time:32.34115743637085
density:0.9999302804289973
F:0.17528943648080736,
 f:0.0037697760498991645,
 penaltyvalue:0.1715196604309082,
 accuracy:0.75
SGD_l1 does not have stage
epoch:137 time:32.69693922996521
density:0.9999271539908358
F:0.17389141593947116,
 f:0.0023717550736874708,
 penaltyvalue:0.17151966086578369,
 accuracy:0.7612179487179487
SGD_l1 does not have stage
epoch:138 time:33.39019846916199
density:0.9998783815555156
F:0.1772196346966218,
 f:0.005699975883145249,
 penaltyvalue:0.17151965881347656,
 accuracy:0.7564102564102564
SGD_l1 does not have stage
epoch:139 time:32.936182498931885
density:0.9998643125837885
F:0.17467361169199525,
 f:0.00315395184855045,
 penaltyvalue:0.1715196598434448,
 accuracy:0.7564102564102564
SGD_l1 does not have stage
epoch:140 time:34.446263790130615
density:0.9999606068791644
F:0.1740957949981893,
 f:0.0025761337814534583,
 penaltyvalue:0.17151966121673584,
 accuracy:0.7548076923076923
SGD_l1 does not have stage
epoch:141 time:33.40865778923035
density:0.9998908873081618
F:0.17392789194365488,
 f:0.002408229727468385,
 penaltyvalue:0.1715196622161865,
 accuracy:0.7564102564102564
SGD_l1 does not have stage
epoch:142 time:32.57869839668274
density:0.9999083953618665
F:0.1735148262019876,
 f:0.001995164672446596,
 penaltyvalue:0.171519661529541,
 accuracy:0.7564102564102564
SGD_l1 does not have stage
epoch:143 time:34.27234506607056
density:0.9998661884466855
F:0.17708123458613742,
 f:0.005561572896379114,
 penaltyvalue:0.1715196616897583,
 accuracy:0.7516025641025641
SGD_l1 does not have stage
epoch:144 time:32.738056659698486
density:0.999945599975989
F:0.17432006789887033,
 f:0.0028004050723322463,
 penaltyvalue:0.17151966282653808,
 accuracy:0.7516025641025641
SGD_l1 does not have stage
epoch:145 time:32.60254693031311
density:0.9998971401844848
F:0.17679040547074204,
 f:0.00527074139298326,
 penaltyvalue:0.1715196640777588,
 accuracy:0.7532051282051282
SGD_l1 does not have stage
epoch:146 time:31.569108247756958
density:0.9999690482622006
F:0.17421745986682585,
 f:0.0026977986577194093,
 penaltyvalue:0.17151966120910644,
 accuracy:0.7548076923076923
SGD_l1 does not have stage
epoch:147 time:35.00483989715576
density:0.9999327815795266
F:0.17529929451989368,
 f:0.0037796309838219115,
 penaltyvalue:0.17151966353607176,
 accuracy:0.7532051282051282
SGD_l1 does not have stage
epoch:148 time:32.54048299789429
density:0.9999674850431198
F:0.17920547505596315,
 f:0.007685813297540313,
 penaltyvalue:0.17151966175842284,
 accuracy:0.7467948717948718
SGD_l1 does not have stage
epoch:149 time:33.27010178565979
density:0.9998955769654041
F:0.17582153523035726,
 f:0.004301873487193228,
 penaltyvalue:0.17151966174316405,
 accuracy:0.7532051282051282
SGD_l1 does not have stage
epoch:150 time:33.626917123794556
density:0.999903393060808
F:0.1741734997267075,
 f:0.0026538378385849663,
 penaltyvalue:0.17151966188812254,
 accuracy:0.7516025641025641
SGD_l1 does not have stage
epoch:151 time:32.643975257873535
density:0.999923402265042
F:0.1738283275763613,
 f:0.002308665177069332,
 penaltyvalue:0.17151966239929198,
 accuracy:0.7596153846153846
SGD_l1 does not have stage
epoch:152 time:33.88695311546326
density:0.9999437241130921
F:0.17511358930814483,
 f:0.003593927374245917,
 penaltyvalue:0.17151966193389892,
 accuracy:0.7467948717948718
SGD_l1 does not have stage
epoch:153 time:33.67021083831787
density:0.9999108965123957
F:0.18034718362301197,
 f:0.008827520620997814,
 penaltyvalue:0.17151966300201416,
 accuracy:0.7483974358974359
SGD_l1 does not have stage
epoch:154 time:33.67087721824646
density:0.9999055815675211
F:0.17437903577567818,
 f:0.002859372361676722,
 penaltyvalue:0.17151966341400146,
 accuracy:0.7548076923076923
SGD_l1 does not have stage
epoch:155 time:33.66303110122681
density:0.9999893701102507
F:0.17511964755555123,
 f:0.003599986094674777,
 penaltyvalue:0.17151966146087647,
 accuracy:0.7532051282051282
SGD_l1 does not have stage
epoch:156 time:33.58659291267395
density:0.9999124597314765
F:0.17577596586722136,
 f:0.004256303422152996,
 penaltyvalue:0.17151966244506836,
 accuracy:0.7516025641025641
SGD_l1 does not have stage
epoch:157 time:32.71909523010254
density:0.9999284045661004
F:0.17602020940842406,
 f:0.00450054742111938,
 penaltyvalue:0.17151966198730467,
 accuracy:0.7483974358974359
SGD_l1 does not have stage
epoch:158 time:34.99710702896118
density:0.9999052689237049
F:0.17517041987368254,
 f:0.0036507584509530627,
 penaltyvalue:0.17151966142272948,
 accuracy:0.7548076923076923
SGD_l1 does not have stage
epoch:159 time:32.271440505981445
density:0.9999534160713929
F:0.1735872006615463,
 f:0.0020675402001205196,
 penaltyvalue:0.17151966046142578,
 accuracy:0.7564102564102564
SGD_l1 does not have stage
epoch:160 time:32.27424120903015
density:0.9998977654721172
F:0.17529574201607104,
 f:0.0037760805628239743,
 penaltyvalue:0.17151966145324707,
 accuracy:0.7548076923076923
SGD_l1 does not have stage
epoch:161 time:32.701579093933105
density:0.9999668597554875
F:0.17689394643363965,
 f:0.005374284965133794,
 penaltyvalue:0.17151966146850586,
 accuracy:0.7548076923076923
SGD_l1 does not have stage
epoch:162 time:34.20955514907837
density:0.9999090206494987
F:0.1732932585479874,
 f:0.0017735969726700427,
 penaltyvalue:0.17151966157531737,
 accuracy:0.75
SGD_l1 does not have stage
epoch:163 time:33.9104905128479
density:0.9999437241130921
F:0.1756331446364769,
 f:0.004113484037722029,
 penaltyvalue:0.17151966059875487,
 accuracy:0.7532051282051282
SGD_l1 does not have stage
epoch:164 time:33.181190729141235
density:0.999923402265042
F:0.17491599530761995,
 f:0.003396334808047225,
 penaltyvalue:0.17151966049957273,
 accuracy:0.7516025641025641
SGD_l1 does not have stage
epoch:165 time:34.2620894908905
density:0.9998436780919223
F:0.17357695048908817,
 f:0.0020572891197644357,
 penaltyvalue:0.17151966136932373,
 accuracy:0.7532051282051282
SGD_l1 does not have stage
epoch:166 time:34.09337306022644
density:0.9999459126198051
F:0.1739800971756662,
 f:0.002460434585639344,
 penaltyvalue:0.17151966259002685,
 accuracy:0.7596153846153846
SGD_l1 does not have stage
epoch:167 time:33.48674559593201
density:0.999893388458691
F:0.17579338989751905,
 f:0.004273728421383832,
 penaltyvalue:0.17151966147613523,
 accuracy:0.7532051282051282
SGD_l1 does not have stage
epoch:168 time:35.44986581802368
density:0.9999684229745683
F:0.174829019565096,
 f:0.0033093561282063404,
 penaltyvalue:0.17151966343688965,
 accuracy:0.7564102564102564
SGD_l1 does not have stage
epoch:169 time:33.19702959060669
density:0.999909645937131
F:0.17458610384719944,
 f:0.003066440379792234,
 penaltyvalue:0.1715196634674072,
 accuracy:0.7596153846153846
SGD_l1 does not have stage
epoch:170 time:33.41102075576782
density:0.9998730666106409
F:0.17436670088340042,
 f:0.002847038270485383,
 penaltyvalue:0.17151966261291504,
 accuracy:0.7580128205128205
SGD_l1 does not have stage
epoch:171 time:32.6131854057312
density:0.9998796321307801
F:0.17472719401867842,
 f:0.00320753332074141,
 penaltyvalue:0.171519660697937,
 accuracy:0.7516025641025641
SGD_l1 does not have stage
epoch:172 time:33.77546668052673
density:0.9998993286911979
F:0.1759452831109385,
 f:0.00442562160428568,
 penaltyvalue:0.17151966150665282,
 accuracy:0.7564102564102564
SGD_l1 does not have stage
epoch:173 time:33.391899824142456
density:0.9999415356063789
F:0.17388146673823046,
 f:0.0023618039956157344,
 penaltyvalue:0.17151966274261474,
 accuracy:0.7467948717948718
SGD_l1 does not have stage
epoch:174 time:32.17612099647522
density:0.9999359080176882
F:0.17540494005106497,
 f:0.003885278307900923,
 penaltyvalue:0.17151966174316405,
 accuracy:0.7580128205128205
SGD_l1 does not have stage
epoch:175 time:33.298372745513916
density:0.999941848250195
F:0.17374730967433363,
 f:0.0022276478625050315,
 penaltyvalue:0.1715196618118286,
 accuracy:0.75
SGD_l1 does not have stage
epoch:176 time:35.38945960998535
density:0.9999099585809472
F:0.17349535187283194,
 f:0.00197569019070304,
 penaltyvalue:0.1715196616821289,
 accuracy:0.7612179487179487
SGD_l1 does not have stage
epoch:177 time:32.23160099983215
density:0.9998765056926187
F:0.17675354099645554,
 f:0.005233878360652342,
 penaltyvalue:0.1715196626358032,
 accuracy:0.7467948717948718
SGD_l1 does not have stage
epoch:178 time:32.46650409698486
density:0.9999158988134542
F:0.17478080230826937,
 f:0.003261139764018902,
 penaltyvalue:0.17151966254425047,
 accuracy:0.7516025641025641
SGD_l1 does not have stage
epoch:179 time:33.28662896156311
density:0.9999240275526742
F:0.1754953036871318,
 f:0.003975640570676726,
 penaltyvalue:0.17151966311645506,
 accuracy:0.75
SGD_l1 does not have stage
epoch:180 time:32.56665658950806
density:0.9999105838685796
F:0.17466454234151416,
 f:0.0031448801405864154,
 penaltyvalue:0.17151966220092774,
 accuracy:0.7548076923076923
SGD_l1 does not have stage
epoch:181 time:32.588651180267334
density:0.9999699861936491
F:0.17414186924484168,
 f:0.0026222070439139425,
 penaltyvalue:0.17151966220092774,
 accuracy:0.75
SGD_l1 does not have stage
epoch:182 time:32.89587211608887
density:0.9999803034395822
F:0.17407587675842534,
 f:0.0025562135809351033,
 penaltyvalue:0.17151966317749023,
 accuracy:0.7532051282051282
SGD_l1 does not have stage
epoch:183 time:34.04220271110535
density:0.9999302804289973
F:0.17593430814931518,
 f:0.004414644971824955,
 penaltyvalue:0.17151966317749023,
 accuracy:0.7628205128205128
SGD_l1 does not have stage
epoch:184 time:32.28288507461548
density:0.9999183999639835
F:0.17710697971145237,
 f:0.005587315557399628,
 penaltyvalue:0.17151966415405273,
 accuracy:0.7483974358974359
SGD_l1 does not have stage
epoch:185 time:34.450581312179565
density:0.9998802574184125
F:0.17503465807019083,
 f:0.003514994892700598,
 penaltyvalue:0.17151966317749023,
 accuracy:0.7483974358974359
SGD_l1 does not have stage
epoch:186 time:33.04947304725647
density:0.9999146482381895
F:0.17338772740316427,
 f:0.001868064225674039,
 penaltyvalue:0.17151966317749023,
 accuracy:0.75
SGD_l1 does not have stage
epoch:187 time:33.141886472702026
density:0.9999290298537327
F:0.17417940245656488,
 f:0.0026597392790746396,
 penaltyvalue:0.17151966317749023,
 accuracy:0.7548076923076923
SGD_l1 does not have stage
epoch:188 time:33.51323628425598
density:0.9999631080296937
F:0.17405521190029766,
 f:0.002535549211088659,
 penaltyvalue:0.17151966268920898,
 accuracy:0.7532051282051282
SGD_l1 does not have stage
epoch:189 time:33.79198455810547
density:0.9999005792664626
F:0.17462438175291206,
 f:0.0031047195519843117,
 penaltyvalue:0.17151966220092774,
 accuracy:0.7580128205128205
SGD_l1 does not have stage
epoch:190 time:33.065422773361206
density:0.9998796321307801
F:0.1744589803162692,
 f:0.0029393176118014154,
 penaltyvalue:0.17151966270446778,
 accuracy:0.7532051282051282
SGD_l1 does not have stage
epoch:191 time:33.318527936935425
density:0.9998539953378555
F:0.17512174423677102,
 f:0.003602080570999533,
 penaltyvalue:0.17151966366577148,
 accuracy:0.7564102564102564
SGD_l1 does not have stage
epoch:192 time:33.58849048614502
density:0.999953728715209
F:0.17453339624622818,
 f:0.003013732580456701,
 penaltyvalue:0.17151966366577148,
 accuracy:0.7516025641025641
SGD_l1 does not have stage
epoch:193 time:34.035444498062134
density:0.9999352827300558
F:0.17531671505316318,
 f:0.003797050899110462,
 penaltyvalue:0.17151966415405273,
 accuracy:0.7596153846153846
SGD_l1 does not have stage
epoch:194 time:34.84545016288757
density:0.9999765517137883
F:0.1739158587037109,
 f:0.002396194580175755,
 penaltyvalue:0.17151966412353514,
 accuracy:0.7483974358974359
SGD_l1 does not have stage
epoch:195 time:32.74383759498596
density:0.999907457430418
F:0.1749746361465773,
 f:0.003454972023042146,
 penaltyvalue:0.17151966412353514,
 accuracy:0.7516025641025641
SGD_l1 does not have stage
epoch:196 time:32.984487771987915
density:0.9998649378714208
F:0.17423466391046272,
 f:0.0027150007634900693,
 penaltyvalue:0.17151966314697265,
 accuracy:0.7516025641025641
SGD_l1 does not have stage
epoch:197 time:33.18136429786682
density:0.9998896367328971
F:0.17601230170509358,
 f:0.004492638558120944,
 penaltyvalue:0.17151966314697265,
 accuracy:0.7564102564102564
SGD_l1 does not have stage
epoch:198 time:33.42458152770996
density:0.9998915125957941
F:0.17447602022275419,
 f:0.0029563570605227497,
 penaltyvalue:0.17151966316223144,
 accuracy:0.7532051282051282
SGD_l1 does not have stage
epoch:199 time:32.682713985443115
density:0.9999662344678553
F:0.17347329092860558,
 f:0.001953628727677846,
 penaltyvalue:0.17151966220092774,
 accuracy:0.7532051282051282
SGD_l1 does not have stage
epoch:200 time:32.25414490699768
density:0.9999230896212258
F:0.17406624549775843,
 f:0.0025465842733931976,
 penaltyvalue:0.17151966122436524,
 accuracy:0.7516025641025641
SGD_l1 does not have stage


PS:

Read file <SGD78602.err> for stderr output of this job.

