Sender: LSF System <lsfadmin@volta04>
Subject: Job 78603: <MLFfinaliter3e-06> in cluster <cjdx.cluster> Done

Job <MLFfinaliter3e-06> was submitted from host <alpha02> by user <linzhenwei> in cluster <cjdx.cluster> at Wed Dec 23 15:45:59 2020
Job was executed on host(s) <volta04>, in queue <volta>, as user <linzhenwei> in cluster <cjdx.cluster> at Wed Dec 23 15:35:53 2020
</nfsshare/home/linzhenwei> was used as the home directory.
</nfsshare/home/linzhenwei/MLFinal> was used as the working directory.
Started at Wed Dec 23 15:35:53 2020
Terminated at Wed Dec 23 21:19:32 2020
Results reported at Wed Dec 23 21:19:32 2020

Your job looked like:

------------------------------------------------------------
# LSBATCH: User input
python run.py --model mobilenetv1 --optimizer SGD_l1 --lambda_ 3e-06 --max_epoch 200 --batch_size 128 --learning_rate 0.1 --edition 2.0 --Np 1 --Np2 1
------------------------------------------------------------

Successfully completed.

Resource usage summary:

    CPU time :                                   78678.00 sec.
    Max Memory :                                 6275 MB
    Average Memory :                             5709.56 MB
    Total Requested Memory :                     -
    Delta Memory :                               -
    Max Swap :                                   -
    Max Processes :                              7
    Max Threads :                                23
    Run time :                                   20619 sec.
    Turnaround time :                            20013 sec.

The output (if any) follows:

modelName: MobileNetV1
Result are saving to the CSV file ./results_SGD_l1/SGD_l1_mobilenetv1_chestX_10_edi_2.0_theta_10_lam_3.0e-06.csv
epoch:1 time:30.776577711105347
density:0.9999915586169638
F:1.047230776805645,
 f:0.7929888135049401,
 penaltyvalue:0.254241963300705,
 accuracy:0.6538461538461539
SGD_l1 does not have stage
epoch:2 time:46.47780179977417
density:0.9999912459731477
F:0.907386540075209,
 f:0.6530195023955369,
 penaltyvalue:0.2543670376796722,
 accuracy:0.6858974358974359
SGD_l1 does not have stage
epoch:3 time:48.09117007255554
density:0.999989995397883
F:0.8594833284470629,
 f:0.6050111789528917,
 penaltyvalue:0.25447214949417113,
 accuracy:0.7067307692307693
SGD_l1 does not have stage
epoch:4 time:45.95712614059448
density:0.9999934344798608
F:0.8162322307451295,
 f:0.5616620175722169,
 penaltyvalue:0.2545702131729126,
 accuracy:0.7532051282051282
SGD_l1 does not have stage
epoch:5 time:46.08197355270386
density:0.9999893701102507
F:0.7533021714853891,
 f:0.49867182025095314,
 penaltyvalue:0.25463035123443606,
 accuracy:0.7564102564102564
SGD_l1 does not have stage
epoch:6 time:45.85183143615723
density:0.9999921839045961
F:0.7679407727857915,
 f:0.5132592269560186,
 penaltyvalue:0.254681545829773,
 accuracy:0.7227564102564102
SGD_l1 does not have stage
epoch:7 time:45.57359433174133
density:0.9999893701102507
F:0.7388001086126653,
 f:0.48407005754912774,
 penaltyvalue:0.2547300510635376,
 accuracy:0.7548076923076923
SGD_l1 does not have stage
epoch:8 time:48.08402872085571
density:0.9999918712607799
F:0.6960424305210579,
 f:0.44126390683941724,
 penaltyvalue:0.2547785236816406,
 accuracy:0.7580128205128205
SGD_l1 does not have stage
epoch:9 time:47.57984781265259
density:0.9999896827540669
F:0.7121196879761393,
 f:0.45728649671484783,
 penaltyvalue:0.2548331912612915,
 accuracy:0.7612179487179487
SGD_l1 does not have stage
epoch:10 time:48.0312020778656
density:0.9999868689597214
F:0.6528342596763983,
 f:0.397942239191474,
 penaltyvalue:0.2548920204849243,
 accuracy:0.7676282051282052
SGD_l1 does not have stage
epoch:11 time:45.8211088180542
density:0.9999887448226185
F:0.6461221493311161,
 f:0.3911678754701847,
 penaltyvalue:0.2549542738609314,
 accuracy:0.7467948717948718
SGD_l1 does not have stage
epoch:12 time:48.62055277824402
density:0.99998780689117
F:0.6079107018987842,
 f:0.3528888643514819,
 penaltyvalue:0.25502183754730223,
 accuracy:0.7612179487179487
SGD_l1 does not have stage
epoch:13 time:47.165361166000366
density:0.9999821793024791
F:0.6599595648203593,
 f:0.40486814481456107,
 penaltyvalue:0.2550914200057983,
 accuracy:0.7451923076923077
SGD_l1 does not have stage
epoch:14 time:46.99738025665283
density:0.9999896827540669
F:0.5874437732196203,
 f:0.33228486231187493,
 penaltyvalue:0.2551589109077454,
 accuracy:0.7692307692307693
SGD_l1 does not have stage
epoch:15 time:48.8024423122406
density:0.9999812413710307
F:0.5545317395168863,
 f:0.29929237685552457,
 penaltyvalue:0.2552393626613617,
 accuracy:0.7516025641025641
SGD_l1 does not have stage
epoch:16 time:48.59727478027344
density:0.9999828045901115
F:0.5431443773127533,
 f:0.2878307703791595,
 penaltyvalue:0.2553136069335938,
 accuracy:0.7467948717948718
SGD_l1 does not have stage
epoch:17 time:47.68380856513977
density:0.999981866658663
F:0.5147391052012095,
 f:0.25933795222421974,
 penaltyvalue:0.25540115297698973,
 accuracy:0.7371794871794872
SGD_l1 does not have stage
epoch:18 time:46.530792474746704
density:0.9999865563159053
F:0.5210755422444227,
 f:0.2655917871289137,
 penaltyvalue:0.255483755115509,
 accuracy:0.7580128205128205
SGD_l1 does not have stage
epoch:19 time:48.13221001625061
density:0.9999843678091922
F:0.491405284729283,
 f:0.23583240916089312,
 penaltyvalue:0.2555728755683899,
 accuracy:0.7355769230769231
SGD_l1 does not have stage
epoch:20 time:46.69340229034424
density:0.9999815540148468
F:0.45911318428581516,
 f:0.2034620966126279,
 penaltyvalue:0.2556510876731873,
 accuracy:0.7596153846153846
SGD_l1 does not have stage
epoch:21 time:46.96672439575195
density:0.9999806160833984
F:0.44007413492381864,
 f:0.18434810965526394,
 penaltyvalue:0.2557260252685547,
 accuracy:0.7355769230769231
SGD_l1 does not have stage
epoch:22 time:48.53058409690857
density:0.9999843678091922
F:0.44879672592320097,
 f:0.19300088340916285,
 penaltyvalue:0.2557958425140381,
 accuracy:0.7419871794871795
SGD_l1 does not have stage
epoch:23 time:47.95475935935974
density:0.999979990795766
F:0.4052791938317113,
 f:0.14939961873176621,
 penaltyvalue:0.2558795750999451,
 accuracy:0.7355769230769231
SGD_l1 does not have stage
epoch:24 time:47.549384117126465
density:0.9999831172339276
F:0.4522000933610637,
 f:0.19623117585007738,
 penaltyvalue:0.2559689175109863,
 accuracy:0.7580128205128205
SGD_l1 does not have stage
epoch:25 time:48.411418437957764
density:0.9999809287272146
F:0.46465786338775916,
 f:0.2085820461918668,
 penaltyvalue:0.25607581719589234,
 accuracy:0.7211538461538461
SGD_l1 does not have stage
epoch:26 time:48.38268327713013
density:0.9999756137823399
F:0.43880776621242845,
 f:0.18267190256496754,
 penaltyvalue:0.25613586364746094,
 accuracy:0.7516025641025641
SGD_l1 does not have stage
epoch:27 time:46.138866901397705
density:0.9999784275766853
F:0.4244976318604423,
 f:0.1682773761269523,
 penaltyvalue:0.25622025573349,
 accuracy:0.7307692307692307
SGD_l1 does not have stage
epoch:28 time:45.72019672393799
density:0.999974050563259
F:0.3937138294825496,
 f:0.13744105116986646,
 penaltyvalue:0.25627277831268314,
 accuracy:0.75
SGD_l1 does not have stage
epoch:29 time:47.80900168418884
density:0.9999709241250976
F:0.4205184580559381,
 f:0.16417065807958928,
 penaltyvalue:0.2563477999763489,
 accuracy:0.7548076923076923
SGD_l1 does not have stage
epoch:30 time:47.17509126663208
density:0.9999624827420613
F:0.3750530719011528,
 f:0.11865496662695234,
 penaltyvalue:0.2563981052742004,
 accuracy:0.7419871794871795
SGD_l1 does not have stage
epoch:31 time:47.38204383850098
density:0.9999874942473538
F:0.3223257070646054,
 f:0.06593662863824426,
 penaltyvalue:0.2563890784263611,
 accuracy:0.7532051282051282
SGD_l1 does not have stage
epoch:32 time:48.159385681152344
density:0.999979990795766
F:0.30830294642085565,
 f:0.05192333532542717,
 penaltyvalue:0.25637961109542845,
 accuracy:0.7660256410256411
SGD_l1 does not have stage
epoch:33 time:47.81900334358215
density:0.9999874942473538
F:0.2921398308565064,
 f:0.035769771103088446,
 penaltyvalue:0.256370059753418,
 accuracy:0.7708333333333334
SGD_l1 does not have stage
epoch:34 time:47.96109938621521
density:0.999971862056546
F:0.2826514695826391,
 f:0.026291409825406422,
 penaltyvalue:0.2563600597572327,
 accuracy:0.7708333333333334
SGD_l1 does not have stage
epoch:35 time:47.34825682640076
density:0.9999656091802229
F:0.2826551103481934,
 f:0.026304454304187035,
 penaltyvalue:0.25635065604400636,
 accuracy:0.7708333333333334
SGD_l1 does not have stage
epoch:36 time:47.78053545951843
density:0.9999765517137883
F:0.2769157900419628,
 f:0.020575302107850225,
 penaltyvalue:0.25634048793411257,
 accuracy:0.7676282051282052
SGD_l1 does not have stage
epoch:37 time:48.4031343460083
density:0.999977802289053
F:0.27135448421670244,
 f:0.015024300130856474,
 penaltyvalue:0.25633018408584596,
 accuracy:0.7612179487179487
SGD_l1 does not have stage
epoch:38 time:45.43910503387451
density:0.999947788482702
F:0.27194283056081725,
 f:0.0156227873479266,
 penaltyvalue:0.25632004321289065,
 accuracy:0.7628205128205128
SGD_l1 does not have stage
epoch:39 time:46.58666658401489
density:0.9999687356183845
F:0.267934750886127,
 f:0.011625060868426794,
 penaltyvalue:0.2563096900177002,
 accuracy:0.7580128205128205
SGD_l1 does not have stage
epoch:40 time:48.411521434783936
density:0.9999599815915321
F:0.26800573192431,
 f:0.01170645613314175,
 penaltyvalue:0.25629927579116824,
 accuracy:0.7628205128205128
SGD_l1 does not have stage
epoch:41 time:47.13167381286621
density:0.9999674850431198
F:0.26872460270963644,
 f:0.012435751444682843,
 penaltyvalue:0.2562888512649536,
 accuracy:0.7612179487179487
SGD_l1 does not have stage
epoch:42 time:47.22213006019592
density:0.9999168367449026
F:0.26522966434525463,
 f:0.008951275978555403,
 penaltyvalue:0.25627838836669925,
 accuracy:0.7596153846153846
SGD_l1 does not have stage
epoch:43 time:48.75052809715271
density:0.9998202298057106
F:0.2649893516648659,
 f:0.008722010863626875,
 penaltyvalue:0.25626734080123903,
 accuracy:0.7612179487179487
SGD_l1 does not have stage
epoch:44 time:48.6544406414032
density:0.9999099585809472
F:0.26221272413448665,
 f:0.005956190218013234,
 penaltyvalue:0.2562565339164734,
 accuracy:0.7628205128205128
SGD_l1 does not have stage
epoch:45 time:45.57624650001526
density:0.9999230896212258
F:0.2655501656512974,
 f:0.009304686006522032,
 penaltyvalue:0.2562454796447754,
 accuracy:0.7740384615384616
SGD_l1 does not have stage
epoch:46 time:48.489179372787476
density:0.9998899493767133
F:0.2614270466824116,
 f:0.0051924418430866265,
 penaltyvalue:0.256234604839325,
 accuracy:0.7644230769230769
SGD_l1 does not have stage
epoch:47 time:48.533103942871094
density:0.99985931028273
F:0.26343767793018974,
 f:0.007213637692762948,
 penaltyvalue:0.2562240402374268,
 accuracy:0.7628205128205128
SGD_l1 does not have stage
epoch:48 time:47.24848198890686
density:0.9999371585929527
F:0.26099173747999244,
 f:0.004778606323071006,
 penaltyvalue:0.2562131311569214,
 accuracy:0.7564102564102564
SGD_l1 does not have stage
epoch:49 time:44.100828409194946
density:0.9998508688996939
F:0.2617852613603438,
 f:0.00558316843050373,
 penaltyvalue:0.2562020929298401,
 accuracy:0.7644230769230769
SGD_l1 does not have stage
epoch:50 time:45.026063203811646
density:0.9999259034155712
F:0.2601876948258799,
 f:0.0039968361947458324,
 penaltyvalue:0.25619085863113406,
 accuracy:0.7660256410256411
SGD_l1 does not have stage
epoch:51 time:47.32778978347778
density:0.9997689562198612
F:0.26015063410334216,
 f:0.003970978196664918,
 penaltyvalue:0.25617965590667724,
 accuracy:0.7580128205128205
SGD_l1 does not have stage
epoch:52 time:47.269514322280884
density:0.9998396137223122
F:0.26187814348246957,
 f:0.0057092135851612175,
 penaltyvalue:0.25616892989730833,
 accuracy:0.7596153846153846
SGD_l1 does not have stage
epoch:53 time:48.514596462249756
density:0.9999574804410029
F:0.26050501931797737,
 f:0.004346817936293963,
 penaltyvalue:0.2561582013816834,
 accuracy:0.7580128205128205
SGD_l1 does not have stage
epoch:54 time:48.69988536834717
density:0.9997158067711147
F:0.26103557641410247,
 f:0.004888524278634932,
 penaltyvalue:0.2561470521354675,
 accuracy:0.7580128205128205
SGD_l1 does not have stage
epoch:55 time:46.82154870033264
density:0.9997598895491926
F:0.2603398211304095,
 f:0.004203846269264453,
 penaltyvalue:0.25613597486114503,
 accuracy:0.7564102564102564
SGD_l1 does not have stage
epoch:56 time:45.7463276386261
density:0.9998815079936771
F:0.2591852026322285,
 f:0.0030605362503925656,
 penaltyvalue:0.25612466638183595,
 accuracy:0.7628205128205128
SGD_l1 does not have stage
epoch:57 time:46.59903049468994
density:0.9997133056205855
F:0.25950901658018716,
 f:0.003395714856706923,
 penaltyvalue:0.25611330172348024,
 accuracy:0.7612179487179487
SGD_l1 does not have stage
epoch:58 time:47.90495824813843
density:0.9995616733697501
F:0.26260349652821224,
 f:0.006501539218489353,
 penaltyvalue:0.2561019573097229,
 accuracy:0.7660256410256411
SGD_l1 does not have stage
epoch:59 time:46.45039987564087
density:0.9993987859415331
F:0.2604351469621449,
 f:0.0043445577668934695,
 penaltyvalue:0.25609058919525146,
 accuracy:0.7612179487179487
SGD_l1 does not have stage
epoch:60 time:47.21785521507263
density:0.9997261240170479
F:0.25933259513142,
 f:0.0032533705830801187,
 penaltyvalue:0.25607922454833987,
 accuracy:0.7644230769230769
SGD_l1 does not have stage
epoch:61 time:47.834969997406006
density:0.9997633286311703
F:0.25875254451211843,
 f:0.0026745801413908784,
 penaltyvalue:0.25607796437072755,
 accuracy:0.7596153846153846
SGD_l1 does not have stage
epoch:62 time:47.81415510177612
density:0.9996045055725634
F:0.25858064527878766,
 f:0.0025039444387913116,
 penaltyvalue:0.25607670083999634,
 accuracy:0.7548076923076923
SGD_l1 does not have stage
epoch:63 time:45.65582776069641
density:0.999637958460892
F:0.2586223943994715,
 f:0.0025469394891931697,
 penaltyvalue:0.25607545491027833,
 accuracy:0.7612179487179487
SGD_l1 does not have stage
epoch:64 time:49.30501699447632
density:0.9999540413590251
F:0.26087665521074943,
 f:0.004802460146204728,
 penaltyvalue:0.2560741950645447,
 accuracy:0.7580128205128205
SGD_l1 does not have stage
epoch:65 time:48.64750909805298
density:0.9997029883746523
F:0.25870432354496103,
 f:0.002631375771981278,
 penaltyvalue:0.25607294777297973,
 accuracy:0.7612179487179487
SGD_l1 does not have stage
epoch:66 time:46.34964871406555
density:0.9996195124757389
F:0.25865972955251476,
 f:0.002588035960443227,
 penaltyvalue:0.25607169359207155,
 accuracy:0.7532051282051282
SGD_l1 does not have stage
epoch:67 time:47.54515504837036
density:0.9996332688036497
F:0.2590209279733089,
 f:0.002950501036205579,
 penaltyvalue:0.2560704269371033,
 accuracy:0.7612179487179487
SGD_l1 does not have stage
epoch:68 time:47.19124150276184
density:0.999923402265042
F:0.25928026222445094,
 f:0.0032110843756349714,
 penaltyvalue:0.25606917784881594,
 accuracy:0.7548076923076923
SGD_l1 does not have stage
epoch:69 time:46.38721776008606
density:0.9998605608579947
F:0.259766915003909,
 f:0.003698993613375578,
 penaltyvalue:0.25606792139053347,
 accuracy:0.7532051282051282
SGD_l1 does not have stage
epoch:70 time:47.15426063537598
density:0.999736441262981
F:0.25835045059368633,
 f:0.002283794072842816,
 penaltyvalue:0.25606665652084354,
 accuracy:0.7628205128205128
SGD_l1 does not have stage
epoch:71 time:47.25005507469177
density:0.9998242941753206
F:0.25963293246885294,
 f:0.003567536343059434,
 penaltyvalue:0.2560653961257935,
 accuracy:0.7612179487179487
SGD_l1 does not have stage
epoch:72 time:46.809895277023315
density:0.999913397662925
F:0.2579653482764585,
 f:0.0019012103141171903,
 penaltyvalue:0.25606413796234134,
 accuracy:0.7596153846153846
SGD_l1 does not have stage
epoch:73 time:45.23194217681885
density:0.9996182619004742
F:0.25827212249716436,
 f:0.002209234126650433,
 penaltyvalue:0.25606288837051394,
 accuracy:0.7596153846153846
SGD_l1 does not have stage
epoch:74 time:47.99380159378052
density:0.9996148228184966
F:0.2583353462505156,
 f:0.002273696657162296,
 penaltyvalue:0.25606164959335326,
 accuracy:0.7596153846153846
SGD_l1 does not have stage
epoch:75 time:49.481022357940674
density:0.999858997638914
F:0.25859774887409864,
 f:0.0025373609117572992,
 penaltyvalue:0.2560603879623413,
 accuracy:0.7596153846153846
SGD_l1 does not have stage
epoch:76 time:47.598881483078
density:0.9998102252035936
F:0.2597488375115265,
 f:0.0036897062020171886,
 penaltyvalue:0.2560591313095093,
 accuracy:0.7596153846153846
SGD_l1 does not have stage
epoch:77 time:47.2317373752594
density:0.999772707945655
F:0.2581193007593644,
 f:0.0020614058466446473,
 penaltyvalue:0.25605789491271974,
 accuracy:0.7628205128205128
SGD_l1 does not have stage
epoch:78 time:48.25672626495361
density:0.9997755217400004
F:0.2583839863504281,
 f:0.0023273440736641246,
 penaltyvalue:0.25605664227676395,
 accuracy:0.7580128205128205
SGD_l1 does not have stage
epoch:79 time:46.55162811279297
density:0.9994925790863798
F:0.2584360266880559,
 f:0.0023806331219242477,
 penaltyvalue:0.2560553935661316,
 accuracy:0.7580128205128205
SGD_l1 does not have stage
epoch:80 time:50.29602336883545
density:0.9998311723392761
F:0.25858643164351547,
 f:0.0025322826681431474,
 penaltyvalue:0.2560541489753723,
 accuracy:0.7628205128205128
SGD_l1 does not have stage
epoch:81 time:49.02946090698242
density:0.9996898573343738
F:0.2597178109509012,
 f:0.003664912276889947,
 penaltyvalue:0.25605289867401126,
 accuracy:0.7612179487179487
SGD_l1 does not have stage
epoch:82 time:49.607897996902466
density:0.9999118344438441
F:0.25981366199438877,
 f:0.0037620189775735505,
 penaltyvalue:0.2560516430168152,
 accuracy:0.7628205128205128
SGD_l1 does not have stage
epoch:83 time:47.28993225097656
density:0.9995704273966024
F:0.2584431248661185,
 f:0.0023927428623343387,
 penaltyvalue:0.25605038200378416,
 accuracy:0.7580128205128205
SGD_l1 does not have stage
epoch:84 time:48.44418430328369
density:0.9995804319987194
F:0.26225518619288457,
 f:0.006206058793440007,
 penaltyvalue:0.2560491273994446,
 accuracy:0.7644230769230769
SGD_l1 does not have stage
epoch:85 time:49.079890966415405
density:0.9997789608219781
F:0.2580738525894774,
 f:0.0020259538162840395,
 penaltyvalue:0.25604789877319334,
 accuracy:0.7564102564102564
SGD_l1 does not have stage
epoch:86 time:48.39608693122864
density:0.9997483217279949
F:0.25845492159128924,
 f:0.002408286978252141,
 penaltyvalue:0.2560466346130371,
 accuracy:0.7580128205128205
SGD_l1 does not have stage
epoch:87 time:47.60134243965149
density:0.9995844963683295
F:0.25855364924166,
 f:0.0025082793152073355,
 penaltyvalue:0.25604536992645266,
 accuracy:0.7596153846153846
SGD_l1 does not have stage
epoch:88 time:47.25685930252075
density:0.9993987859415331
F:0.25761284994364064,
 f:0.001568739153387979,
 penaltyvalue:0.2560441107902527,
 accuracy:0.7564102564102564
SGD_l1 does not have stage
epoch:89 time:52.391966104507446
density:0.9994794480461012
F:0.2576640031272609,
 f:0.0016211612922389332,
 penaltyvalue:0.25604284183502196,
 accuracy:0.7580128205128205
SGD_l1 does not have stage
epoch:90 time:46.661766052246094
density:0.9995769929167417
F:0.25788935899030646,
 f:0.0018477697683520978,
 penaltyvalue:0.25604158922195436,
 accuracy:0.7596153846153846
SGD_l1 does not have stage
epoch:91 time:46.98246383666992
density:0.9997298757428417
F:0.2626778199663522,
 f:0.006636256550824861,
 penaltyvalue:0.25604156341552736,
 accuracy:0.7612179487179487
SGD_l1 does not have stage
epoch:92 time:47.50118088722229
density:0.9995460411789423
F:0.25899966694529447,
 f:0.0029581282032290247,
 penaltyvalue:0.2560415387420654,
 accuracy:0.7612179487179487
SGD_l1 does not have stage
epoch:93 time:48.74018359184265
density:0.9999246528403065
F:0.2578182809769216,
 f:0.0017767702385487899,
 penaltyvalue:0.25604151073837284,
 accuracy:0.7580128205128205
SGD_l1 does not have stage
epoch:94 time:48.00215435028076
density:0.9996773515817275
F:0.2598130761224841,
 f:0.0037715891191576856,
 penaltyvalue:0.2560414870033264,
 accuracy:0.7628205128205128
SGD_l1 does not have stage
epoch:95 time:46.84171199798584
density:0.9996698481301398
F:0.25956631006228925,
 f:0.00352485291659832,
 penaltyvalue:0.25604145714569093,
 accuracy:0.7483974358974359
SGD_l1 does not have stage
epoch:96 time:49.3101441860199
density:0.9999018298417272
F:0.25871222187746495,
 f:0.0026707896684500868,
 penaltyvalue:0.2560414322090149,
 accuracy:0.7644230769230769
SGD_l1 does not have stage
epoch:97 time:46.15637135505676
density:0.9996201377633711
F:0.25889732570559687,
 f:0.002855915160247738,
 penaltyvalue:0.2560414105453491,
 accuracy:0.7644230769230769
SGD_l1 does not have stage
epoch:98 time:45.508068799972534
density:0.9994706940192488
F:0.25829736853003205,
 f:0.0022559890668362196,
 penaltyvalue:0.25604137946319583,
 accuracy:0.7596153846153846
SGD_l1 does not have stage
epoch:99 time:47.185704946517944
density:0.9997292504552094
F:0.2583557379328203,
 f:0.0023143839441728212,
 penaltyvalue:0.25604135398864747,
 accuracy:0.7596153846153846
SGD_l1 does not have stage
epoch:100 time:50.451738357543945
density:0.9997623906997218
F:0.2583263540817545,
 f:0.0022850293785379064,
 penaltyvalue:0.25604132470321656,
 accuracy:0.7612179487179487
SGD_l1 does not have stage
epoch:101 time:46.91189193725586
density:0.9995832457930648
F:0.2591291899502108,
 f:0.003087891534073051,
 penaltyvalue:0.2560412984161377,
 accuracy:0.7628205128205128
SGD_l1 does not have stage
epoch:102 time:46.234394550323486
density:0.999724560797967
F:0.257988668669545,
 f:0.0019473958996169996,
 penaltyvalue:0.256041272769928,
 accuracy:0.7644230769230769
SGD_l1 does not have stage
epoch:103 time:46.35369420051575
density:0.9998167907237329
F:0.25796283523981445,
 f:0.0019215843853222707,
 penaltyvalue:0.2560412508544922,
 accuracy:0.7596153846153846
SGD_l1 does not have stage
epoch:104 time:47.47407245635986
density:0.9996757883626468
F:0.2613675402510438,
 f:0.005326320421484458,
 penaltyvalue:0.25604121982955935,
 accuracy:0.7612179487179487
SGD_l1 does not have stage
epoch:105 time:47.51984882354736
density:0.9995773055605579
F:0.25822626585864417,
 f:0.0021850683679520266,
 penaltyvalue:0.25604119749069215,
 accuracy:0.7612179487179487
SGD_l1 does not have stage
epoch:106 time:46.546062707901
density:0.9996726619244852
F:0.2595291672638286,
 f:0.00348800147327072,
 penaltyvalue:0.25604116579055786,
 accuracy:0.7660256410256411
SGD_l1 does not have stage
epoch:107 time:49.3871853351593
density:0.9994919537987474
F:0.2598282894124873,
 f:0.0037871499662287533,
 penaltyvalue:0.25604113944625856,
 accuracy:0.7612179487179487
SGD_l1 does not have stage
epoch:108 time:47.573768854141235
density:0.9998033470396382
F:0.25852363406347245,
 f:0.002482521716823302,
 penaltyvalue:0.25604111234664917,
 accuracy:0.7628205128205128
SGD_l1 does not have stage
epoch:109 time:47.06694459915161
density:0.99983898843468
F:0.2599556631743716,
 f:0.0039145854804324125,
 penaltyvalue:0.2560410776939392,
 accuracy:0.7596153846153846
SGD_l1 does not have stage
epoch:110 time:49.4428596496582
density:0.9996504642135382
F:0.25911779374169314,
 f:0.0030767384209533836,
 penaltyvalue:0.25604105532073973,
 accuracy:0.7644230769230769
SGD_l1 does not have stage
epoch:111 time:47.818769454956055
density:0.9994444319386918
F:0.2594674564608779,
 f:0.0034264233531203212,
 penaltyvalue:0.25604103310775755,
 accuracy:0.7596153846153846
SGD_l1 does not have stage
epoch:112 time:45.98486685752869
density:0.999466942293455
F:0.2578985157117057,
 f:0.0018575133999991344,
 penaltyvalue:0.25604100231170657,
 accuracy:0.7516025641025641
SGD_l1 does not have stage
epoch:113 time:49.886075496673584
density:0.9997792734657943
F:0.2589761876661225,
 f:0.0029352114240570764,
 penaltyvalue:0.25604097624206545,
 accuracy:0.7564102564102564
SGD_l1 does not have stage
epoch:114 time:46.85220813751221
density:0.9996745377873822
F:0.25842640597347905,
 f:0.0023854543247669026,
 penaltyvalue:0.25604095164871216,
 accuracy:0.7596153846153846
SGD_l1 does not have stage
epoch:115 time:48.268993854522705
density:0.9995225928927307
F:0.2578796382751723,
 f:0.0018387128792067126,
 penaltyvalue:0.25604092539596557,
 accuracy:0.7580128205128205
SGD_l1 does not have stage
epoch:116 time:47.95336890220642
density:0.999370335354263
F:0.259405335745886,
 f:0.0033644356299191713,
 penaltyvalue:0.2560409001159668,
 accuracy:0.7580128205128205
SGD_l1 does not have stage
epoch:117 time:47.19551992416382
density:0.9997758343838166
F:0.2584485429801778,
 f:0.0024076731223896964,
 penaltyvalue:0.25604086985778807,
 accuracy:0.7612179487179487
SGD_l1 does not have stage
epoch:118 time:48.93869638442993
density:0.9999443494007243
F:0.2587753997315678,
 f:0.0027345559891972055,
 penaltyvalue:0.2560408437423706,
 accuracy:0.7548076923076923
SGD_l1 does not have stage
epoch:119 time:48.89718532562256
density:0.9998790068431479
F:0.2583357558715097,
 f:0.0022949407050363354,
 penaltyvalue:0.25604081516647337,
 accuracy:0.7612179487179487
SGD_l1 does not have stage
epoch:120 time:48.197208881378174
density:0.9998199171618944
F:0.25945429964498823,
 f:0.003413513798278007,
 penaltyvalue:0.2560407858467102,
 accuracy:0.7628205128205128
SGD_l1 does not have stage
epoch:121 time:47.38297080993652
density:0.9997855263421174
F:0.258919470283993,
 f:0.002878682514675325,
 penaltyvalue:0.25604078776931766,
 accuracy:0.7596153846153846
SGD_l1 does not have stage
epoch:122 time:47.09442949295044
density:0.9995107124277167
F:0.2581795992503881,
 f:0.002138812774252828,
 penaltyvalue:0.25604078647613526,
 accuracy:0.7612179487179487
SGD_l1 does not have stage
epoch:123 time:47.11566472053528
density:0.9996392090361567
F:0.2590911304110205,
 f:0.003050342344156489,
 penaltyvalue:0.25604078806686403,
 accuracy:0.7628205128205128
SGD_l1 does not have stage
epoch:124 time:48.42291855812073
density:0.9998017838205575
F:0.2631217469462648,
 f:0.00708095886795668,
 penaltyvalue:0.2560407880783081,
 accuracy:0.7612179487179487
SGD_l1 does not have stage
epoch:125 time:47.14973282814026
density:0.9994738204574104
F:0.25825481687569246,
 f:0.002214029838796705,
 penaltyvalue:0.25604078703689576,
 accuracy:0.7612179487179487
SGD_l1 does not have stage
epoch:126 time:46.91929244995117
density:0.9998962022530364
F:0.26122683249531586,
 f:0.0051860477357943795,
 penaltyvalue:0.25604078475952147,
 accuracy:0.7548076923076923
SGD_l1 does not have stage
epoch:127 time:48.073721408843994
density:0.9997448826460171
F:0.2586738300265555,
 f:0.0026330441455129625,
 penaltyvalue:0.2560407858810425,
 accuracy:0.7580128205128205
SGD_l1 does not have stage
epoch:128 time:47.882954120635986
density:0.9996523400764351
F:0.259477990750414,
 f:0.0034372032557546,
 penaltyvalue:0.2560407874946594,
 accuracy:0.7564102564102564
SGD_l1 does not have stage
epoch:129 time:48.041703939437866
density:0.9998064734777998
F:0.2589310742169375,
 f:0.0028902868138308206,
 penaltyvalue:0.2560407874031067,
 accuracy:0.7564102564102564
SGD_l1 does not have stage
epoch:130 time:45.086135387420654
density:0.9996276412149588
F:0.2591656755789354,
 f:0.003124889285905605,
 penaltyvalue:0.2560407862930298,
 accuracy:0.7612179487179487
SGD_l1 does not have stage
epoch:131 time:47.092710733413696
density:0.9995954389018948
F:0.25777124214518027,
 f:0.0017304556804890858,
 penaltyvalue:0.2560407864646912,
 accuracy:0.7660256410256411
SGD_l1 does not have stage
epoch:132 time:49.41450500488281
density:0.9998099125597775
F:0.2588665378537177,
 f:0.002825751274585633,
 penaltyvalue:0.2560407865791321,
 accuracy:0.7596153846153846
SGD_l1 does not have stage
epoch:133 time:46.85334849357605
density:0.9998014711767413
F:0.2581354968517579,
 f:0.0020947089679993506,
 penaltyvalue:0.25604078788375856,
 accuracy:0.7660256410256411
SGD_l1 does not have stage
epoch:134 time:48.30228543281555
density:0.9996504642135382
F:0.25824040969270634,
 f:0.002199622896136489,
 penaltyvalue:0.25604078679656983,
 accuracy:0.7628205128205128
SGD_l1 does not have stage
epoch:135 time:49.02902150154114
density:0.9995547952057947
F:0.2589123091882697,
 f:0.002871520892523865,
 penaltyvalue:0.25604078829574584,
 accuracy:0.7596153846153846
SGD_l1 does not have stage
epoch:136 time:45.35002660751343
density:0.9995951262580787
F:0.2633915228102764,
 f:0.0073507354529460936,
 penaltyvalue:0.2560407873573303,
 accuracy:0.7612179487179487
SGD_l1 does not have stage
epoch:137 time:48.317076206207275
density:0.9994478710206695
F:0.2605732019345821,
 f:0.00453241607642778,
 penaltyvalue:0.2560407858581543,
 accuracy:0.7548076923076923
SGD_l1 does not have stage
epoch:138 time:48.028870582580566
density:0.9996110710927026
F:0.26152050662059684,
 f:0.005479719183157857,
 penaltyvalue:0.25604078743743897,
 accuracy:0.7580128205128205
SGD_l1 does not have stage
epoch:139 time:46.84654903411865
density:0.9997870895611981
F:0.25927292009952374,
 f:0.0032321317007810604,
 penaltyvalue:0.25604078839874267,
 accuracy:0.7580128205128205
SGD_l1 does not have stage
epoch:140 time:47.40746545791626
density:0.9997536366728695
F:0.25916099389265035,
 f:0.003120207050304133,
 penaltyvalue:0.2560407868423462,
 accuracy:0.7612179487179487
SGD_l1 does not have stage
epoch:141 time:48.939539194107056
density:0.9994566250475219
F:0.2578419375928095,
 f:0.0018011505215814927,
 penaltyvalue:0.256040787071228,
 accuracy:0.7644230769230769
SGD_l1 does not have stage
epoch:142 time:47.15140724182129
density:0.9998327355583568
F:0.2576166724086648,
 f:0.0015758851886636055,
 penaltyvalue:0.25604078722000123,
 accuracy:0.7692307692307693
SGD_l1 does not have stage
epoch:143 time:47.413612842559814
density:0.9996360825979951
F:0.2579094116213903,
 f:0.0018686226046666866,
 penaltyvalue:0.2560407890167236,
 accuracy:0.7596153846153846
SGD_l1 does not have stage
epoch:144 time:48.3823299407959
density:0.9993375077535667
F:0.25844555463887925,
 f:0.0024047671098875382,
 penaltyvalue:0.25604078752899173,
 accuracy:0.7612179487179487
SGD_l1 does not have stage
epoch:145 time:49.47475719451904
density:0.999652027432619
F:0.2582756405154224,
 f:0.002234852414226114,
 penaltyvalue:0.2560407881011963,
 accuracy:0.7612179487179487
SGD_l1 does not have stage
epoch:146 time:46.755348920822144
density:0.9999299677851812
F:0.2582227099491874,
 f:0.002181924731902233,
 penaltyvalue:0.2560407852172852,
 accuracy:0.7612179487179487
SGD_l1 does not have stage
epoch:147 time:46.20598292350769
density:0.9998808827060448
F:0.2584255185918221,
 f:0.002384731600702763,
 penaltyvalue:0.2560407869911194,
 accuracy:0.7644230769230769
SGD_l1 does not have stage
epoch:148 time:49.322657108306885
density:0.9995995032715049
F:0.25795574559947754,
 f:0.001914956399648473,
 penaltyvalue:0.2560407891998291,
 accuracy:0.7612179487179487
SGD_l1 does not have stage
epoch:149 time:48.6083619594574
density:0.9994531859655441
F:0.2604075823428715,
 f:0.004366794459112897,
 penaltyvalue:0.25604078788375856,
 accuracy:0.7644230769230769
SGD_l1 does not have stage
epoch:150 time:46.74578833580017
density:0.9996564044460452
F:0.25887062343566325,
 f:0.002829838115381213,
 penaltyvalue:0.256040785320282,
 accuracy:0.7596153846153846
SGD_l1 does not have stage
epoch:151 time:47.42443323135376
density:0.9996326435160173
F:0.25833673229380566,
 f:0.0022959469735236247,
 penaltyvalue:0.256040785320282,
 accuracy:0.7644230769230769
SGD_l1 does not have stage
epoch:152 time:47.846630811691284
density:0.999879319486964
F:0.2605137025328013,
 f:0.0044729157362314986,
 penaltyvalue:0.25604078679656983,
 accuracy:0.7612179487179487
SGD_l1 does not have stage
epoch:153 time:45.289403200149536
density:0.9996545285831483
F:0.2586259843842638,
 f:0.002585199235643192,
 penaltyvalue:0.2560407851486206,
 accuracy:0.7612179487179487
SGD_l1 does not have stage
epoch:154 time:45.6940381526947
density:0.9997320642495547
F:0.2593726690726571,
 f:0.0033318839240364913,
 penaltyvalue:0.2560407851486206,
 accuracy:0.7548076923076923
SGD_l1 does not have stage
epoch:155 time:47.50589203834534
density:0.9998477424615323
F:0.25906119965425156,
 f:0.003020413075119439,
 penaltyvalue:0.2560407865791321,
 accuracy:0.7516025641025641
SGD_l1 does not have stage
epoch:156 time:46.91113996505737
density:0.9998092872721452
F:0.2578679656642417,
 f:0.0018271789020040958,
 penaltyvalue:0.25604078676223757,
 accuracy:0.7596153846153846
SGD_l1 does not have stage
epoch:157 time:46.505221128463745
density:0.9997214343598055
F:0.25933286560801694,
 f:0.0032920804479522857,
 penaltyvalue:0.2560407851600647,
 accuracy:0.7628205128205128
SGD_l1 does not have stage
epoch:158 time:47.65772557258606
density:0.9995000825379675
F:0.2586153091662376,
 f:0.00257452398328474,
 penaltyvalue:0.25604078518295287,
 accuracy:0.7612179487179487
SGD_l1 does not have stage
epoch:159 time:49.48653960227966
density:0.9997467585089141
F:0.2594592119928255,
 f:0.0034184268556489814,
 penaltyvalue:0.25604078513717654,
 accuracy:0.7580128205128205
SGD_l1 does not have stage
epoch:160 time:48.6903977394104
density:0.9993884686955999
F:0.25861497285367013,
 f:0.0025741891813373602,
 penaltyvalue:0.2560407836723328,
 accuracy:0.7596153846153846
SGD_l1 does not have stage
epoch:161 time:46.90555262565613
density:0.9996657837605298
F:0.2632152121249447,
 f:0.007174425500036195,
 penaltyvalue:0.2560407866249085,
 accuracy:0.7596153846153846
SGD_l1 does not have stage
epoch:162 time:46.831382513046265
density:0.999569489465154
F:0.2585804710086028,
 f:0.0025396858485381506,
 penaltyvalue:0.2560407851600647,
 accuracy:0.7612179487179487
SGD_l1 does not have stage
epoch:163 time:47.713881969451904
density:0.9996448366248474
F:0.2582796317245887,
 f:0.002238845031015666,
 penaltyvalue:0.256040786693573,
 accuracy:0.7548076923076923
SGD_l1 does not have stage
epoch:164 time:49.0624885559082
density:0.9993997238729816
F:0.2577766819669221,
 f:0.0017358952275727216,
 penaltyvalue:0.2560407867393494,
 accuracy:0.7596153846153846
SGD_l1 does not have stage
epoch:165 time:48.02157402038574
density:0.9995344733577446
F:0.2597843819263355,
 f:0.00374359665182987,
 penaltyvalue:0.25604078527450563,
 accuracy:0.7612179487179487
SGD_l1 does not have stage
epoch:166 time:49.055508613586426
density:0.9995085239210036
F:0.2577351892749806,
 f:0.00169440531654556,
 penaltyvalue:0.25604078395843505,
 accuracy:0.7596153846153846
SGD_l1 does not have stage
epoch:167 time:48.0012149810791
density:0.9998199171618944
F:0.25805307304169284,
 f:0.002012287835851766,
 penaltyvalue:0.25604078520584106,
 accuracy:0.7612179487179487
SGD_l1 does not have stage
epoch:168 time:46.161681175231934
density:0.9996682849110591
F:0.25796146556157523,
 f:0.0019206802641813894,
 penaltyvalue:0.2560407852973938,
 accuracy:0.7596153846153846
SGD_l1 does not have stage
epoch:169 time:47.83490252494812
density:0.9995854342997779
F:0.25804570621038936,
 f:0.002004921027436489,
 penaltyvalue:0.25604078518295287,
 accuracy:0.7580128205128205
SGD_l1 does not have stage
epoch:170 time:48.49492335319519
density:0.9996742251435661
F:0.25898826339913367,
 f:0.002947478170404438,
 penaltyvalue:0.25604078522872925,
 accuracy:0.7596153846153846
SGD_l1 does not have stage
epoch:171 time:46.3353066444397
density:0.9993375077535667
F:0.25927051778010246,
 f:0.0032297344282042327,
 penaltyvalue:0.2560407833518982,
 accuracy:0.7676282051282052
SGD_l1 does not have stage
epoch:172 time:47.248783349990845
density:0.9998033470396382
F:0.25836340281596576,
 f:0.002322617335466486,
 penaltyvalue:0.2560407854804993,
 accuracy:0.7612179487179487
SGD_l1 does not have stage
epoch:173 time:47.462719678878784
density:0.9996048182163796
F:0.25834420598971586,
 f:0.002303420417663846,
 penaltyvalue:0.256040785572052,
 accuracy:0.7644230769230769
SGD_l1 does not have stage
epoch:174 time:47.37082839012146
density:0.9996398343237889
F:0.25805535298251425,
 f:0.0020145676851204435,
 penaltyvalue:0.2560407852973938,
 accuracy:0.7596153846153846
SGD_l1 does not have stage
epoch:175 time:47.927433252334595
density:0.9995385377273546
F:0.25827568961758274,
 f:0.0022349042744125897,
 penaltyvalue:0.25604078534317015,
 accuracy:0.7596153846153846
SGD_l1 does not have stage
epoch:176 time:50.53539514541626
density:0.9995085239210036
F:0.2586609852643048,
 f:0.002620199898246494,
 penaltyvalue:0.25604078536605834,
 accuracy:0.7580128205128205
SGD_l1 does not have stage
epoch:177 time:50.50740694999695
density:0.9995960641895272
F:0.26169681392676625,
 f:0.005656028423378835,
 penaltyvalue:0.25604078550338744,
 accuracy:0.7644230769230769
SGD_l1 does not have stage
epoch:178 time:47.92378640174866
density:0.9997517608099726
F:0.2579105923298525,
 f:0.0018698053616212635,
 penaltyvalue:0.2560407869682312,
 accuracy:0.7596153846153846
SGD_l1 does not have stage
epoch:179 time:46.63341546058655
density:0.9996232642015327
F:0.2613442075928877,
 f:0.0053034219521711145,
 penaltyvalue:0.2560407856407166,
 accuracy:0.7612179487179487
SGD_l1 does not have stage
epoch:180 time:48.139055252075195
density:0.9997070527442624
F:0.25914435615674275,
 f:0.003103569348728875,
 penaltyvalue:0.2560407868080139,
 accuracy:0.7580128205128205
SGD_l1 does not have stage
epoch:181 time:48.06194853782654
density:0.9996964228545131
F:0.2601415130340065,
 f:0.004100726225992619,
 penaltyvalue:0.2560407868080139,
 accuracy:0.7564102564102564
SGD_l1 does not have stage
epoch:182 time:47.974162578582764
density:0.999615760749945
F:0.2591705765643102,
 f:0.0031297901225071853,
 penaltyvalue:0.256040786441803,
 accuracy:0.7580128205128205
SGD_l1 does not have stage
epoch:183 time:47.544084787368774
density:0.9996098205174381
F:0.257860667855747,
 f:0.00181988141394402,
 penaltyvalue:0.256040786441803,
 accuracy:0.7612179487179487
SGD_l1 does not have stage
epoch:184 time:45.6464684009552
density:0.9998699401724793
F:0.2582139200525673,
 f:0.002173133564988015,
 penaltyvalue:0.25604078648757933,
 accuracy:0.7628205128205128
SGD_l1 does not have stage
epoch:185 time:46.975528955459595
density:0.9997261240170479
F:0.2625224361681389,
 f:0.006481649314348654,
 penaltyvalue:0.2560407868537903,
 accuracy:0.7596153846153846
SGD_l1 does not have stage
epoch:186 time:45.128034591674805
density:0.9998036596834544
F:0.2593984513201401,
 f:0.0033576644434616335,
 penaltyvalue:0.2560407868766785,
 accuracy:0.7596153846153846
SGD_l1 does not have stage
epoch:187 time:49.92582416534424
density:0.9996789148008084
F:0.25788887520260845,
 f:0.0018480883488181706,
 penaltyvalue:0.2560407868537903,
 accuracy:0.7660256410256411
SGD_l1 does not have stage
epoch:188 time:48.29656910896301
density:0.9999415356063789
F:0.2593830380333819,
 f:0.0033422506417193245,
 penaltyvalue:0.2560407873916626,
 accuracy:0.7580128205128205
SGD_l1 does not have stage
epoch:189 time:46.6938259601593
density:0.9997114297576886
F:0.25780241250225455,
 f:0.0017616251105919663,
 penaltyvalue:0.2560407873916626,
 accuracy:0.7612179487179487
SGD_l1 does not have stage
epoch:190 time:49.111202001571655
density:0.9999621700982452
F:0.2588204039032571,
 f:0.002779616683255881,
 penaltyvalue:0.25604078722000123,
 accuracy:0.7596153846153846
SGD_l1 does not have stage
epoch:191 time:49.39174962043762
density:0.9997073653880785
F:0.2578219652265742,
 f:0.0017811780065729668,
 penaltyvalue:0.25604078722000123,
 accuracy:0.7628205128205128
SGD_l1 does not have stage
epoch:192 time:46.93482065200806
density:0.9994882020729535
F:0.25790940574978566,
 f:0.0018686185755607922,
 penaltyvalue:0.25604078717422485,
 accuracy:0.7596153846153846
SGD_l1 does not have stage
epoch:193 time:46.104254484176636
density:0.9999246528403065
F:0.25937496414394295,
 f:0.003334176740836261,
 penaltyvalue:0.2560407874031067,
 accuracy:0.7580128205128205
SGD_l1 does not have stage
epoch:194 time:48.64565467834473
density:0.9997508228785241
F:0.26012112199922943,
 f:0.004080334573234545,
 penaltyvalue:0.2560407874259949,
 accuracy:0.7580128205128205
SGD_l1 does not have stage
epoch:195 time:48.247971296310425
density:0.999772707945655
F:0.25845475088847164,
 f:0.002413963554029512,
 penaltyvalue:0.25604078733444213,
 accuracy:0.7644230769230769
SGD_l1 does not have stage
epoch:196 time:47.693522691726685
density:0.9995860595874102
F:0.2590430709332946,
 f:0.0030022835530760903,
 penaltyvalue:0.2560407873802185,
 accuracy:0.7580128205128205
SGD_l1 does not have stage
epoch:197 time:45.4994637966156
density:0.9996354573103627
F:0.25803063793173314,
 f:0.0019898505515146365,
 penaltyvalue:0.2560407873802185,
 accuracy:0.7644230769230769
SGD_l1 does not have stage
epoch:198 time:51.50504422187805
density:0.9997380044820617
F:0.2589097738938038,
 f:0.0028689865593616738,
 penaltyvalue:0.25604078733444213,
 accuracy:0.7628205128205128
SGD_l1 does not have stage
epoch:199 time:49.857033252716064
density:0.9997117424015047
F:0.25799820507954113,
 f:0.001957417882428073,
 penaltyvalue:0.25604078719711304,
 accuracy:0.7580128205128205
SGD_l1 does not have stage
epoch:200 time:44.45868372917175
density:0.9995547952057947
F:0.25804691681434794,
 f:0.002006129617234919,
 penaltyvalue:0.25604078719711304,
 accuracy:0.7644230769230769
SGD_l1 does not have stage


PS:

Read file <SGD78603.err> for stderr output of this job.

