Sender: LSF System <lsfadmin@volta01>
Subject: Job 78605: <MLFfinaliter4e-06> in cluster <cjdx.cluster> Done

Job <MLFfinaliter4e-06> was submitted from host <alpha02> by user <linzhenwei> in cluster <cjdx.cluster> at Wed Dec 23 02:46:09 2020
Job was executed on host(s) <volta01>, in queue <volta>, as user <linzhenwei> in cluster <cjdx.cluster> at Wed Dec 23 02:35:32 2020
</nfsshare/home/linzhenwei> was used as the home directory.
</nfsshare/home/linzhenwei/MLFinal> was used as the working directory.
Started at Wed Dec 23 02:35:32 2020
Terminated at Wed Dec 23 08:22:23 2020
Results reported at Wed Dec 23 08:22:23 2020

Your job looked like:

------------------------------------------------------------
# LSBATCH: User input
python run.py --model mobilenetv1 --optimizer SGD_l1 --lambda_ 4e-06 --max_epoch 200 --batch_size 128 --learning_rate 0.1 --edition 2.0 --Np 1 --Np2 1
------------------------------------------------------------

Successfully completed.

Resource usage summary:

    CPU time :                                   78526.00 sec.
    Max Memory :                                 6264 MB
    Average Memory :                             5738.89 MB
    Total Requested Memory :                     -
    Delta Memory :                               -
    Max Swap :                                   -
    Max Processes :                              7
    Max Threads :                                23
    Run time :                                   20814 sec.
    Turnaround time :                            20174 sec.

The output (if any) follows:

modelName: MobileNetV1
Result are saving to the CSV file ./results_SGD_l1/SGD_l1_mobilenetv1_chestX_10_edi_2.0_theta_10_lam_4.0e-06.csv
epoch:1 time:34.56095290184021
density:0.9999853057406407
F:1.3122250953305872,
 f:0.973116909585348,
 penaltyvalue:0.33910818574523927,
 accuracy:0.4775641025641026
SGD_l1 does not have stage
epoch:2 time:47.92101263999939
density:0.9999893701102507
F:1.048651533960482,
 f:0.7093185564366783,
 penaltyvalue:0.3393329775238037,
 accuracy:0.6217948717948718
SGD_l1 does not have stage
epoch:3 time:46.409109354019165
density:0.9999896827540669
F:0.9114880428634271,
 f:0.5720652399993524,
 penaltyvalue:0.33942280286407467,
 accuracy:0.7131410256410257
SGD_l1 does not have stage
epoch:4 time:46.48170757293701
density:0.9999849930968245
F:0.8893990360492612,
 f:0.5499110832446958,
 penaltyvalue:0.3394879528045654,
 accuracy:0.7419871794871795
SGD_l1 does not have stage
epoch:5 time:48.702128887176514
density:0.9999874942473538
F:0.878518497059008,
 f:0.5389892538873161,
 penaltyvalue:0.33952924317169186,
 accuracy:0.7692307692307693
SGD_l1 does not have stage
epoch:6 time:48.04814052581787
density:0.9999881195349861
F:0.9105408772801189,
 f:0.5709792557286053,
 penaltyvalue:0.33956162155151365,
 accuracy:0.7227564102564102
SGD_l1 does not have stage
epoch:7 time:47.68527173995972
density:0.9999853057406407
F:0.7835074552086155,
 f:0.4439215318458836,
 penaltyvalue:0.3395859233627319,
 accuracy:0.7323717948717948
SGD_l1 does not have stage
epoch:8 time:47.21503782272339
density:0.9999812413710307
F:0.7793866561044833,
 f:0.43975838800755945,
 penaltyvalue:0.3396282680969238,
 accuracy:0.7660256410256411
SGD_l1 does not have stage
epoch:9 time:47.883376359939575
density:0.9999806160833984
F:0.7559238478165138,
 f:0.4162276612549293,
 penaltyvalue:0.33969618656158446,
 accuracy:0.7419871794871795
SGD_l1 does not have stage
epoch:10 time:48.41298174858093
density:0.9999849930968245
F:0.7251455235466375,
 f:0.3853899778389349,
 penaltyvalue:0.3397555457077026,
 accuracy:0.7740384615384616
SGD_l1 does not have stage
epoch:11 time:47.44146227836609
density:0.9999849930968245
F:0.7113340174360507,
 f:0.37149175638105814,
 penaltyvalue:0.33984226105499266,
 accuracy:0.7708333333333334
SGD_l1 does not have stage
epoch:12 time:47.737648010253906
density:0.9999781149328691
F:0.6758229787107328,
 f:0.3359113655439237,
 penaltyvalue:0.33991161316680907,
 accuracy:0.782051282051282
SGD_l1 does not have stage
epoch:13 time:48.50853443145752
density:0.999979990795766
F:0.8629052678349193,
 f:0.5229260223667797,
 penaltyvalue:0.3399792454681396,
 accuracy:0.6698717948717948
SGD_l1 does not have stage
epoch:14 time:46.253679513931274
density:0.9999815540148468
F:0.6488431904670203,
 f:0.3087878158179725,
 penaltyvalue:0.34005537464904784,
 accuracy:0.7692307692307693
SGD_l1 does not have stage
epoch:15 time:47.490010261535645
density:0.9999762390699722
F:0.6107750872357065,
 f:0.2706364291470225,
 penaltyvalue:0.34013865808868404,
 accuracy:0.7692307692307693
SGD_l1 does not have stage
epoch:16 time:48.00559616088867
density:0.9999781149328691
F:0.6071702058136172,
 f:0.2669691414367862,
 penaltyvalue:0.34020106437683106,
 accuracy:0.7580128205128205
SGD_l1 does not have stage
epoch:17 time:44.981197118759155
density:0.999974050563259
F:0.6151960134924912,
 f:0.27491177582159276,
 penaltyvalue:0.34028423767089844,
 accuracy:0.7548076923076923
SGD_l1 does not have stage
epoch:18 time:47.716071128845215
density:0.9999756137823399
F:0.5836749039806971,
 f:0.24329221793791142,
 penaltyvalue:0.34038268604278565,
 accuracy:0.7355769230769231
SGD_l1 does not have stage
epoch:19 time:47.517149448394775
density:0.9999671723993037
F:0.5699330743466121,
 f:0.2294646243496639,
 penaltyvalue:0.34046844999694825,
 accuracy:0.7339743589743589
SGD_l1 does not have stage
epoch:20 time:43.51054883003235
density:0.9999706114812814
F:0.5517440761412178,
 f:0.21118091737351766,
 penaltyvalue:0.34056315876770016,
 accuracy:0.7532051282051282
SGD_l1 does not have stage
epoch:21 time:44.00745224952698
density:0.9999649838925906
F:0.5406991508412129,
 f:0.2000714800343281,
 penaltyvalue:0.3406276708068848,
 accuracy:0.7708333333333334
SGD_l1 does not have stage
epoch:22 time:45.11840057373047
density:0.9999712367689138
F:0.6044633921372948,
 f:0.2637225156877099,
 penaltyvalue:0.34074087644958495,
 accuracy:0.6907051282051282
SGD_l1 does not have stage
epoch:23 time:48.65940976142883
density:0.9999702988374652
F:0.5371085319917842,
 f:0.1962801416109248,
 penaltyvalue:0.3408283903808594,
 accuracy:0.7355769230769231
SGD_l1 does not have stage
epoch:24 time:47.064945936203
density:0.9999649838925906
F:0.509653591495351,
 f:0.16873110394652296,
 penaltyvalue:0.3409224875488281,
 accuracy:0.7724358974358975
SGD_l1 does not have stage
epoch:25 time:48.604528188705444
density:0.9999565425095543
F:0.512532212821565,
 f:0.17154075423391854,
 penaltyvalue:0.34099145858764646,
 accuracy:0.7516025641025641
SGD_l1 does not have stage
epoch:26 time:43.06662583351135
density:0.9999627953858775
F:0.5963628996712522,
 f:0.25530103103416724,
 penaltyvalue:0.34106186863708493,
 accuracy:0.7131410256410257
SGD_l1 does not have stage
epoch:27 time:47.14233469963074
density:0.9999524781399444
F:0.47114245695739254,
 f:0.13002167196898926,
 penaltyvalue:0.3411207849884033,
 accuracy:0.7580128205128205
SGD_l1 does not have stage
epoch:28 time:47.592472314834595
density:0.999953728715209
F:0.49304008810674854,
 f:0.1518111866785259,
 penaltyvalue:0.34122890142822265,
 accuracy:0.7612179487179487
SGD_l1 does not have stage
epoch:29 time:48.81349182128906
density:0.9999430988254597
F:0.453861633262012,
 f:0.11258709839567906,
 penaltyvalue:0.34127453486633297,
 accuracy:0.7740384615384616
SGD_l1 does not have stage
epoch:30 time:48.65217876434326
density:0.9999465379074374
F:0.48141968116192113,
 f:0.14007515941814677,
 penaltyvalue:0.3413445217437744,
 accuracy:0.7580128205128205
SGD_l1 does not have stage
epoch:31 time:47.932913303375244
density:0.9999849930968245
F:0.4110326664419581,
 f:0.06970634792999524,
 penaltyvalue:0.3413263185119629,
 accuracy:0.7548076923076923
SGD_l1 does not have stage
epoch:32 time:47.22048091888428
density:0.999974050563259
F:0.39958229280659335,
 f:0.05827342287251135,
 penaltyvalue:0.341308869934082,
 accuracy:0.7548076923076923
SGD_l1 does not have stage
epoch:33 time:47.82806086540222
density:0.9999662344678553
F:0.3829448627538943,
 f:0.041653798529651107,
 penaltyvalue:0.34129106422424316,
 accuracy:0.7467948717948718
SGD_l1 does not have stage
epoch:34 time:48.9731662273407
density:0.9999165241010864
F:0.3703228894834504,
 f:0.029049669619558786,
 penaltyvalue:0.3412732198638916,
 accuracy:0.7596153846153846
SGD_l1 does not have stage
epoch:35 time:45.844541788101196
density:0.9999502896332313
F:0.36634699873328785,
 f:0.025092191085582825,
 penaltyvalue:0.34125480764770505,
 accuracy:0.7483974358974359
SGD_l1 does not have stage
epoch:36 time:44.59441018104553
density:0.9999409103187467
F:0.36557180433430175,
 f:0.02433504707111818,
 penaltyvalue:0.3412367572631836,
 accuracy:0.7516025641025641
SGD_l1 does not have stage
epoch:37 time:45.17516589164734
density:0.9999552919342898
F:0.3597795726435831,
 f:0.018561425289457163,
 penaltyvalue:0.341218147354126,
 accuracy:0.7516025641025641
SGD_l1 does not have stage
epoch:38 time:45.97993206977844
density:0.999818979230446
F:0.3571911206904504,
 f:0.01599170867262817,
 penaltyvalue:0.3411994120178222,
 accuracy:0.7548076923076923
SGD_l1 does not have stage
epoch:39 time:46.930986642837524
density:0.9998183539428137
F:0.35795776884044017,
 f:0.01677749041331614,
 penaltyvalue:0.341180278427124,
 accuracy:0.7580128205128205
SGD_l1 does not have stage
epoch:40 time:47.59960961341858
density:0.9998121010664905
F:0.3531150317438819,
 f:0.011953977743027413,
 penaltyvalue:0.3411610540008545,
 accuracy:0.7532051282051282
SGD_l1 does not have stage
epoch:41 time:47.38190746307373
density:0.9998740045420894
F:0.3508612120659086,
 f:0.009719535430166416,
 penaltyvalue:0.3411416766357422,
 accuracy:0.7580128205128205
SGD_l1 does not have stage
epoch:42 time:47.099766969680786
density:0.9997361286191648
F:0.3524898581401422,
 f:0.011367359437139296,
 penaltyvalue:0.34112249870300293,
 accuracy:0.7612179487179487
SGD_l1 does not have stage
epoch:43 time:46.23215126991272
density:0.999780836684875
F:0.34971050622214883,
 f:0.008607813991924248,
 penaltyvalue:0.3411026922302246,
 accuracy:0.7628205128205128
SGD_l1 does not have stage
epoch:44 time:47.957332134246826
density:0.9998574344198331
F:0.34807452044909903,
 f:0.006991290941652729,
 penaltyvalue:0.3410832295074463,
 accuracy:0.7660256410256411
SGD_l1 does not have stage
epoch:45 time:47.090518951416016
density:0.9996535906516998
F:0.34853879954385264,
 f:0.007475066648955207,
 penaltyvalue:0.34106373289489744,
 accuracy:0.7612179487179487
SGD_l1 does not have stage
epoch:46 time:47.35409688949585
density:0.9998599355703623
F:0.3485138042659443,
 f:0.007469734228102536,
 penaltyvalue:0.34104407003784176,
 accuracy:0.7628205128205128
SGD_l1 does not have stage
epoch:47 time:46.72110939025879
density:0.9996173239690258
F:0.35013376411178504,
 f:0.009109722180632739,
 penaltyvalue:0.3410240419311523,
 accuracy:0.7644230769230769
SGD_l1 does not have stage
epoch:48 time:47.19335865974426
density:0.9996548412269644
F:0.349643064853344,
 f:0.008638472659740506,
 penaltyvalue:0.3410045921936035,
 accuracy:0.7548076923076923
SGD_l1 does not have stage
epoch:49 time:46.89353275299072
density:0.9997154941272985
F:0.34718097934971276,
 f:0.006196268641094609,
 penaltyvalue:0.34098471070861813,
 accuracy:0.7628205128205128
SGD_l1 does not have stage
epoch:50 time:47.860138177871704
density:0.9997555125357664
F:0.34706245475242864,
 f:0.006097582773668919,
 penaltyvalue:0.34096487197875974,
 accuracy:0.7612179487179487
SGD_l1 does not have stage
epoch:51 time:46.435206174850464
density:0.9998302344078276
F:0.3454683199706639,
 f:0.004523671655234222,
 penaltyvalue:0.3409446483154297,
 accuracy:0.7692307692307693
SGD_l1 does not have stage
epoch:52 time:47.35345673561096
density:0.999828983832563
F:0.3477576010762629,
 f:0.006832722963469966,
 penaltyvalue:0.34092487811279293,
 accuracy:0.7548076923076923
SGD_l1 does not have stage
epoch:53 time:46.49546408653259
density:0.9998424275166576
F:0.3445581578118128,
 f:0.003653446706466195,
 penaltyvalue:0.34090471110534665,
 accuracy:0.7692307692307693
SGD_l1 does not have stage
epoch:54 time:46.52226686477661
density:0.9996448366248474
F:0.3449911950054272,
 f:0.004106548276911603,
 penaltyvalue:0.3408846467285156,
 accuracy:0.7692307692307693
SGD_l1 does not have stage
epoch:55 time:46.58520555496216
density:0.9995263446185245
F:0.3471602678255094,
 f:0.006295763156319991,
 penaltyvalue:0.34086450466918944,
 accuracy:0.7692307692307693
SGD_l1 does not have stage
epoch:56 time:47.50950646400452
density:0.9995060227704744
F:0.34380524160999637,
 f:0.0029606465477405525,
 penaltyvalue:0.34084459506225584,
 accuracy:0.7708333333333334
SGD_l1 does not have stage
epoch:57 time:46.348393201828
density:0.9990961467274947
F:0.34367117970300093,
 f:0.0028469483950175345,
 penaltyvalue:0.3408242313079834,
 accuracy:0.7692307692307693
SGD_l1 does not have stage
epoch:58 time:41.6872079372406
density:0.9998486803929808
F:0.3442677114874177,
 f:0.003463760941153074,
 penaltyvalue:0.3408039505462646,
 accuracy:0.7724358974358975
SGD_l1 does not have stage
epoch:59 time:47.77756905555725
density:0.9997608274806411
F:0.3434595078655308,
 f:0.0026757961803502064,
 penaltyvalue:0.3407837116851806,
 accuracy:0.7772435897435898
SGD_l1 does not have stage
epoch:60 time:46.655659675598145
density:0.9994522480340957
F:0.3436586395711316,
 f:0.0028951916951549853,
 penaltyvalue:0.34076344787597657,
 accuracy:0.7756410256410257
SGD_l1 does not have stage
epoch:61 time:40.566715240478516
density:0.9998333608459892
F:0.34360563732999844,
 f:0.002844143509808019,
 penaltyvalue:0.34076149382019044,
 accuracy:0.7660256410256411
SGD_l1 does not have stage
epoch:62 time:46.17064070701599
density:0.9994559997598895
F:0.34485150327717756,
 f:0.004091956676835785,
 penaltyvalue:0.3407595466003418,
 accuracy:0.7724358974358975
SGD_l1 does not have stage
epoch:63 time:45.42281651496887
density:0.9992459031154332
F:0.3429408737037858,
 f:0.002183288483448872,
 penaltyvalue:0.3407575852203369,
 accuracy:0.7676282051282052
SGD_l1 does not have stage
epoch:64 time:48.0726854801178
density:0.9993834663945415
F:0.3446918878483818,
 f:0.003936254990105404,
 penaltyvalue:0.34075563285827637,
 accuracy:0.7676282051282052
SGD_l1 does not have stage
epoch:65 time:40.95777106285095
density:0.9992587215118954
F:0.34388095397746166,
 f:0.003127262388106163,
 penaltyvalue:0.3407536915893555,
 accuracy:0.7772435897435898
SGD_l1 does not have stage
epoch:66 time:48.199532985687256
density:0.999354390519639
F:0.3444965650202366,
 f:0.0037448245112034605,
 penaltyvalue:0.3407517405090332,
 accuracy:0.7628205128205128
SGD_l1 does not have stage
epoch:67 time:48.48153781890869
density:0.99938033995638
F:0.34417080689187773,
 f:0.0034210245890213494,
 penaltyvalue:0.3407497823028564,
 accuracy:0.7756410256410257
SGD_l1 does not have stage
epoch:68 time:46.89840507507324
density:0.999110840986854
F:0.3431565708752963,
 f:0.0024087192212435896,
 penaltyvalue:0.3407478516540527,
 accuracy:0.7708333333333334
SGD_l1 does not have stage
epoch:69 time:47.93208074569702
density:0.9997980320947636
F:0.3434154178825728,
 f:0.0026694912010542596,
 penaltyvalue:0.34074592668151854,
 accuracy:0.7692307692307693
SGD_l1 does not have stage
epoch:70 time:48.18731474876404
density:0.9994375537747364
F:0.3444309683277396,
 f:0.003686986897685906,
 penaltyvalue:0.3407439814300537,
 accuracy:0.7660256410256411
SGD_l1 does not have stage
epoch:71 time:46.00499653816223
density:0.9995235308241791
F:0.344950718751456,
 f:0.004208695985342762,
 penaltyvalue:0.34074202276611326,
 accuracy:0.7788461538461539
SGD_l1 does not have stage
epoch:72 time:47.20999312400818
density:0.9997583263301119
F:0.34426640385290425,
 f:0.003526339765990198,
 penaltyvalue:0.34074006408691404,
 accuracy:0.7724358974358975
SGD_l1 does not have stage
epoch:73 time:39.0281138420105
density:0.9994907032234828
F:0.3435498023889346,
 f:0.002811696752337966,
 penaltyvalue:0.3407381056365967,
 accuracy:0.7772435897435898
SGD_l1 does not have stage
epoch:74 time:41.19128346443176
density:0.9991367904235948
F:0.34244285026440313,
 f:0.001706711027952956,
 penaltyvalue:0.3407361392364502,
 accuracy:0.7724358974358975
SGD_l1 does not have stage
epoch:75 time:42.167542695999146
density:0.9993387583288312
F:0.342841407872066,
 f:0.0021072108505816177,
 penaltyvalue:0.3407341970214844,
 accuracy:0.7724358974358975
SGD_l1 does not have stage
epoch:76 time:46.27223038673401
density:0.9992424640334554
F:0.3465784440560272,
 f:0.005846215021603446,
 penaltyvalue:0.3407322290344238,
 accuracy:0.7708333333333334
SGD_l1 does not have stage
epoch:77 time:48.09509634971619
density:0.9993049927966865
F:0.3445256758719375,
 f:0.0037953991232803318,
 penaltyvalue:0.3407302767486572,
 accuracy:0.7708333333333334
SGD_l1 does not have stage
epoch:78 time:47.260998010635376
density:0.999277792784681
F:0.34418335592660043,
 f:0.0034550223542127484,
 penaltyvalue:0.3407283335723877,
 accuracy:0.7676282051282052
SGD_l1 does not have stage
epoch:79 time:46.934279680252075
density:0.9993728365047923
F:0.34627750416067904,
 f:0.005551116144931988,
 penaltyvalue:0.34072638801574706,
 accuracy:0.7644230769230769
SGD_l1 does not have stage
epoch:80 time:46.18776512145996
density:0.999054565099946
F:0.3429850117258992,
 f:0.002260572394844508,
 penaltyvalue:0.3407244393310547,
 accuracy:0.7708333333333334
SGD_l1 does not have stage
epoch:81 time:46.183849573135376
density:0.9992709146207255
F:0.34407571210399696,
 f:0.003353213980828026,
 penaltyvalue:0.3407224981231689,
 accuracy:0.7692307692307693
SGD_l1 does not have stage
epoch:82 time:45.331610918045044
density:0.9993734617924245
F:0.34290682690909813,
 f:0.0021862865953774352,
 penaltyvalue:0.3407205403137207,
 accuracy:0.7724358974358975
SGD_l1 does not have stage
epoch:83 time:49.42419219017029
density:0.9993687721351822
F:0.34600573499942366,
 f:0.005287129744296757,
 penaltyvalue:0.3407186052551269,
 accuracy:0.7644230769230769
SGD_l1 does not have stage
epoch:84 time:47.1376531124115
density:0.9991968180362967
F:0.34320166530290075,
 f:0.002485008656172218,
 penaltyvalue:0.3407166566467285,
 accuracy:0.7708333333333334
SGD_l1 does not have stage
epoch:85 time:47.02277874946594
density:0.9990086064589712
F:0.3430519944318243,
 f:0.0023372839673467707,
 penaltyvalue:0.34071471046447754,
 accuracy:0.7756410256410257
SGD_l1 does not have stage
epoch:86 time:48.12250590324402
density:0.9996723492806691
F:0.3428430681702062,
 f:0.0021303026062413685,
 penaltyvalue:0.34071276556396485,
 accuracy:0.7724358974358975
SGD_l1 does not have stage
epoch:87 time:48.07188534736633
density:0.9995663630269924
F:0.34263161170630396,
 f:0.0019208014951223825,
 penaltyvalue:0.3407108102111816,
 accuracy:0.7612179487179487
SGD_l1 does not have stage
epoch:88 time:48.39252471923828
density:0.9987244132300859
F:0.34262707028632217,
 f:0.001918216206122008,
 penaltyvalue:0.3407088540802002,
 accuracy:0.7676282051282052
SGD_l1 does not have stage
epoch:89 time:45.635491371154785
density:0.9998962022530364
F:0.3438047926919216,
 f:0.003097876126980182,
 penaltyvalue:0.3407069165649414,
 accuracy:0.7644230769230769
SGD_l1 does not have stage
epoch:90 time:47.4134681224823
density:0.9994825744842628
F:0.346131379654697,
 f:0.005426427170566124,
 penaltyvalue:0.34070495248413085,
 accuracy:0.7724358974358975
SGD_l1 does not have stage
epoch:91 time:48.51447868347168
density:0.999159300778358
F:0.3429450185132532,
 f:0.002240115879586239,
 penaltyvalue:0.340704902633667,
 accuracy:0.7692307692307693
SGD_l1 does not have stage
epoch:92 time:48.22968864440918
density:0.9993944089281069
F:0.3429998352629451,
 f:0.0022949791533259174,
 penaltyvalue:0.34070485610961915,
 accuracy:0.7708333333333334
SGD_l1 does not have stage
epoch:93 time:47.19728899002075
density:0.9994513101026472
F:0.3435569782236746,
 f:0.002852160093181471,
 penaltyvalue:0.34070481813049314,
 accuracy:0.7612179487179487
SGD_l1 does not have stage
epoch:94 time:48.30624508857727
density:0.9991636777917842
F:0.34455733233723507,
 f:0.003852557190750703,
 penaltyvalue:0.34070477514648434,
 accuracy:0.7708333333333334
SGD_l1 does not have stage
epoch:95 time:47.32676672935486
density:0.9996576550213098
F:0.34525510819831806,
 f:0.004550380659255586,
 penaltyvalue:0.3407047275390625,
 accuracy:0.7724358974358975
SGD_l1 does not have stage
epoch:96 time:48.58289813995361
density:0.9994275491726194
F:0.34313910186794977,
 f:0.0024344134371636844,
 penaltyvalue:0.3407046884307861,
 accuracy:0.7660256410256411
SGD_l1 does not have stage
epoch:97 time:46.81171917915344
density:0.9993425100546252
F:0.3435749354403384,
 f:0.002870293564117718,
 penaltyvalue:0.3407046418762207,
 accuracy:0.7692307692307693
SGD_l1 does not have stage
epoch:98 time:49.0428102016449
density:0.9994897652920344
F:0.3446849142532644,
 f:0.003980319160491046,
 penaltyvalue:0.3407045950927734,
 accuracy:0.7644230769230769
SGD_l1 does not have stage
epoch:99 time:49.65265774726868
density:0.9988350891410048
F:0.3428034582606576,
 f:0.0020989016352914182,
 penaltyvalue:0.3407045566253662,
 accuracy:0.7724358974358975
SGD_l1 does not have stage
epoch:100 time:45.53103184700012
density:0.9995141515096945
F:0.3444950854725487,
 f:0.003790576485121941,
 penaltyvalue:0.34070450898742677,
 accuracy:0.7660256410256411
SGD_l1 does not have stage
epoch:101 time:46.612600803375244
density:0.9993062433719511
F:0.34411097057522066,
 f:0.003406498376734373,
 penaltyvalue:0.3407044721984863,
 accuracy:0.7740384615384616
SGD_l1 does not have stage
epoch:102 time:44.71164870262146
density:0.9987788132540969
F:0.34282558135011326,
 f:0.0021211637323154363,
 penaltyvalue:0.34070441761779785,
 accuracy:0.7692307692307693
SGD_l1 does not have stage
epoch:103 time:46.75942397117615
density:0.999289985893511
F:0.34323620803978067,
 f:0.0025318307509623102,
 penaltyvalue:0.34070437728881836,
 accuracy:0.7628205128205128
SGD_l1 does not have stage
epoch:104 time:47.441232681274414
density:0.9997070527442624
F:0.34248866322546406,
 f:0.0017843195364992247,
 penaltyvalue:0.34070434368896485,
 accuracy:0.7644230769230769
SGD_l1 does not have stage
epoch:105 time:44.98857641220093
density:0.9992921744002241
F:0.3444940970114524,
 f:0.0037898033255393186,
 penaltyvalue:0.3407042936859131,
 accuracy:0.7740384615384616
SGD_l1 does not have stage
epoch:106 time:47.80729961395264
density:0.9992871720991656
F:0.3428952026196895,
 f:0.0021909448224483284,
 penaltyvalue:0.3407042577972412,
 accuracy:0.7692307692307693
SGD_l1 does not have stage
epoch:107 time:48.0938081741333
density:0.9992493421974108
F:0.35071047483740203,
 f:0.010006259581664713,
 penaltyvalue:0.3407042152557373,
 accuracy:0.7660256410256411
SGD_l1 does not have stage
epoch:108 time:44.32002401351929
density:0.9996210756948196
F:0.34336880436186984,
 f:0.0026646322122116277,
 penaltyvalue:0.3407041721496582,
 accuracy:0.7708333333333334
SGD_l1 does not have stage
epoch:109 time:45.650694847106934
density:0.9994103537627309
F:0.3425720104107961,
 f:0.0018678878522023741,
 penaltyvalue:0.3407041225585937,
 accuracy:0.7692307692307693
SGD_l1 does not have stage
epoch:110 time:49.19233703613281
density:0.9989998524321188
F:0.3460438747144191,
 f:0.005339795795962124,
 penaltyvalue:0.340704078918457,
 accuracy:0.7660256410256411
SGD_l1 does not have stage
epoch:111 time:46.59889197349548
density:0.9995601101506693
F:0.34338874501859945,
 f:0.002684704537032081,
 penaltyvalue:0.3407040404815674,
 accuracy:0.7724358974358975
SGD_l1 does not have stage
epoch:112 time:46.88640069961548
density:0.9990370570462412
F:0.345587697515927,
 f:0.004883701315365459,
 penaltyvalue:0.3407039962005615,
 accuracy:0.7788461538461539
SGD_l1 does not have stage
epoch:113 time:48.64927840232849
density:0.9995963768333433
F:0.3429935938394999,
 f:0.0022896413858866363,
 penaltyvalue:0.3407039524536133,
 accuracy:0.7644230769230769
SGD_l1 does not have stage
epoch:114 time:43.374956369400024
density:0.9988344638533726
F:0.34511063020067156,
 f:0.0044067137883181074,
 penaltyvalue:0.3407039164123535,
 accuracy:0.7644230769230769
SGD_l1 does not have stage
epoch:115 time:47.63102960586548
density:0.9995094618524522
F:0.34271117205739754,
 f:0.002007307906396596,
 penaltyvalue:0.34070386415100096,
 accuracy:0.7692307692307693
SGD_l1 does not have stage
epoch:116 time:47.960140228271484
density:0.9993203123436781
F:0.34291873648451554,
 f:0.002214915363299774,
 penaltyvalue:0.3407038211212158,
 accuracy:0.7692307692307693
SGD_l1 does not have stage
epoch:117 time:46.72270584106445
density:0.9992327720751546
F:0.34413910644748974,
 f:0.003435333513529835,
 penaltyvalue:0.3407037729339599,
 accuracy:0.7724358974358975
SGD_l1 does not have stage
epoch:118 time:50.09751558303833
density:0.9993021790023411
F:0.3433616071093335,
 f:0.002657874382282721,
 penaltyvalue:0.3407037327270508,
 accuracy:0.7708333333333334
SGD_l1 does not have stage
epoch:119 time:47.32909536361694
density:0.9997417562078557
F:0.34250074329097074,
 f:0.001797052983353596,
 penaltyvalue:0.34070369030761716,
 accuracy:0.7724358974358975
SGD_l1 does not have stage
epoch:120 time:44.238041162490845
density:0.9989404501070492
F:0.3437730105545639,
 f:0.0030693666947006087,
 penaltyvalue:0.3407036438598633,
 accuracy:0.7660256410256411
SGD_l1 does not have stage
epoch:121 time:43.798404932022095
density:0.9998946390339556
F:0.3425001861941066,
 f:0.0017965421053615014,
 penaltyvalue:0.3407036440887451,
 accuracy:0.7692307692307693
SGD_l1 does not have stage
epoch:122 time:47.904359340667725
density:0.9993137468235388
F:0.3429843286216451,
 f:0.002280684044618705,
 penaltyvalue:0.34070364457702634,
 accuracy:0.7644230769230769
SGD_l1 does not have stage
epoch:123 time:43.14320659637451
density:0.9990964593713108
F:0.34261909260877943,
 f:0.001915447558730659,
 penaltyvalue:0.3407036450500488,
 accuracy:0.7612179487179487
SGD_l1 does not have stage
epoch:124 time:44.69770932197571
density:0.9987659948576345
F:0.3425200807975659,
 f:0.001816433657062944,
 penaltyvalue:0.34070364714050294,
 accuracy:0.7644230769230769
SGD_l1 does not have stage
epoch:125 time:47.15338063240051
density:0.9996851676771314
F:0.3436585540761036,
 f:0.0029549090107959673,
 penaltyvalue:0.3407036450653076,
 accuracy:0.7692307692307693
SGD_l1 does not have stage
epoch:126 time:46.888015031814575
density:0.9990342432518958
F:0.34280562107405166,
 f:0.0021019809831092817,
 penaltyvalue:0.3407036400909424,
 accuracy:0.7692307692307693
SGD_l1 does not have stage
epoch:127 time:47.33332014083862
density:0.9996151354623126
F:0.3443423621748365,
 f:0.003638722648469322,
 penaltyvalue:0.3407036395263672,
 accuracy:0.7740384615384616
SGD_l1 does not have stage
epoch:128 time:48.611722469329834
density:0.9997361286191648
F:0.3440224419446435,
 f:0.0033188015790429058,
 penaltyvalue:0.3407036403656006,
 accuracy:0.7788461538461539
SGD_l1 does not have stage
epoch:129 time:46.687020778656006
density:0.9992465284030654
F:0.3431449022143125,
 f:0.002441261085772478,
 penaltyvalue:0.34070364112854,
 accuracy:0.7724358974358975
SGD_l1 does not have stage
epoch:130 time:49.29865264892578
density:0.9992405881705585
F:0.34535254148985084,
 f:0.0046489009258859765,
 penaltyvalue:0.34070364056396485,
 accuracy:0.7692307692307693
SGD_l1 does not have stage
epoch:131 time:47.471723794937134
density:0.9997758343838166
F:0.343286622317874,
 f:0.0025829807315703207,
 penaltyvalue:0.3407036415863037,
 accuracy:0.7676282051282052
SGD_l1 does not have stage
epoch:132 time:48.412882804870605
density:0.998758804049863
F:0.3426597754172322,
 f:0.001956138866328884,
 penaltyvalue:0.3407036365509033,
 accuracy:0.7644230769230769
SGD_l1 does not have stage
epoch:133 time:48.48784613609314
density:0.999137103067411
F:0.3429766614187557,
 f:0.0022730186727840636,
 penaltyvalue:0.34070364274597165,
 accuracy:0.7612179487179487
SGD_l1 does not have stage
epoch:134 time:46.62012839317322
density:0.9993115583168257
F:0.34264478509747176,
 f:0.0019411464866318899,
 penaltyvalue:0.34070363861083985,
 accuracy:0.7676282051282052
SGD_l1 does not have stage
epoch:135 time:47.92944025993347
density:0.9988385282229826
F:0.34390645585559126,
 f:0.0032028186180424398,
 penaltyvalue:0.3407036372375488,
 accuracy:0.7756410256410257
SGD_l1 does not have stage
epoch:136 time:48.239436626434326
density:0.9991349145606979
F:0.34236278996417635,
 f:0.0016591548323404135,
 penaltyvalue:0.34070363513183594,
 accuracy:0.7708333333333334
SGD_l1 does not have stage
epoch:137 time:47.003384590148926
density:0.9992812318666586
F:0.3425669745137238,
 f:0.0018633348347687321,
 penaltyvalue:0.34070363967895506,
 accuracy:0.7612179487179487
SGD_l1 does not have stage
epoch:138 time:46.44450354576111
density:0.9990492501550713
F:0.3449446642173031,
 f:0.004241024706194677,
 penaltyvalue:0.3407036395111084,
 accuracy:0.7708333333333334
SGD_l1 does not have stage
epoch:139 time:47.27375292778015
density:0.9990470616483582
F:0.34315339992531424,
 f:0.002449766792379683,
 penaltyvalue:0.34070363313293456,
 accuracy:0.7708333333333334
SGD_l1 does not have stage
epoch:140 time:46.08160948753357
density:0.9992434019649039
F:0.34265381730699657,
 f:0.0019501827092182527,
 penaltyvalue:0.3407036345977783,
 accuracy:0.7676282051282052
SGD_l1 does not have stage
epoch:141 time:46.588353633880615
density:0.9990736363727315
F:0.3444065872314924,
 f:0.003702954541062709,
 penaltyvalue:0.3407036326904297,
 accuracy:0.7740384615384616
SGD_l1 does not have stage
epoch:142 time:47.58028793334961
density:0.9994753836764911
F:0.3437498997549023,
 f:0.0030462641805614823,
 penaltyvalue:0.3407036355743408,
 accuracy:0.7692307692307693
SGD_l1 does not have stage
epoch:143 time:47.117984771728516
density:0.999050500730336
F:0.3427052568861379,
 f:0.0020016212812795234,
 penaltyvalue:0.3407036356048584,
 accuracy:0.7724358974358975
SGD_l1 does not have stage
epoch:144 time:47.55507445335388
density:0.999591687176101
F:0.343726158163619,
 f:0.0030225227266073044,
 penaltyvalue:0.3407036354370117,
 accuracy:0.7628205128205128
SGD_l1 does not have stage
epoch:145 time:47.834420680999756
density:0.9990201742801689
F:0.34344798505029145,
 f:0.002744348911375443,
 penaltyvalue:0.340703636138916,
 accuracy:0.7596153846153846
SGD_l1 does not have stage
epoch:146 time:44.437700271606445
density:0.9997742711647358
F:0.34316163239979425,
 f:0.0024579954063860565,
 penaltyvalue:0.34070363699340817,
 accuracy:0.7628205128205128
SGD_l1 does not have stage
epoch:147 time:47.233683347702026
density:0.9986912729855734
F:0.34294430505469475,
 f:0.0022406719522777853,
 penaltyvalue:0.34070363310241697,
 accuracy:0.7740384615384616
SGD_l1 does not have stage
epoch:148 time:48.137580156326294
density:0.9993940962842908
F:0.3429304875699939,
 f:0.0022268525449695383,
 penaltyvalue:0.3407036350250244,
 accuracy:0.7676282051282052
SGD_l1 does not have stage
epoch:149 time:46.359816789627075
density:0.9998965148968526
F:0.34246038624522485,
 f:0.0017567510523538038,
 penaltyvalue:0.34070363519287106,
 accuracy:0.7724358974358975
SGD_l1 does not have stage
epoch:150 time:46.739116191864014
density:0.999569489465154
F:0.34342152770502715,
 f:0.002717893717600396,
 penaltyvalue:0.34070363398742676,
 accuracy:0.7692307692307693
SGD_l1 does not have stage
epoch:151 time:48.327638149261475
density:0.9995044595513937
F:0.3434503652804311,
 f:0.0027467290652211664,
 penaltyvalue:0.34070363621520994,
 accuracy:0.7644230769230769
SGD_l1 does not have stage
epoch:152 time:47.78336834907532
density:0.9994656917181903
F:0.34257621669873706,
 f:0.0018725785456609164,
 penaltyvalue:0.34070363815307614,
 accuracy:0.7692307692307693
SGD_l1 does not have stage
epoch:153 time:46.93518352508545
density:0.9994866388538728
F:0.343668542851769,
 f:0.0029649049123158543,
 penaltyvalue:0.34070363793945313,
 accuracy:0.7660256410256411
SGD_l1 does not have stage
epoch:154 time:39.82657718658447
density:0.9994453698701402
F:0.34377822920969187,
 f:0.003074591239721219,
 penaltyvalue:0.34070363796997066,
 accuracy:0.7612179487179487
SGD_l1 does not have stage
epoch:155 time:45.233458042144775
density:0.9990020409388318
F:0.3438267677841929,
 f:0.0031231317978647607,
 penaltyvalue:0.34070363598632813,
 accuracy:0.7756410256410257
SGD_l1 does not have stage
epoch:156 time:48.11187720298767
density:0.9997058021689977
F:0.3433487199737265,
 f:0.0026450840026571803,
 penaltyvalue:0.34070363597106934,
 accuracy:0.7692307692307693
SGD_l1 does not have stage
epoch:157 time:47.949185609817505
density:0.9993675215599176
F:0.3450637182715967,
 f:0.004360080377919963,
 penaltyvalue:0.34070363789367675,
 accuracy:0.7724358974358975
SGD_l1 does not have stage
epoch:158 time:48.853103160858154
density:0.998863539728275
F:0.34398904126846397,
 f:0.003285405312653449,
 penaltyvalue:0.34070363595581055,
 accuracy:0.7724358974358975
SGD_l1 does not have stage
epoch:159 time:47.21066904067993
density:0.999569489465154
F:0.3429409959763382,
 f:0.0022373602188919192,
 penaltyvalue:0.3407036357574463,
 accuracy:0.7692307692307693
SGD_l1 does not have stage
epoch:160 time:47.93171834945679
density:0.9993778388058507
F:0.34367247003431917,
 f:0.0029688323237478916,
 penaltyvalue:0.34070363771057127,
 accuracy:0.7772435897435898
SGD_l1 does not have stage
epoch:161 time:46.32188272476196
density:0.9991299122596394
F:0.3436775274679847,
 f:0.002973889757413417,
 penaltyvalue:0.34070363771057127,
 accuracy:0.7708333333333334
SGD_l1 does not have stage
epoch:162 time:48.862529039382935
density:0.9987941328010885
F:0.34333193443182675,
 f:0.002628298643862874,
 penaltyvalue:0.34070363578796387,
 accuracy:0.7644230769230769
SGD_l1 does not have stage
epoch:163 time:46.16120934486389
density:0.9996420228305021
F:0.34403690508733,
 f:0.0033332674377938598,
 penaltyvalue:0.3407036376495361,
 accuracy:0.7644230769230769
SGD_l1 does not have stage
epoch:164 time:47.6566424369812
density:0.9993453238489706
F:0.342855258065922,
 f:0.002151622400028495,
 penaltyvalue:0.3407036356658935,
 accuracy:0.7708333333333334
SGD_l1 does not have stage
epoch:165 time:47.57683777809143
density:0.9990248639374112
F:0.3435779106091433,
 f:0.0028742747906618186,
 penaltyvalue:0.34070363581848145,
 accuracy:0.7644230769230769
SGD_l1 does not have stage
epoch:166 time:47.65567231178284
density:0.9988747949056566
F:0.3429193288333154,
 f:0.0022156931369042977,
 penaltyvalue:0.3407036356964111,
 accuracy:0.7756410256410257
SGD_l1 does not have stage
epoch:167 time:46.71900224685669
density:0.9997508228785241
F:0.34221986957768463,
 f:0.0015162341559317146,
 penaltyvalue:0.3407036354217529,
 accuracy:0.7724358974358975
SGD_l1 does not have stage
epoch:168 time:47.51161170005798
density:0.9997311263181063
F:0.34261451001161286,
 f:0.0019108761462564693,
 penaltyvalue:0.3407036338653564,
 accuracy:0.7692307692307693
SGD_l1 does not have stage
epoch:169 time:48.00975275039673
density:0.999284045661004
F:0.34263569704082397,
 f:0.001932063175467547,
 penaltyvalue:0.3407036338653564,
 accuracy:0.7772435897435898
SGD_l1 does not have stage
epoch:170 time:49.11565804481506
density:0.9992565330051824
F:0.34261589834736106,
 f:0.0019122625746559806,
 penaltyvalue:0.34070363577270507,
 accuracy:0.7692307692307693
SGD_l1 does not have stage
epoch:171 time:49.452661991119385
density:0.9989401374632331
F:0.3430504828036855,
 f:0.002346845001561522,
 penaltyvalue:0.340703637802124,
 accuracy:0.7708333333333334
SGD_l1 does not have stage
epoch:172 time:46.83423662185669
density:0.9995266572623407
F:0.3427394088600769,
 f:0.002035774933685344,
 penaltyvalue:0.3407036339263916,
 accuracy:0.7612179487179487
SGD_l1 does not have stage
epoch:173 time:46.57918953895569
density:0.9996857929647638
F:0.343591154084503,
 f:0.0028875174878233273,
 penaltyvalue:0.3407036365966797,
 accuracy:0.7676282051282052
SGD_l1 does not have stage
epoch:174 time:46.76837658882141
density:0.9988200822378294
F:0.34519289117029917,
 f:0.004489255641734727,
 penaltyvalue:0.3407036355285644,
 accuracy:0.7772435897435898
SGD_l1 does not have stage
epoch:175 time:48.632715702056885
density:0.9992859215239009
F:0.342744208888813,
 f:0.0020405731161079574,
 penaltyvalue:0.34070363577270507,
 accuracy:0.7612179487179487
SGD_l1 does not have stage
epoch:176 time:49.157026529312134
density:0.9994756963203073
F:0.3432771766498925,
 f:0.0025735408771873974,
 penaltyvalue:0.34070363577270507,
 accuracy:0.7692307692307693
SGD_l1 does not have stage
epoch:177 time:45.83321499824524
density:0.9996535906516998
F:0.34430226718483586,
 f:0.0035986294132293907,
 penaltyvalue:0.34070363777160645,
 accuracy:0.7724358974358975
SGD_l1 does not have stage
epoch:178 time:49.59736394882202
density:0.999346261780419
F:0.343374757337969,
 f:0.0026711211837941737,
 penaltyvalue:0.3407036361541748,
 accuracy:0.7724358974358975
SGD_l1 does not have stage
epoch:179 time:45.60539627075195
density:0.9998790068431479
F:0.3434181747027157,
 f:0.002714536824297705,
 penaltyvalue:0.34070363787841795,
 accuracy:0.7708333333333334
SGD_l1 does not have stage
epoch:180 time:49.38637852668762
density:0.9990742616603637
F:0.34357358340227556,
 f:0.002869947476982616,
 penaltyvalue:0.34070363592529296,
 accuracy:0.7724358974358975
SGD_l1 does not have stage
epoch:181 time:47.964171171188354
density:0.9993212502751265
F:0.3431239598297266,
 f:0.0024203239349512066,
 penaltyvalue:0.34070363589477537,
 accuracy:0.7724358974358975
SGD_l1 does not have stage
epoch:182 time:47.996734619140625
density:0.9991764961882466
F:0.3435275086271258,
 f:0.0028238727018327974,
 penaltyvalue:0.34070363592529296,
 accuracy:0.7756410256410257
SGD_l1 does not have stage
epoch:183 time:48.037888526916504
density:0.9993137468235388
F:0.34262314792764703,
 f:0.001919512002354079,
 penaltyvalue:0.34070363592529296,
 accuracy:0.7692307692307693
SGD_l1 does not have stage
epoch:184 time:46.406323194503784
density:0.9993653330532045
F:0.34357205013009695,
 f:0.0028684139606633746,
 penaltyvalue:0.34070363616943355,
 accuracy:0.7708333333333334
SGD_l1 does not have stage
epoch:185 time:47.11166453361511
density:0.9988119534986094
F:0.3433474441834998,
 f:0.0026438080140662084,
 penaltyvalue:0.34070363616943355,
 accuracy:0.7692307692307693
SGD_l1 does not have stage
epoch:186 time:46.33544683456421
density:0.9990858294815615
F:0.34636152603973563,
 f:0.00565788987030207,
 penaltyvalue:0.34070363616943355,
 accuracy:0.7612179487179487
SGD_l1 does not have stage
epoch:187 time:47.12412738800049
density:0.9993697100666307
F:0.3429286811435914,
 f:0.002225044730017189,
 penaltyvalue:0.3407036364135742,
 accuracy:0.7724358974358975
SGD_l1 does not have stage
epoch:188 time:47.11350893974304
density:0.9991883766532605
F:0.345195234888816,
 f:0.004491598475241761,
 penaltyvalue:0.3407036364135742,
 accuracy:0.7708333333333334
SGD_l1 does not have stage
epoch:189 time:44.39009428024292
density:0.9990642570582468
F:0.34380031286504625,
 f:0.003096676451472066,
 penaltyvalue:0.3407036364135742,
 accuracy:0.7692307692307693
SGD_l1 does not have stage
epoch:190 time:47.961511850357056
density:0.999483199771895
F:0.3437982377832302,
 f:0.0030946013696559866,
 penaltyvalue:0.3407036364135742,
 accuracy:0.7708333333333334
SGD_l1 does not have stage
epoch:191 time:46.703986167907715
density:0.9994700687316166
F:0.3442520243712429,
 f:0.0035483879576687044,
 penaltyvalue:0.3407036364135742,
 accuracy:0.7708333333333334
SGD_l1 does not have stage
epoch:192 time:48.1898090839386
density:0.999605756147828
F:0.34283438266303795,
 f:0.0021307464936043976,
 penaltyvalue:0.34070363616943355,
 accuracy:0.7580128205128205
SGD_l1 does not have stage
epoch:193 time:46.31199836730957
density:0.9994078526122017
F:0.34301300701004356,
 f:0.0023093708406100276,
 penaltyvalue:0.34070363616943355,
 accuracy:0.7708333333333334
SGD_l1 does not have stage
epoch:194 time:45.98350167274475
density:0.9998477424615323
F:0.3443515064251075,
 f:0.00364787025567394,
 penaltyvalue:0.34070363616943355,
 accuracy:0.7724358974358975
SGD_l1 does not have stage
epoch:195 time:44.55590510368347
density:0.9994797606899174
F:0.3450375627130951,
 f:0.0043339265436615525,
 penaltyvalue:0.34070363616943355,
 accuracy:0.7644230769230769
SGD_l1 does not have stage
epoch:196 time:46.316511392593384
density:0.999499144606519
F:0.34299280893675815,
 f:0.002289172553701508,
 penaltyvalue:0.3407036363830566,
 accuracy:0.7692307692307693
SGD_l1 does not have stage
epoch:197 time:44.61018443107605
density:0.9988869880144866
F:0.3442433192622258,
 f:0.003539682848651598,
 penaltyvalue:0.3407036364135742,
 accuracy:0.7676282051282052
SGD_l1 does not have stage
epoch:198 time:48.084590435028076
density:0.9992534065670208
F:0.34284442941671633,
 f:0.0021407930336597306,
 penaltyvalue:0.3407036363830566,
 accuracy:0.7772435897435898
SGD_l1 does not have stage
epoch:199 time:42.556663513183594
density:0.9990811398243192
F:0.3468070120136572,
 f:0.006103375600083027,
 penaltyvalue:0.3407036364135742,
 accuracy:0.7660256410256411
SGD_l1 does not have stage
epoch:200 time:45.201233863830566
density:0.9997924045060728
F:0.3428444467732411,
 f:0.0021408103596668965,
 penaltyvalue:0.3407036364135742,
 accuracy:0.7676282051282052
SGD_l1 does not have stage


PS:

Read file <SGD78605.err> for stderr output of this job.

